Copyright 1986-2019 Xilinx, Inc. All Rights Reserved.
-----------------------------------------------------------------------------------------------------------------------------------------------------------------------------------------------
| Tool Version : Vivado v.2019.1 (win64) Build 2552052 Fri May 24 14:49:42 MDT 2019
| Date         : Tue Oct 22 15:28:29 2019
| Host         : Q1926 running 64-bit Service Pack 1  (build 7601)
| Command      : report_methodology -file raifes_fpga_wrapper_methodology_drc_routed.rpt -pb raifes_fpga_wrapper_methodology_drc_routed.pb -rpx raifes_fpga_wrapper_methodology_drc_routed.rpx
| Design       : raifes_fpga_wrapper
| Device       : xc7a200tsbg484-1
| Speed File   : -1
| Design State : Fully Routed
-----------------------------------------------------------------------------------------------------------------------------------------------------------------------------------------------

Report Methodology

Table of Contents
-----------------
1. REPORT SUMMARY
2. REPORT DETAILS

1. REPORT SUMMARY
-----------------
            Netlist: netlist
          Floorplan: design_1
      Design limits: <entire design considered>
             Max violations: <unlimited>
             Violations found: 210
+-----------+------------------+------------------------------+------------+
| Rule      | Severity         | Description                  | Violations |
+-----------+------------------+------------------------------+------------+
| TIMING-17 | Critical Warning | Non-clocked sequential cell  | 166        |
| LUTAR-1   | Warning          | LUT drives async reset alert | 1          |
| SYNTH-10  | Warning          | Wide multiplier              | 4          |
| TIMING-20 | Warning          | Non-clocked latch            | 39         |
+-----------+------------------+------------------------------+------------+

2. REPORT DETAILS
-----------------
TIMING-17#1 Critical Warning
Non-clocked sequential cell  
The clock pin thecore/dtm/DMI_reg[0]/C is not reached by a timing clock
Related violations: <none>

TIMING-17#2 Critical Warning
Non-clocked sequential cell  
The clock pin thecore/dtm/DMI_reg[10]/C is not reached by a timing clock
Related violations: <none>

TIMING-17#3 Critical Warning
Non-clocked sequential cell  
The clock pin thecore/dtm/DMI_reg[11]/C is not reached by a timing clock
Related violations: <none>

TIMING-17#4 Critical Warning
Non-clocked sequential cell  
The clock pin thecore/dtm/DMI_reg[12]/C is not reached by a timing clock
Related violations: <none>

TIMING-17#5 Critical Warning
Non-clocked sequential cell  
The clock pin thecore/dtm/DMI_reg[13]/C is not reached by a timing clock
Related violations: <none>

TIMING-17#6 Critical Warning
Non-clocked sequential cell  
The clock pin thecore/dtm/DMI_reg[14]/C is not reached by a timing clock
Related violations: <none>

TIMING-17#7 Critical Warning
Non-clocked sequential cell  
The clock pin thecore/dtm/DMI_reg[15]/C is not reached by a timing clock
Related violations: <none>

TIMING-17#8 Critical Warning
Non-clocked sequential cell  
The clock pin thecore/dtm/DMI_reg[16]/C is not reached by a timing clock
Related violations: <none>

TIMING-17#9 Critical Warning
Non-clocked sequential cell  
The clock pin thecore/dtm/DMI_reg[17]/C is not reached by a timing clock
Related violations: <none>

TIMING-17#10 Critical Warning
Non-clocked sequential cell  
The clock pin thecore/dtm/DMI_reg[18]/C is not reached by a timing clock
Related violations: <none>

TIMING-17#11 Critical Warning
Non-clocked sequential cell  
The clock pin thecore/dtm/DMI_reg[19]/C is not reached by a timing clock
Related violations: <none>

TIMING-17#12 Critical Warning
Non-clocked sequential cell  
The clock pin thecore/dtm/DMI_reg[1]/C is not reached by a timing clock
Related violations: <none>

TIMING-17#13 Critical Warning
Non-clocked sequential cell  
The clock pin thecore/dtm/DMI_reg[20]/C is not reached by a timing clock
Related violations: <none>

TIMING-17#14 Critical Warning
Non-clocked sequential cell  
The clock pin thecore/dtm/DMI_reg[21]/C is not reached by a timing clock
Related violations: <none>

TIMING-17#15 Critical Warning
Non-clocked sequential cell  
The clock pin thecore/dtm/DMI_reg[22]/C is not reached by a timing clock
Related violations: <none>

TIMING-17#16 Critical Warning
Non-clocked sequential cell  
The clock pin thecore/dtm/DMI_reg[23]/C is not reached by a timing clock
Related violations: <none>

TIMING-17#17 Critical Warning
Non-clocked sequential cell  
The clock pin thecore/dtm/DMI_reg[24]/C is not reached by a timing clock
Related violations: <none>

TIMING-17#18 Critical Warning
Non-clocked sequential cell  
The clock pin thecore/dtm/DMI_reg[25]/C is not reached by a timing clock
Related violations: <none>

TIMING-17#19 Critical Warning
Non-clocked sequential cell  
The clock pin thecore/dtm/DMI_reg[26]/C is not reached by a timing clock
Related violations: <none>

TIMING-17#20 Critical Warning
Non-clocked sequential cell  
The clock pin thecore/dtm/DMI_reg[27]/C is not reached by a timing clock
Related violations: <none>

TIMING-17#21 Critical Warning
Non-clocked sequential cell  
The clock pin thecore/dtm/DMI_reg[28]/C is not reached by a timing clock
Related violations: <none>

TIMING-17#22 Critical Warning
Non-clocked sequential cell  
The clock pin thecore/dtm/DMI_reg[29]/C is not reached by a timing clock
Related violations: <none>

TIMING-17#23 Critical Warning
Non-clocked sequential cell  
The clock pin thecore/dtm/DMI_reg[2]/C is not reached by a timing clock
Related violations: <none>

TIMING-17#24 Critical Warning
Non-clocked sequential cell  
The clock pin thecore/dtm/DMI_reg[30]/C is not reached by a timing clock
Related violations: <none>

TIMING-17#25 Critical Warning
Non-clocked sequential cell  
The clock pin thecore/dtm/DMI_reg[31]/C is not reached by a timing clock
Related violations: <none>

TIMING-17#26 Critical Warning
Non-clocked sequential cell  
The clock pin thecore/dtm/DMI_reg[32]/C is not reached by a timing clock
Related violations: <none>

TIMING-17#27 Critical Warning
Non-clocked sequential cell  
The clock pin thecore/dtm/DMI_reg[33]/C is not reached by a timing clock
Related violations: <none>

TIMING-17#28 Critical Warning
Non-clocked sequential cell  
The clock pin thecore/dtm/DMI_reg[34]/C is not reached by a timing clock
Related violations: <none>

TIMING-17#29 Critical Warning
Non-clocked sequential cell  
The clock pin thecore/dtm/DMI_reg[35]/C is not reached by a timing clock
Related violations: <none>

TIMING-17#30 Critical Warning
Non-clocked sequential cell  
The clock pin thecore/dtm/DMI_reg[36]/C is not reached by a timing clock
Related violations: <none>

TIMING-17#31 Critical Warning
Non-clocked sequential cell  
The clock pin thecore/dtm/DMI_reg[37]/C is not reached by a timing clock
Related violations: <none>

TIMING-17#32 Critical Warning
Non-clocked sequential cell  
The clock pin thecore/dtm/DMI_reg[38]/C is not reached by a timing clock
Related violations: <none>

TIMING-17#33 Critical Warning
Non-clocked sequential cell  
The clock pin thecore/dtm/DMI_reg[39]/C is not reached by a timing clock
Related violations: <none>

TIMING-17#34 Critical Warning
Non-clocked sequential cell  
The clock pin thecore/dtm/DMI_reg[3]/C is not reached by a timing clock
Related violations: <none>

TIMING-17#35 Critical Warning
Non-clocked sequential cell  
The clock pin thecore/dtm/DMI_reg[40]/C is not reached by a timing clock
Related violations: <none>

TIMING-17#36 Critical Warning
Non-clocked sequential cell  
The clock pin thecore/dtm/DMI_reg[4]/C is not reached by a timing clock
Related violations: <none>

TIMING-17#37 Critical Warning
Non-clocked sequential cell  
The clock pin thecore/dtm/DMI_reg[5]/C is not reached by a timing clock
Related violations: <none>

TIMING-17#38 Critical Warning
Non-clocked sequential cell  
The clock pin thecore/dtm/DMI_reg[6]/C is not reached by a timing clock
Related violations: <none>

TIMING-17#39 Critical Warning
Non-clocked sequential cell  
The clock pin thecore/dtm/DMI_reg[7]/C is not reached by a timing clock
Related violations: <none>

TIMING-17#40 Critical Warning
Non-clocked sequential cell  
The clock pin thecore/dtm/DMI_reg[8]/C is not reached by a timing clock
Related violations: <none>

TIMING-17#41 Critical Warning
Non-clocked sequential cell  
The clock pin thecore/dtm/DMI_reg[9]/C is not reached by a timing clock
Related violations: <none>

TIMING-17#42 Critical Warning
Non-clocked sequential cell  
The clock pin thecore/dtm/DTM_reg[0]/C is not reached by a timing clock
Related violations: <none>

TIMING-17#43 Critical Warning
Non-clocked sequential cell  
The clock pin thecore/dtm/DTM_reg[13]/C is not reached by a timing clock
Related violations: <none>

TIMING-17#44 Critical Warning
Non-clocked sequential cell  
The clock pin thecore/dtm/DTM_reg[14]/C is not reached by a timing clock
Related violations: <none>

TIMING-17#45 Critical Warning
Non-clocked sequential cell  
The clock pin thecore/dtm/DTM_reg[15]_thecore_dtm_DTM_reg_r_28/C is not reached by a timing clock
Related violations: <none>

TIMING-17#46 Critical Warning
Non-clocked sequential cell  
The clock pin thecore/dtm/DTM_reg[16]_srl16___thecore_dtm_DTM_reg_r_27/CLK is not reached by a timing clock
Related violations: <none>

TIMING-17#47 Critical Warning
Non-clocked sequential cell  
The clock pin thecore/dtm/DTM_reg[1]/C is not reached by a timing clock
Related violations: <none>

TIMING-17#48 Critical Warning
Non-clocked sequential cell  
The clock pin thecore/dtm/DTM_reg[2]/C is not reached by a timing clock
Related violations: <none>

TIMING-17#49 Critical Warning
Non-clocked sequential cell  
The clock pin thecore/dtm/DTM_reg[3]/C is not reached by a timing clock
Related violations: <none>

TIMING-17#50 Critical Warning
Non-clocked sequential cell  
The clock pin thecore/dtm/DTM_reg[4]/C is not reached by a timing clock
Related violations: <none>

TIMING-17#51 Critical Warning
Non-clocked sequential cell  
The clock pin thecore/dtm/DTM_reg[5]/C is not reached by a timing clock
Related violations: <none>

TIMING-17#52 Critical Warning
Non-clocked sequential cell  
The clock pin thecore/dtm/DTM_reg[6]/C is not reached by a timing clock
Related violations: <none>

TIMING-17#53 Critical Warning
Non-clocked sequential cell  
The clock pin thecore/dtm/DTM_reg[7]/C is not reached by a timing clock
Related violations: <none>

TIMING-17#54 Critical Warning
Non-clocked sequential cell  
The clock pin thecore/dtm/DTM_reg[8]_thecore_dtm_DTM_reg_r_16/C is not reached by a timing clock
Related violations: <none>

TIMING-17#55 Critical Warning
Non-clocked sequential cell  
The clock pin thecore/dtm/DTM_reg[9]_srl4___thecore_dtm_DTM_reg_r_15/CLK is not reached by a timing clock
Related violations: <none>

TIMING-17#56 Critical Warning
Non-clocked sequential cell  
The clock pin thecore/dtm/DTM_reg_r/C is not reached by a timing clock
Related violations: <none>

TIMING-17#57 Critical Warning
Non-clocked sequential cell  
The clock pin thecore/dtm/DTM_reg_r_13/C is not reached by a timing clock
Related violations: <none>

TIMING-17#58 Critical Warning
Non-clocked sequential cell  
The clock pin thecore/dtm/DTM_reg_r_14/C is not reached by a timing clock
Related violations: <none>

TIMING-17#59 Critical Warning
Non-clocked sequential cell  
The clock pin thecore/dtm/DTM_reg_r_15/C is not reached by a timing clock
Related violations: <none>

TIMING-17#60 Critical Warning
Non-clocked sequential cell  
The clock pin thecore/dtm/DTM_reg_r_16/C is not reached by a timing clock
Related violations: <none>

TIMING-17#61 Critical Warning
Non-clocked sequential cell  
The clock pin thecore/dtm/DTM_reg_r_17/C is not reached by a timing clock
Related violations: <none>

TIMING-17#62 Critical Warning
Non-clocked sequential cell  
The clock pin thecore/dtm/DTM_reg_r_18/C is not reached by a timing clock
Related violations: <none>

TIMING-17#63 Critical Warning
Non-clocked sequential cell  
The clock pin thecore/dtm/DTM_reg_r_19/C is not reached by a timing clock
Related violations: <none>

TIMING-17#64 Critical Warning
Non-clocked sequential cell  
The clock pin thecore/dtm/DTM_reg_r_20/C is not reached by a timing clock
Related violations: <none>

TIMING-17#65 Critical Warning
Non-clocked sequential cell  
The clock pin thecore/dtm/DTM_reg_r_21/C is not reached by a timing clock
Related violations: <none>

TIMING-17#66 Critical Warning
Non-clocked sequential cell  
The clock pin thecore/dtm/DTM_reg_r_22/C is not reached by a timing clock
Related violations: <none>

TIMING-17#67 Critical Warning
Non-clocked sequential cell  
The clock pin thecore/dtm/DTM_reg_r_23/C is not reached by a timing clock
Related violations: <none>

TIMING-17#68 Critical Warning
Non-clocked sequential cell  
The clock pin thecore/dtm/DTM_reg_r_24/C is not reached by a timing clock
Related violations: <none>

TIMING-17#69 Critical Warning
Non-clocked sequential cell  
The clock pin thecore/dtm/DTM_reg_r_25/C is not reached by a timing clock
Related violations: <none>

TIMING-17#70 Critical Warning
Non-clocked sequential cell  
The clock pin thecore/dtm/DTM_reg_r_26/C is not reached by a timing clock
Related violations: <none>

TIMING-17#71 Critical Warning
Non-clocked sequential cell  
The clock pin thecore/dtm/DTM_reg_r_27/C is not reached by a timing clock
Related violations: <none>

TIMING-17#72 Critical Warning
Non-clocked sequential cell  
The clock pin thecore/dtm/DTM_reg_r_28/C is not reached by a timing clock
Related violations: <none>

TIMING-17#73 Critical Warning
Non-clocked sequential cell  
The clock pin thecore/dtm/FSM_onehot_state_reg[0]/C is not reached by a timing clock
Related violations: <none>

TIMING-17#74 Critical Warning
Non-clocked sequential cell  
The clock pin thecore/dtm/FSM_onehot_state_reg[10]/C is not reached by a timing clock
Related violations: <none>

TIMING-17#75 Critical Warning
Non-clocked sequential cell  
The clock pin thecore/dtm/FSM_onehot_state_reg[11]/C is not reached by a timing clock
Related violations: <none>

TIMING-17#76 Critical Warning
Non-clocked sequential cell  
The clock pin thecore/dtm/FSM_onehot_state_reg[12]/C is not reached by a timing clock
Related violations: <none>

TIMING-17#77 Critical Warning
Non-clocked sequential cell  
The clock pin thecore/dtm/FSM_onehot_state_reg[13]/C is not reached by a timing clock
Related violations: <none>

TIMING-17#78 Critical Warning
Non-clocked sequential cell  
The clock pin thecore/dtm/FSM_onehot_state_reg[14]/C is not reached by a timing clock
Related violations: <none>

TIMING-17#79 Critical Warning
Non-clocked sequential cell  
The clock pin thecore/dtm/FSM_onehot_state_reg[15]/C is not reached by a timing clock
Related violations: <none>

TIMING-17#80 Critical Warning
Non-clocked sequential cell  
The clock pin thecore/dtm/FSM_onehot_state_reg[1]/C is not reached by a timing clock
Related violations: <none>

TIMING-17#81 Critical Warning
Non-clocked sequential cell  
The clock pin thecore/dtm/FSM_onehot_state_reg[2]/C is not reached by a timing clock
Related violations: <none>

TIMING-17#82 Critical Warning
Non-clocked sequential cell  
The clock pin thecore/dtm/FSM_onehot_state_reg[3]/C is not reached by a timing clock
Related violations: <none>

TIMING-17#83 Critical Warning
Non-clocked sequential cell  
The clock pin thecore/dtm/FSM_onehot_state_reg[4]/C is not reached by a timing clock
Related violations: <none>

TIMING-17#84 Critical Warning
Non-clocked sequential cell  
The clock pin thecore/dtm/FSM_onehot_state_reg[5]/C is not reached by a timing clock
Related violations: <none>

TIMING-17#85 Critical Warning
Non-clocked sequential cell  
The clock pin thecore/dtm/FSM_onehot_state_reg[6]/C is not reached by a timing clock
Related violations: <none>

TIMING-17#86 Critical Warning
Non-clocked sequential cell  
The clock pin thecore/dtm/FSM_onehot_state_reg[7]/C is not reached by a timing clock
Related violations: <none>

TIMING-17#87 Critical Warning
Non-clocked sequential cell  
The clock pin thecore/dtm/FSM_onehot_state_reg[8]/C is not reached by a timing clock
Related violations: <none>

TIMING-17#88 Critical Warning
Non-clocked sequential cell  
The clock pin thecore/dtm/FSM_onehot_state_reg[9]/C is not reached by a timing clock
Related violations: <none>

TIMING-17#89 Critical Warning
Non-clocked sequential cell  
The clock pin thecore/dtm/IDCODE_reg[0]/C is not reached by a timing clock
Related violations: <none>

TIMING-17#90 Critical Warning
Non-clocked sequential cell  
The clock pin thecore/dtm/IDCODE_reg[12]/C is not reached by a timing clock
Related violations: <none>

TIMING-17#91 Critical Warning
Non-clocked sequential cell  
The clock pin thecore/dtm/IDCODE_reg[13]/C is not reached by a timing clock
Related violations: <none>

TIMING-17#92 Critical Warning
Non-clocked sequential cell  
The clock pin thecore/dtm/IDCODE_reg[14]_thecore_dtm_IDCODE_reg_r_12/C is not reached by a timing clock
Related violations: <none>

TIMING-17#93 Critical Warning
Non-clocked sequential cell  
The clock pin thecore/dtm/IDCODE_reg[15]_srl13___thecore_dtm_IDCODE_reg_r_11/CLK is not reached by a timing clock
Related violations: <none>

TIMING-17#94 Critical Warning
Non-clocked sequential cell  
The clock pin thecore/dtm/IDCODE_reg[1]/C is not reached by a timing clock
Related violations: <none>

TIMING-17#95 Critical Warning
Non-clocked sequential cell  
The clock pin thecore/dtm/IDCODE_reg[28]/C is not reached by a timing clock
Related violations: <none>

TIMING-17#96 Critical Warning
Non-clocked sequential cell  
The clock pin thecore/dtm/IDCODE_reg[29]/C is not reached by a timing clock
Related violations: <none>

TIMING-17#97 Critical Warning
Non-clocked sequential cell  
The clock pin thecore/dtm/IDCODE_reg[2]_thecore_dtm_IDCODE_reg_r_8/C is not reached by a timing clock
Related violations: <none>

TIMING-17#98 Critical Warning
Non-clocked sequential cell  
The clock pin thecore/dtm/IDCODE_reg[30]/C is not reached by a timing clock
Related violations: <none>

TIMING-17#99 Critical Warning
Non-clocked sequential cell  
The clock pin thecore/dtm/IDCODE_reg[31]/C is not reached by a timing clock
Related violations: <none>

TIMING-17#100 Critical Warning
Non-clocked sequential cell  
The clock pin thecore/dtm/IDCODE_reg[3]_srl9___thecore_dtm_IDCODE_reg_r_7/CLK is not reached by a timing clock
Related violations: <none>

TIMING-17#101 Critical Warning
Non-clocked sequential cell  
The clock pin thecore/dtm/IDCODE_reg_r/C is not reached by a timing clock
Related violations: <none>

TIMING-17#102 Critical Warning
Non-clocked sequential cell  
The clock pin thecore/dtm/IDCODE_reg_r_0/C is not reached by a timing clock
Related violations: <none>

TIMING-17#103 Critical Warning
Non-clocked sequential cell  
The clock pin thecore/dtm/IDCODE_reg_r_1/C is not reached by a timing clock
Related violations: <none>

TIMING-17#104 Critical Warning
Non-clocked sequential cell  
The clock pin thecore/dtm/IDCODE_reg_r_10/C is not reached by a timing clock
Related violations: <none>

TIMING-17#105 Critical Warning
Non-clocked sequential cell  
The clock pin thecore/dtm/IDCODE_reg_r_11/C is not reached by a timing clock
Related violations: <none>

TIMING-17#106 Critical Warning
Non-clocked sequential cell  
The clock pin thecore/dtm/IDCODE_reg_r_12/C is not reached by a timing clock
Related violations: <none>

TIMING-17#107 Critical Warning
Non-clocked sequential cell  
The clock pin thecore/dtm/IDCODE_reg_r_2/C is not reached by a timing clock
Related violations: <none>

TIMING-17#108 Critical Warning
Non-clocked sequential cell  
The clock pin thecore/dtm/IDCODE_reg_r_3/C is not reached by a timing clock
Related violations: <none>

TIMING-17#109 Critical Warning
Non-clocked sequential cell  
The clock pin thecore/dtm/IDCODE_reg_r_4/C is not reached by a timing clock
Related violations: <none>

TIMING-17#110 Critical Warning
Non-clocked sequential cell  
The clock pin thecore/dtm/IDCODE_reg_r_5/C is not reached by a timing clock
Related violations: <none>

TIMING-17#111 Critical Warning
Non-clocked sequential cell  
The clock pin thecore/dtm/IDCODE_reg_r_6/C is not reached by a timing clock
Related violations: <none>

TIMING-17#112 Critical Warning
Non-clocked sequential cell  
The clock pin thecore/dtm/IDCODE_reg_r_7/C is not reached by a timing clock
Related violations: <none>

TIMING-17#113 Critical Warning
Non-clocked sequential cell  
The clock pin thecore/dtm/IDCODE_reg_r_8/C is not reached by a timing clock
Related violations: <none>

TIMING-17#114 Critical Warning
Non-clocked sequential cell  
The clock pin thecore/dtm/IDCODE_reg_r_9/C is not reached by a timing clock
Related violations: <none>

TIMING-17#115 Critical Warning
Non-clocked sequential cell  
The clock pin thecore/dtm/IR_reg[0]/C is not reached by a timing clock
Related violations: <none>

TIMING-17#116 Critical Warning
Non-clocked sequential cell  
The clock pin thecore/dtm/IR_reg[1]/C is not reached by a timing clock
Related violations: <none>

TIMING-17#117 Critical Warning
Non-clocked sequential cell  
The clock pin thecore/dtm/IR_reg[2]/C is not reached by a timing clock
Related violations: <none>

TIMING-17#118 Critical Warning
Non-clocked sequential cell  
The clock pin thecore/dtm/IR_reg[3]/C is not reached by a timing clock
Related violations: <none>

TIMING-17#119 Critical Warning
Non-clocked sequential cell  
The clock pin thecore/dtm/IR_reg[4]/C is not reached by a timing clock
Related violations: <none>

TIMING-17#120 Critical Warning
Non-clocked sequential cell  
The clock pin thecore/dtm/IR_shift_reg[0]/C is not reached by a timing clock
Related violations: <none>

TIMING-17#121 Critical Warning
Non-clocked sequential cell  
The clock pin thecore/dtm/IR_shift_reg[1]/C is not reached by a timing clock
Related violations: <none>

TIMING-17#122 Critical Warning
Non-clocked sequential cell  
The clock pin thecore/dtm/IR_shift_reg[2]/C is not reached by a timing clock
Related violations: <none>

TIMING-17#123 Critical Warning
Non-clocked sequential cell  
The clock pin thecore/dtm/IR_shift_reg[3]/C is not reached by a timing clock
Related violations: <none>

TIMING-17#124 Critical Warning
Non-clocked sequential cell  
The clock pin thecore/dtm/IR_shift_reg[4]/C is not reached by a timing clock
Related violations: <none>

TIMING-17#125 Critical Warning
Non-clocked sequential cell  
The clock pin thecore/dtm/dmi_addr_reg[0]/C is not reached by a timing clock
Related violations: <none>

TIMING-17#126 Critical Warning
Non-clocked sequential cell  
The clock pin thecore/dtm/dmi_addr_reg[1]/C is not reached by a timing clock
Related violations: <none>

TIMING-17#127 Critical Warning
Non-clocked sequential cell  
The clock pin thecore/dtm/dmi_addr_reg[2]/C is not reached by a timing clock
Related violations: <none>

TIMING-17#128 Critical Warning
Non-clocked sequential cell  
The clock pin thecore/dtm/dmi_addr_reg[3]/C is not reached by a timing clock
Related violations: <none>

TIMING-17#129 Critical Warning
Non-clocked sequential cell  
The clock pin thecore/dtm/dmi_addr_reg[4]/C is not reached by a timing clock
Related violations: <none>

TIMING-17#130 Critical Warning
Non-clocked sequential cell  
The clock pin thecore/dtm/dmi_addr_reg[5]/C is not reached by a timing clock
Related violations: <none>

TIMING-17#131 Critical Warning
Non-clocked sequential cell  
The clock pin thecore/dtm/dmi_addr_reg[6]/C is not reached by a timing clock
Related violations: <none>

TIMING-17#132 Critical Warning
Non-clocked sequential cell  
The clock pin thecore/dtm/dmi_en_reg/C is not reached by a timing clock
Related violations: <none>

TIMING-17#133 Critical Warning
Non-clocked sequential cell  
The clock pin thecore/dtm/dmi_wdata_reg[0]/C is not reached by a timing clock
Related violations: <none>

TIMING-17#134 Critical Warning
Non-clocked sequential cell  
The clock pin thecore/dtm/dmi_wdata_reg[10]/C is not reached by a timing clock
Related violations: <none>

TIMING-17#135 Critical Warning
Non-clocked sequential cell  
The clock pin thecore/dtm/dmi_wdata_reg[11]/C is not reached by a timing clock
Related violations: <none>

TIMING-17#136 Critical Warning
Non-clocked sequential cell  
The clock pin thecore/dtm/dmi_wdata_reg[12]/C is not reached by a timing clock
Related violations: <none>

TIMING-17#137 Critical Warning
Non-clocked sequential cell  
The clock pin thecore/dtm/dmi_wdata_reg[13]/C is not reached by a timing clock
Related violations: <none>

TIMING-17#138 Critical Warning
Non-clocked sequential cell  
The clock pin thecore/dtm/dmi_wdata_reg[14]/C is not reached by a timing clock
Related violations: <none>

TIMING-17#139 Critical Warning
Non-clocked sequential cell  
The clock pin thecore/dtm/dmi_wdata_reg[15]/C is not reached by a timing clock
Related violations: <none>

TIMING-17#140 Critical Warning
Non-clocked sequential cell  
The clock pin thecore/dtm/dmi_wdata_reg[16]/C is not reached by a timing clock
Related violations: <none>

TIMING-17#141 Critical Warning
Non-clocked sequential cell  
The clock pin thecore/dtm/dmi_wdata_reg[17]/C is not reached by a timing clock
Related violations: <none>

TIMING-17#142 Critical Warning
Non-clocked sequential cell  
The clock pin thecore/dtm/dmi_wdata_reg[18]/C is not reached by a timing clock
Related violations: <none>

TIMING-17#143 Critical Warning
Non-clocked sequential cell  
The clock pin thecore/dtm/dmi_wdata_reg[19]/C is not reached by a timing clock
Related violations: <none>

TIMING-17#144 Critical Warning
Non-clocked sequential cell  
The clock pin thecore/dtm/dmi_wdata_reg[1]/C is not reached by a timing clock
Related violations: <none>

TIMING-17#145 Critical Warning
Non-clocked sequential cell  
The clock pin thecore/dtm/dmi_wdata_reg[20]/C is not reached by a timing clock
Related violations: <none>

TIMING-17#146 Critical Warning
Non-clocked sequential cell  
The clock pin thecore/dtm/dmi_wdata_reg[21]/C is not reached by a timing clock
Related violations: <none>

TIMING-17#147 Critical Warning
Non-clocked sequential cell  
The clock pin thecore/dtm/dmi_wdata_reg[22]/C is not reached by a timing clock
Related violations: <none>

TIMING-17#148 Critical Warning
Non-clocked sequential cell  
The clock pin thecore/dtm/dmi_wdata_reg[23]/C is not reached by a timing clock
Related violations: <none>

TIMING-17#149 Critical Warning
Non-clocked sequential cell  
The clock pin thecore/dtm/dmi_wdata_reg[24]/C is not reached by a timing clock
Related violations: <none>

TIMING-17#150 Critical Warning
Non-clocked sequential cell  
The clock pin thecore/dtm/dmi_wdata_reg[25]/C is not reached by a timing clock
Related violations: <none>

TIMING-17#151 Critical Warning
Non-clocked sequential cell  
The clock pin thecore/dtm/dmi_wdata_reg[26]/C is not reached by a timing clock
Related violations: <none>

TIMING-17#152 Critical Warning
Non-clocked sequential cell  
The clock pin thecore/dtm/dmi_wdata_reg[27]/C is not reached by a timing clock
Related violations: <none>

TIMING-17#153 Critical Warning
Non-clocked sequential cell  
The clock pin thecore/dtm/dmi_wdata_reg[28]/C is not reached by a timing clock
Related violations: <none>

TIMING-17#154 Critical Warning
Non-clocked sequential cell  
The clock pin thecore/dtm/dmi_wdata_reg[29]/C is not reached by a timing clock
Related violations: <none>

TIMING-17#155 Critical Warning
Non-clocked sequential cell  
The clock pin thecore/dtm/dmi_wdata_reg[2]/C is not reached by a timing clock
Related violations: <none>

TIMING-17#156 Critical Warning
Non-clocked sequential cell  
The clock pin thecore/dtm/dmi_wdata_reg[30]/C is not reached by a timing clock
Related violations: <none>

TIMING-17#157 Critical Warning
Non-clocked sequential cell  
The clock pin thecore/dtm/dmi_wdata_reg[31]/C is not reached by a timing clock
Related violations: <none>

TIMING-17#158 Critical Warning
Non-clocked sequential cell  
The clock pin thecore/dtm/dmi_wdata_reg[3]/C is not reached by a timing clock
Related violations: <none>

TIMING-17#159 Critical Warning
Non-clocked sequential cell  
The clock pin thecore/dtm/dmi_wdata_reg[4]/C is not reached by a timing clock
Related violations: <none>

TIMING-17#160 Critical Warning
Non-clocked sequential cell  
The clock pin thecore/dtm/dmi_wdata_reg[5]/C is not reached by a timing clock
Related violations: <none>

TIMING-17#161 Critical Warning
Non-clocked sequential cell  
The clock pin thecore/dtm/dmi_wdata_reg[6]/C is not reached by a timing clock
Related violations: <none>

TIMING-17#162 Critical Warning
Non-clocked sequential cell  
The clock pin thecore/dtm/dmi_wdata_reg[7]/C is not reached by a timing clock
Related violations: <none>

TIMING-17#163 Critical Warning
Non-clocked sequential cell  
The clock pin thecore/dtm/dmi_wdata_reg[8]/C is not reached by a timing clock
Related violations: <none>

TIMING-17#164 Critical Warning
Non-clocked sequential cell  
The clock pin thecore/dtm/dmi_wdata_reg[9]/C is not reached by a timing clock
Related violations: <none>

TIMING-17#165 Critical Warning
Non-clocked sequential cell  
The clock pin thecore/dtm/dmi_wen_reg/C is not reached by a timing clock
Related violations: <none>

TIMING-17#166 Critical Warning
Non-clocked sequential cell  
The clock pin thecore/dtm/tdo_r_reg/C is not reached by a timing clock
Related violations: <none>

LUTAR-1#1 Warning
LUT drives async reset alert  
LUT cell thecore/raifes/pipeline/csr/PC_DX[31]_i_1, with 2 or more inputs, drives asynchronous preset/clear pin(s) thecore/raifes/rcpi/FSM_sequential_state_reg/CLR, thecore/raifes/rcpi/r_rcpi_rd_reg[14]/CLR, thecore/raifes/rcpi/r_rcpi_rd_reg[17]/CLR, thecore/raifes/rcpi/r_rcpi_rd_reg[20]/CLR, thecore/raifes/rcpi/r_rcpi_rd_reg[22]/CLR, thecore/raifes/rcpi/r_rcpi_rd_reg[24]/CLR, thecore/raifes/rcpi/r_rcpi_rd_reg[29]/CLR, thecore/raifes/rcpi/r_rcpi_rd_reg[4]/CLR, thecore/raifes/rcpi/r_rcpi_rd_reg[8]/CLR, thecore/raifes/rcpi/r_rcpi_rd_reg[0]/PRE, thecore/raifes/rcpi/r_rcpi_rd_reg[10]/PRE, thecore/raifes/rcpi/r_rcpi_rd_reg[11]/PRE, thecore/raifes/rcpi/r_rcpi_rd_reg[12]/PRE, thecore/raifes/rcpi/r_rcpi_rd_reg[13]/PRE, thecore/raifes/rcpi/r_rcpi_rd_reg[15]/PRE (the first 15 of 33 listed). The LUT may glitch and trigger an unexpected reset, even if it is a properly timed path.
Related violations: <none>

SYNTH-10#1 Warning
Wide multiplier  
Detected multiplier at thecore/raifes/cop/cop_malu/result_mul of size 16x18, it is decomposed from a wide multipler into 4 DSP blocks.
Related violations: <none>

SYNTH-10#2 Warning
Wide multiplier  
Detected multiplier at thecore/raifes/cop/cop_malu/result_mul__0 of size 16x16, it is decomposed from a wide multipler into 4 DSP blocks.
Related violations: <none>

SYNTH-10#3 Warning
Wide multiplier  
Detected multiplier at thecore/raifes/cop/cop_malu/result_mul__1 of size 18x18, it is decomposed from a wide multipler into 4 DSP blocks.
Related violations: <none>

SYNTH-10#4 Warning
Wide multiplier  
Detected multiplier at thecore/raifes/cop/cop_malu/result_mul__2 of size 18x16, it is decomposed from a wide multipler into 4 DSP blocks.
Related violations: <none>

TIMING-20#1 Warning
Non-clocked latch  
The latch thecore/raifes/mul_div/div_sign_reg cannot be properly analyzed as its control pin thecore/raifes/mul_div/div_sign_reg/G is not reached by a timing clock
Related violations: <none>

TIMING-20#2 Warning
Non-clocked latch  
The latch thecore/raifes/mul_div/next_div_state_reg[0] cannot be properly analyzed as its control pin thecore/raifes/mul_div/next_div_state_reg[0]/G is not reached by a timing clock
Related violations: <none>

TIMING-20#3 Warning
Non-clocked latch  
The latch thecore/raifes/mul_div/next_div_state_reg[1] cannot be properly analyzed as its control pin thecore/raifes/mul_div/next_div_state_reg[1]/G is not reached by a timing clock
Related violations: <none>

TIMING-20#4 Warning
Non-clocked latch  
The latch thecore/raifes/mul_div/next_div_state_reg[2] cannot be properly analyzed as its control pin thecore/raifes/mul_div/next_div_state_reg[2]/G is not reached by a timing clock
Related violations: <none>

TIMING-20#5 Warning
Non-clocked latch  
The latch thecore/raifes/mul_div/next_mul_state_reg[0] cannot be properly analyzed as its control pin thecore/raifes/mul_div/next_mul_state_reg[0]/G is not reached by a timing clock
Related violations: <none>

TIMING-20#6 Warning
Non-clocked latch  
The latch thecore/raifes/mul_div/next_mul_state_reg[1] cannot be properly analyzed as its control pin thecore/raifes/mul_div/next_mul_state_reg[1]/G is not reached by a timing clock
Related violations: <none>

TIMING-20#7 Warning
Non-clocked latch  
The latch thecore/raifes/mul_div/next_mul_state_reg[2] cannot be properly analyzed as its control pin thecore/raifes/mul_div/next_mul_state_reg[2]/G is not reached by a timing clock
Related violations: <none>

TIMING-20#8 Warning
Non-clocked latch  
The latch thecore/raifes/pipeline/dmem_addr_r_reg[0] cannot be properly analyzed as its control pin thecore/raifes/pipeline/dmem_addr_r_reg[0]/G is not reached by a timing clock
Related violations: <none>

TIMING-20#9 Warning
Non-clocked latch  
The latch thecore/raifes/pipeline/dmem_addr_r_reg[10] cannot be properly analyzed as its control pin thecore/raifes/pipeline/dmem_addr_r_reg[10]/G is not reached by a timing clock
Related violations: <none>

TIMING-20#10 Warning
Non-clocked latch  
The latch thecore/raifes/pipeline/dmem_addr_r_reg[11] cannot be properly analyzed as its control pin thecore/raifes/pipeline/dmem_addr_r_reg[11]/G is not reached by a timing clock
Related violations: <none>

TIMING-20#11 Warning
Non-clocked latch  
The latch thecore/raifes/pipeline/dmem_addr_r_reg[12] cannot be properly analyzed as its control pin thecore/raifes/pipeline/dmem_addr_r_reg[12]/G is not reached by a timing clock
Related violations: <none>

TIMING-20#12 Warning
Non-clocked latch  
The latch thecore/raifes/pipeline/dmem_addr_r_reg[13] cannot be properly analyzed as its control pin thecore/raifes/pipeline/dmem_addr_r_reg[13]/G is not reached by a timing clock
Related violations: <none>

TIMING-20#13 Warning
Non-clocked latch  
The latch thecore/raifes/pipeline/dmem_addr_r_reg[14] cannot be properly analyzed as its control pin thecore/raifes/pipeline/dmem_addr_r_reg[14]/G is not reached by a timing clock
Related violations: <none>

TIMING-20#14 Warning
Non-clocked latch  
The latch thecore/raifes/pipeline/dmem_addr_r_reg[15] cannot be properly analyzed as its control pin thecore/raifes/pipeline/dmem_addr_r_reg[15]/G is not reached by a timing clock
Related violations: <none>

TIMING-20#15 Warning
Non-clocked latch  
The latch thecore/raifes/pipeline/dmem_addr_r_reg[16] cannot be properly analyzed as its control pin thecore/raifes/pipeline/dmem_addr_r_reg[16]/G is not reached by a timing clock
Related violations: <none>

TIMING-20#16 Warning
Non-clocked latch  
The latch thecore/raifes/pipeline/dmem_addr_r_reg[17] cannot be properly analyzed as its control pin thecore/raifes/pipeline/dmem_addr_r_reg[17]/G is not reached by a timing clock
Related violations: <none>

TIMING-20#17 Warning
Non-clocked latch  
The latch thecore/raifes/pipeline/dmem_addr_r_reg[18] cannot be properly analyzed as its control pin thecore/raifes/pipeline/dmem_addr_r_reg[18]/G is not reached by a timing clock
Related violations: <none>

TIMING-20#18 Warning
Non-clocked latch  
The latch thecore/raifes/pipeline/dmem_addr_r_reg[19] cannot be properly analyzed as its control pin thecore/raifes/pipeline/dmem_addr_r_reg[19]/G is not reached by a timing clock
Related violations: <none>

TIMING-20#19 Warning
Non-clocked latch  
The latch thecore/raifes/pipeline/dmem_addr_r_reg[1] cannot be properly analyzed as its control pin thecore/raifes/pipeline/dmem_addr_r_reg[1]/G is not reached by a timing clock
Related violations: <none>

TIMING-20#20 Warning
Non-clocked latch  
The latch thecore/raifes/pipeline/dmem_addr_r_reg[20] cannot be properly analyzed as its control pin thecore/raifes/pipeline/dmem_addr_r_reg[20]/G is not reached by a timing clock
Related violations: <none>

TIMING-20#21 Warning
Non-clocked latch  
The latch thecore/raifes/pipeline/dmem_addr_r_reg[21] cannot be properly analyzed as its control pin thecore/raifes/pipeline/dmem_addr_r_reg[21]/G is not reached by a timing clock
Related violations: <none>

TIMING-20#22 Warning
Non-clocked latch  
The latch thecore/raifes/pipeline/dmem_addr_r_reg[22] cannot be properly analyzed as its control pin thecore/raifes/pipeline/dmem_addr_r_reg[22]/G is not reached by a timing clock
Related violations: <none>

TIMING-20#23 Warning
Non-clocked latch  
The latch thecore/raifes/pipeline/dmem_addr_r_reg[23] cannot be properly analyzed as its control pin thecore/raifes/pipeline/dmem_addr_r_reg[23]/G is not reached by a timing clock
Related violations: <none>

TIMING-20#24 Warning
Non-clocked latch  
The latch thecore/raifes/pipeline/dmem_addr_r_reg[24] cannot be properly analyzed as its control pin thecore/raifes/pipeline/dmem_addr_r_reg[24]/G is not reached by a timing clock
Related violations: <none>

TIMING-20#25 Warning
Non-clocked latch  
The latch thecore/raifes/pipeline/dmem_addr_r_reg[25] cannot be properly analyzed as its control pin thecore/raifes/pipeline/dmem_addr_r_reg[25]/G is not reached by a timing clock
Related violations: <none>

TIMING-20#26 Warning
Non-clocked latch  
The latch thecore/raifes/pipeline/dmem_addr_r_reg[26] cannot be properly analyzed as its control pin thecore/raifes/pipeline/dmem_addr_r_reg[26]/G is not reached by a timing clock
Related violations: <none>

TIMING-20#27 Warning
Non-clocked latch  
The latch thecore/raifes/pipeline/dmem_addr_r_reg[27] cannot be properly analyzed as its control pin thecore/raifes/pipeline/dmem_addr_r_reg[27]/G is not reached by a timing clock
Related violations: <none>

TIMING-20#28 Warning
Non-clocked latch  
The latch thecore/raifes/pipeline/dmem_addr_r_reg[28] cannot be properly analyzed as its control pin thecore/raifes/pipeline/dmem_addr_r_reg[28]/G is not reached by a timing clock
Related violations: <none>

TIMING-20#29 Warning
Non-clocked latch  
The latch thecore/raifes/pipeline/dmem_addr_r_reg[29] cannot be properly analyzed as its control pin thecore/raifes/pipeline/dmem_addr_r_reg[29]/G is not reached by a timing clock
Related violations: <none>

TIMING-20#30 Warning
Non-clocked latch  
The latch thecore/raifes/pipeline/dmem_addr_r_reg[2] cannot be properly analyzed as its control pin thecore/raifes/pipeline/dmem_addr_r_reg[2]/G is not reached by a timing clock
Related violations: <none>

TIMING-20#31 Warning
Non-clocked latch  
The latch thecore/raifes/pipeline/dmem_addr_r_reg[30] cannot be properly analyzed as its control pin thecore/raifes/pipeline/dmem_addr_r_reg[30]/G is not reached by a timing clock
Related violations: <none>

TIMING-20#32 Warning
Non-clocked latch  
The latch thecore/raifes/pipeline/dmem_addr_r_reg[31] cannot be properly analyzed as its control pin thecore/raifes/pipeline/dmem_addr_r_reg[31]/G is not reached by a timing clock
Related violations: <none>

TIMING-20#33 Warning
Non-clocked latch  
The latch thecore/raifes/pipeline/dmem_addr_r_reg[3] cannot be properly analyzed as its control pin thecore/raifes/pipeline/dmem_addr_r_reg[3]/G is not reached by a timing clock
Related violations: <none>

TIMING-20#34 Warning
Non-clocked latch  
The latch thecore/raifes/pipeline/dmem_addr_r_reg[4] cannot be properly analyzed as its control pin thecore/raifes/pipeline/dmem_addr_r_reg[4]/G is not reached by a timing clock
Related violations: <none>

TIMING-20#35 Warning
Non-clocked latch  
The latch thecore/raifes/pipeline/dmem_addr_r_reg[5] cannot be properly analyzed as its control pin thecore/raifes/pipeline/dmem_addr_r_reg[5]/G is not reached by a timing clock
Related violations: <none>

TIMING-20#36 Warning
Non-clocked latch  
The latch thecore/raifes/pipeline/dmem_addr_r_reg[6] cannot be properly analyzed as its control pin thecore/raifes/pipeline/dmem_addr_r_reg[6]/G is not reached by a timing clock
Related violations: <none>

TIMING-20#37 Warning
Non-clocked latch  
The latch thecore/raifes/pipeline/dmem_addr_r_reg[7] cannot be properly analyzed as its control pin thecore/raifes/pipeline/dmem_addr_r_reg[7]/G is not reached by a timing clock
Related violations: <none>

TIMING-20#38 Warning
Non-clocked latch  
The latch thecore/raifes/pipeline/dmem_addr_r_reg[8] cannot be properly analyzed as its control pin thecore/raifes/pipeline/dmem_addr_r_reg[8]/G is not reached by a timing clock
Related violations: <none>

TIMING-20#39 Warning
Non-clocked latch  
The latch thecore/raifes/pipeline/dmem_addr_r_reg[9] cannot be properly analyzed as its control pin thecore/raifes/pipeline/dmem_addr_r_reg[9]/G is not reached by a timing clock
Related violations: <none>


