###############################################################
#  Generated by:      Cadence Innovus 18.11-s100_1
#  OS:                Linux x86_64(Host ID sx4)
#  Generated on:      Thu Nov  8 13:38:21 2018
#  Design:            permut_sel
#  Command:           add_metal_fill -square_shape
###############################################################

Iteration name: default
Fill shape type: FILLWIRE
Layer M1 - Fill width    : 0.800um - 10.000um
Layer M1 - Fill length   : 0.800um - 10.000um
Layer M1 - Active spacing: 0.800um
Layer M1 - Gap spacing   : 0.800um
Layer M1 - Window size   : 100um X 100um
Layer M1 - Window step   : 50um X 50um
Layer M1 - Min Density   : 40%
Layer M1 - Pref Density  : 35%
Layer M1 - Max Density   : 60%
Layer M1 - Ext Density   : 35%
Layer M1 - Number of windows (total - met pref density = processed): 35 - 13 = 22
Layer M2 - Fill width    : 0.800um - 10.000um
Layer M2 - Fill length   : 0.800um - 10.000um
Layer M2 - Active spacing: 0.800um
Layer M2 - Gap spacing   : 0.800um
Layer M2 - Window size   : 100um X 100um
Layer M2 - Window step   : 50um X 50um
Layer M2 - Min Density   : 40%
Layer M2 - Pref Density  : 35%
Layer M2 - Max Density   : 60%
Layer M2 - Ext Density   : 35%
Layer M2 - Number of windows (total - met pref density = processed): 35 - 0 = 35
Layer M3 - Fill width    : 0.800um - 10.000um
Layer M3 - Fill length   : 0.800um - 10.000um
Layer M3 - Active spacing: 0.800um
Layer M3 - Gap spacing   : 0.800um
Layer M3 - Window size   : 100um X 100um
Layer M3 - Window step   : 50um X 50um
Layer M3 - Min Density   : 40%
Layer M3 - Pref Density  : 35%
Layer M3 - Max Density   : 60%
Layer M3 - Ext Density   : 35%
Layer M3 - Number of windows (total - met pref density = processed): 35 - 0 = 35
Layer M4 - Fill width    : 1.440um - 10.000um
Layer M4 - Fill length   : 1.440um - 10.000um
Layer M4 - Active spacing: 1.400um
Layer M4 - Gap spacing   : 0.800um
Layer M4 - Window size   : 100um X 100um
Layer M4 - Window step   : 50um X 50um
Layer M4 - Min Density   : 40%
Layer M4 - Pref Density  : 35%
Layer M4 - Max Density   : 60%
Layer M4 - Ext Density   : 35%
Layer M4 - Number of windows (total - met pref density = processed): 35 - 0 = 35

***************Before filling***************

Layer M1 - Number of windows under minimum density (40%): 5 out of total 35.
Layer M1 - Number of windows over maximum density  (60%): 0 out of total 35.

Layer M2 - Number of windows under minimum density (40%): 35 out of total 35.
Layer M2 - Number of windows over maximum density  (60%): 0 out of total 35.

Layer M3 - Number of windows under minimum density (40%): 35 out of total 35.
Layer M3 - Number of windows over maximum density  (60%): 0 out of total 35.

Layer M4 - Number of windows under minimum density (40%): 35 out of total 35.
Layer M4 - Number of windows over maximum density  (60%): 0 out of total 35.

***************After filling***************

Layer M1 - Number of windows under minimum density (40%): 1 out of total 35.
Layer M1 - Number of windows over maximum density  (60%): 0 out of total 35.

Layer M2 - Number of windows under minimum density (40%): 35 out of total 35.
Layer M2 - Number of windows over maximum density  (60%): 0 out of total 35.

Layer M3 - Number of windows under minimum density (40%): 33 out of total 35.
Layer M3 - Number of windows over maximum density  (60%): 0 out of total 35.

Layer M4 - Number of windows under minimum density (40%): 25 out of total 35.
Layer M4 - Number of windows over maximum density  (60%): 0 out of total 35.

