#
# A fatal error has been detected by the Java Runtime Environment:
#
#  EXCEPTION_ACCESS_VIOLATION (0xc0000005) at pc=0x000007feebe4880f, pid=2172, tid=644
#
# JRE version: Java(TM) SE Runtime Environment (9.0+11) (build 9.0.4+11)
# Java VM: Java HotSpot(TM) 64-Bit Server VM (9.0.4+11, mixed mode, tiered, compressed oops, g1 gc, windows-amd64)
# Problematic frame:
# C  [librdi_common.dll+0x17880f]
#
# No core dump will be written. Minidumps are not enabled by default on client versions of Windows
#
# If you would like to submit a bug report, please visit:
#   http://bugreport.java.com/bugreport/crash.jsp
# The crash happened outside the Java Virtual Machine in native code.
# See problematic frame for where to report the bug.
#

---------------  S U M M A R Y ------------

Command Line: -Dsun.java2d.pmoffscreen=false -Dsun.java2d.xrender=false -Dsun.java2d.d3d=false -Dsun.awt.nopixfmt=true -Dsun.java2d.dpiaware=true -Dsun.java2d.uiScale.enabled=false -Xverify:none -Dswing.aatext=true -XX:-UsePerfData -Djdk.map.althashing.threshold=512 -XX:StringTableSize=4072 --add-opens=java.base/java.nio=ALL-UNNAMED --add-opens=java.desktop/sun.swing=ALL-UNNAMED --add-opens=java.desktop/javax.swing=ALL-UNNAMED --add-opens=java.desktop/javax.swing.tree=ALL-UNNAMED --add-opens=java.desktop/javax.swing.plaf.basic=ALL-UNNAMED --add-opens=java.desktop/javax.swing.plaf.synth=ALL-UNNAMED --add-opens=java.desktop/com.sun.awt=ALL-UNNAMED -XX:NewSize=60m -XX:MaxNewSize=60m -Xms128m -Xmx3072m -Xss5m 

Host: AMD Athlon(tm) II X2 250 Processor, 2 cores, 5G,  Windows 7 , 64 bit Build 7601 (6.1.7601.24499)
Time: Wed Aug 07 12:57:02 2019 Mitteleuropäische Sommerzeit elapsed time: 10403 seconds (0d 2h 53m 23s)

---------------  T H R E A D  ---------------

Current thread (0x0000000009e52800):  JavaThread "AWT-EventQueue-0" [_thread_in_native, id=644, stack(0x0000000034190000,0x0000000034690000)]

Stack: [0x0000000034190000,0x0000000034690000],  sp=0x0000000034686eb0,  free space=5083k
Native frames: (J=compiled Java code, j=interpreted, Vv=VM code, C=native code)
C  [librdi_common.dll+0x17880f]
C  [librdi_common.dll+0x81bcd]
C  0x000007fec9309e1e
C  0x000007fec9386eaf
C  0x000007fec938e869
C  0x000007fec935f5bb
C  0x000007fec939b487
C  0x00000000211bf923

Java frames: (J=compiled Java code, j=interpreted, Vv=VM code)
J 20347  ui.views.waveform.waveformi.WVExecutive_getTooltipTextDelayed(J)Ljava/lang/String; (0 bytes) @ 0x00000000211bf8a1 [0x00000000211bf860+0x0000000000000041]
J 20342 c1 ui.views.waveform.b.a.bI(Ljava/awt/event/MouseEvent;)V (135 bytes) @ 0x000000001a2fb2a4 [0x000000001a2fac00+0x00000000000006a4]
J 30194 c1 ui.views.waveform.b.a.mouseDragged(Ljava/awt/event/MouseEvent;)V (42 bytes) @ 0x000000001b2ec014 [0x000000001b2eb9a0+0x0000000000000674]
J 30197 c2 java.awt.AWTEventMulticaster.mouseDragged(Ljava/awt/event/MouseEvent;)V java.desktop@9.0.4 (27 bytes) @ 0x0000000022350bf4 [0x0000000022350b40+0x00000000000000b4]
J 21545 c2 java.awt.Component.processMouseMotionEvent(Ljava/awt/event/MouseEvent;)V java.desktop@9.0.4 (58 bytes) @ 0x000000002181c7a8 [0x000000002181c720+0x0000000000000088]
J 30195 c1 javax.swing.Autoscroller.actionPerformed(Ljava/awt/event/ActionEvent;)V java.desktop@9.0.4 (114 bytes) @ 0x000000001b447be4 [0x000000001b446d80+0x0000000000000e64]
J 14170 c2 javax.swing.Timer.fireActionPerformed(Ljava/awt/event/ActionEvent;)V java.desktop@9.0.4 (46 bytes) @ 0x000000002118bf60 [0x000000002118be40+0x0000000000000120]
J 14169 c2 javax.swing.Timer$DoPostEvent.run()V java.desktop@9.0.4 (82 bytes) @ 0x000000002118b6e4 [0x000000002118b3e0+0x0000000000000304]
J 17333 c2 java.awt.EventQueue$3.run()Ljava/lang/Void; java.desktop@9.0.4 (60 bytes) @ 0x00000000210cd104 [0x00000000210cd000+0x0000000000000104]
J 17567 c2 java.awt.EventQueue$3.run()Ljava/lang/Object; java.desktop@9.0.4 (5 bytes) @ 0x00000000211ed154 [0x00000000211ed120+0x0000000000000034]
v  ~StubRoutines::call_stub
J 3471  java.security.AccessController.doPrivileged(Ljava/security/PrivilegedAction;Ljava/security/AccessControlContext;)Ljava/lang/Object; java.base@9.0.4 (0 bytes) @ 0x0000000020a1c846 [0x0000000020a1c7e0+0x0000000000000066]
J 12984 c2 java.awt.EventQueue.dispatchEvent(Ljava/awt/AWTEvent;)V java.desktop@9.0.4 (80 bytes) @ 0x0000000020fd7808 [0x0000000020fd72c0+0x0000000000000548]
J 12988 c2 ui.frmwork.b.d.dispatchEvent(Ljava/awt/AWTEvent;)V (34 bytes) @ 0x0000000020fda0d8 [0x0000000020fda080+0x0000000000000058]
J 30176 c1 java.awt.EventDispatchThread.pumpOneEventForFilters(I)V java.desktop@9.0.4 (218 bytes) @ 0x000000001b899d94 [0x000000001b8989c0+0x00000000000013d4]
J 23752 c2 java.awt.EventDispatchThread.pumpEventsForFilter(ILjava/awt/Conditional;Ljava/awt/EventFilter;)V java.desktop@9.0.4 (47 bytes) @ 0x0000000021b76d48 [0x0000000021b76b60+0x00000000000001e8]
j  java.awt.EventDispatchThread.pumpEventsForFilter(Ljava/awt/Conditional;Ljava/awt/EventFilter;)V+4 java.desktop@9.0.4
j  java.awt.WaitDispatchSupport$2.run()V+59 java.desktop@9.0.4
j  java.awt.WaitDispatchSupport$4.run()Ljava/lang/Void;+4 java.desktop@9.0.4
j  java.awt.WaitDispatchSupport$4.run()Ljava/lang/Object;+1 java.desktop@9.0.4
v  ~StubRoutines::call_stub
J 927  java.security.AccessController.doPrivileged(Ljava/security/PrivilegedAction;)Ljava/lang/Object; java.base@9.0.4 (0 bytes) @ 0x00000000208d46b2 [0x00000000208d4660+0x0000000000000052]
j  java.awt.WaitDispatchSupport.enter()Z+260 java.desktop@9.0.4
j  java.awt.Dialog.show()V+225 java.desktop@9.0.4
J 29014 c1 java.awt.Window.setVisible(Z)V java.desktop@9.0.4 (6 bytes) @ 0x000000001a2b7a84 [0x000000001a2b7860+0x0000000000000224]
j  java.awt.Dialog.setVisible(Z)V+2 java.desktop@9.0.4
j  ui.b.c.g.setVisible(Z)V+2
j  ui.b.c.bx.showDialog()V+64
j  ui.b.c.bE.actionPerformed(Ljava/awt/event/ActionEvent;)V+8
j  ui.b.c.bx.cHE()V+396
j  ui.views.c.s.b.a.run()V+60
j  ui.frmwork.a.dTt()Z+66
j  ui.frmwork.V.dVd()V+42
j  ui.bk.actionPerformed(Ljava/awt/event/ActionEvent;)V+25
j  javax.swing.AbstractButton.fireActionPerformed(Ljava/awt/event/ActionEvent;)V+84 java.desktop@9.0.4
j  ui.utils.o.b.B.fireActionPerformed(Ljava/awt/event/ActionEvent;)V+7
j  javax.swing.AbstractButton$Handler.actionPerformed(Ljava/awt/event/ActionEvent;)V+5 java.desktop@9.0.4
j  javax.swing.DefaultButtonModel.fireActionPerformed(Ljava/awt/event/ActionEvent;)V+34 java.desktop@9.0.4
J 27991 c1 javax.swing.DefaultButtonModel.setPressed(Z)V java.desktop@9.0.4 (125 bytes) @ 0x000000001b37b244 [0x000000001b37a380+0x0000000000000ec4]
j  javax.swing.plaf.basic.BasicButtonListener.mouseReleased(Ljava/awt/event/MouseEvent;)V+35 java.desktop@9.0.4
j  com.jidesoft.plaf.basic.BasicJideButtonListener.mouseReleased(Ljava/awt/event/MouseEvent;)V+61
J 21539 c1 java.awt.AWTEventMulticaster.mouseReleased(Ljava/awt/event/MouseEvent;)V java.desktop@9.0.4 (27 bytes) @ 0x000000001b91d50c [0x000000001b91d300+0x000000000000020c]
J 21539 c1 java.awt.AWTEventMulticaster.mouseReleased(Ljava/awt/event/MouseEvent;)V java.desktop@9.0.4 (27 bytes) @ 0x000000001b91d50c [0x000000001b91d300+0x000000000000020c]
J 21539 c1 java.awt.AWTEventMulticaster.mouseReleased(Ljava/awt/event/MouseEvent;)V java.desktop@9.0.4 (27 bytes) @ 0x000000001b91d50c [0x000000001b91d300+0x000000000000020c]
J 27678 c2 javax.swing.JComponent.processMouseEvent(Ljava/awt/event/MouseEvent;)V java.desktop@9.0.4 (27 bytes) @ 0x0000000021a1e38c [0x0000000021a1e1a0+0x00000000000001ec]
J 25721 c2 java.awt.Container.processEvent(Ljava/awt/AWTEvent;)V java.desktop@9.0.4 (22 bytes) @ 0x0000000021455ae0 [0x0000000021455980+0x0000000000000160]
J 29894 c2 java.awt.Component.dispatchEventImpl(Ljava/awt/AWTEvent;)V java.desktop@9.0.4 (739 bytes) @ 0x00000000222c4d58 [0x00000000222c4300+0x0000000000000a58]
J 21379 c2 java.awt.Container.dispatchEventImpl(Ljava/awt/AWTEvent;)V java.desktop@9.0.4 (129 bytes) @ 0x00000000217e3f38 [0x00000000217e3ee0+0x0000000000000058]
J 28366 c2 java.awt.LightweightDispatcher.retargetMouseEvent(Ljava/awt/Component;ILjava/awt/event/MouseEvent;)V java.desktop@9.0.4 (350 bytes) @ 0x00000000220994f8 [0x0000000022098f40+0x00000000000005b8]
J 28602 c2 java.awt.LightweightDispatcher.processMouseEvent(Ljava/awt/event/MouseEvent;)Z java.desktop@9.0.4 (265 bytes) @ 0x0000000022163b00 [0x0000000022163560+0x00000000000005a0]
J 21238 c2 java.awt.Window.dispatchEventImpl(Ljava/awt/AWTEvent;)V java.desktop@9.0.4 (23 bytes) @ 0x000000002179b9a8 [0x000000002179b680+0x0000000000000328]
J 17333 c2 java.awt.EventQueue$3.run()Ljava/lang/Void; java.desktop@9.0.4 (60 bytes) @ 0x00000000210cd1bc [0x00000000210cd000+0x00000000000001bc]
J 17567 c2 java.awt.EventQueue$3.run()Ljava/lang/Object; java.desktop@9.0.4 (5 bytes) @ 0x00000000211ed154 [0x00000000211ed120+0x0000000000000034]
v  ~StubRoutines::call_stub
J 3471  java.security.AccessController.doPrivileged(Ljava/security/PrivilegedAction;Ljava/security/AccessControlContext;)Ljava/lang/Object; java.base@9.0.4 (0 bytes) @ 0x0000000020a1c846 [0x0000000020a1c7e0+0x0000000000000066]
J 17211 c2 java.awt.EventQueue$4.run()Ljava/lang/Object; java.desktop@9.0.4 (5 bytes) @ 0x00000000210066b8 [0x0000000021006460+0x0000000000000258]
v  ~StubRoutines::call_stub
J 3471  java.security.AccessController.doPrivileged(Ljava/security/PrivilegedAction;Ljava/security/AccessControlContext;)Ljava/lang/Object; java.base@9.0.4 (0 bytes) @ 0x0000000020a1c846 [0x0000000020a1c7e0+0x0000000000000066]
J 12984 c2 java.awt.EventQueue.dispatchEvent(Ljava/awt/AWTEvent;)V java.desktop@9.0.4 (80 bytes) @ 0x0000000020fd7638 [0x0000000020fd72c0+0x0000000000000378]
J 12988 c2 ui.frmwork.b.d.dispatchEvent(Ljava/awt/AWTEvent;)V (34 bytes) @ 0x0000000020fda0d8 [0x0000000020fda080+0x0000000000000058]
J 30176 c1 java.awt.EventDispatchThread.pumpOneEventForFilters(I)V java.desktop@9.0.4 (218 bytes) @ 0x000000001b899d94 [0x000000001b8989c0+0x00000000000013d4]
J 21368% c2 java.awt.EventDispatchThread.pumpEventsForFilter(ILjava/awt/Conditional;Ljava/awt/EventFilter;)V java.desktop@9.0.4 (47 bytes) @ 0x00000000217e1af8 [0x00000000217e19e0+0x0000000000000118]
j  java.awt.EventDispatchThread.pumpEventsForHierarchy(ILjava/awt/Conditional;Ljava/awt/Component;)V+11 java.desktop@9.0.4
j  java.awt.EventDispatchThread.pumpEvents(ILjava/awt/Conditional;)V+4 java.desktop@9.0.4
j  java.awt.EventDispatchThread.pumpEvents(Ljava/awt/Conditional;)V+3 java.desktop@9.0.4
j  java.awt.EventDispatchThread.run()V+9 java.desktop@9.0.4
v  ~StubRoutines::call_stub

siginfo: EXCEPTION_ACCESS_VIOLATION (0xc0000005), reading address 0xffffffffffffffff


Register to memory mapping:

RIP=0x000007feebe4880f librdi_common.dll
RAX=0x0000000003d39b01 is an unknown value
RBX=0x0000000034686f70 is pointing into the stack for thread: 0x0000000009e52800
RCX=0x0000000003d39ba0 is an unknown value
RDX=0x900000856fd2f93f is an unknown value
RSP=0x0000000034686eb0 is pointing into the stack for thread: 0x0000000009e52800
RBP=0x0000000034687100 is pointing into the stack for thread: 0x0000000009e52800
RSI=0x0000000000000000 is an unknown value
RDI=0x900000856fd2f93f is an unknown value
R8 =0x000007fec95737dc is an unknown value
R9 =0x0000000000000043 is an unknown value
R10=0x000007fec95737d8 is an unknown value
R11=0x0000000034686f38 is pointing into the stack for thread: 0x0000000009e52800
R12=0x0000000000000000 is an unknown value
R13=0x0000000000000000 is an unknown value
R14=0x00000000861e7920 is an unknown value
R15=0x000000000917be58 is an unknown value


Registers:
RAX=0x0000000003d39b01, RBX=0x0000000034686f70, RCX=0x0000000003d39ba0, RDX=0x900000856fd2f93f
RSP=0x0000000034686eb0, RBP=0x0000000034687100, RSI=0x0000000000000000, RDI=0x900000856fd2f93f
R8 =0x000007fec95737dc, R9 =0x0000000000000043, R10=0x000007fec95737d8, R11=0x0000000034686f38
R12=0x0000000000000000, R13=0x0000000000000000, R14=0x00000000861e7920, R15=0x000000000917be58
RIP=0x000007feebe4880f, EFLAGS=0x0000000000010202

Top of Stack: (sp=0x0000000034686eb0)
0x0000000034686eb0:   0000000000000000 000000000000000f
0x0000000034686ec0:   000007fec96a3200 0000000034686f70
0x0000000034686ed0:   0000000000000000 fffffffffffffffe
0x0000000034686ee0:   0000000096e5f100 0000000000000000
0x0000000034686ef0:   0000000000000000 000000000000000f
0x0000000034686f00:   0000070065757200 000007fec9130000
0x0000000034686f10:   0000000000000000 000007fef43e3b49
0x0000000034686f20:   0000dc8f6b001622 0000000034687100
0x0000000034686f30:   00000000346870e8 000007feebd51bcd
0x0000000034686f40:   000000000917be58 0000000096e5f170
0x0000000034686f50:   00000000861e7920 0000000096d19000
0x0000000034686f60:   00000000861e7920 fffffffffffffffe
0x0000000034686f70:   ffffffff00000000 000007fec9308c87
0x0000000034686f80:   000000000917be58 00000000861e7920
0x0000000034686f90:   0000dc8f6b0017d2 0000000000000000
0x0000000034686fa0:   0000000000000000 000007fec9309e1e 

Instructions: (pc=0x000007feebe4880f)
0x000007feebe487ef:   6e 00 cc 48 83 f9 27 76 07 ff 15 e2 64 6e 00 cc
0x000007feebe487ff:   48 8b c8 e8 c9 b4 5a 00 48 8b c3 e9 1c 01 00 00
0x000007feebe4880f:   48 8b 4f 50 48 85 c9 0f 84 ff 00 00 00 48 8d 54
0x000007feebe4881f:   24 50 e8 ba e3 04 00 48 8b d0 48 8d 4c 24 30 e8 



---------------  P R O C E S S  ---------------

Java Threads: ( => current thread )
  0x0000000041999000 JavaThread "Relaunch Simulation" [_thread_blocked, id=6124, stack(0x0000000088b70000,0x0000000089070000)]
  0x0000000041998000 JavaThread "Thread-11856" [_thread_in_native, id=4544, stack(0x0000000089100000,0x0000000089200000)]
  0x0000000041997800 JavaThread "Monitor File Timestamp Swing Worker" [_thread_blocked, id=4048, stack(0x0000000099780000,0x0000000099c80000)]
  0x0000000041996000 JavaThread "Timer-4" [_thread_blocked, id=3084, stack(0x000000007ea10000,0x000000007ef10000)]
  0x0000000095dee800 JavaThread "Thread-6888" [_thread_in_native, id=1436, stack(0x000000007e760000,0x000000007e860000)]
  0x0000000041994800 JavaThread "Thread-6860" [_thread_in_native, id=324, stack(0x000000006cd50000,0x000000006ce50000)]
  0x0000000098e6c000 JavaThread "Thread-6839" [_thread_in_native, id=1476, stack(0x0000000045990000,0x0000000045a90000)]
  0x0000000098e6a800 JavaThread "Thread-6394" [_thread_in_native, id=3740, stack(0x000000007eae0000,0x000000007ebe0000)]
  0x0000000098e6b800 JavaThread "Thread-6386" [_thread_in_native, id=1560, stack(0x00000000953f0000,0x00000000954f0000)]
  0x0000000098e6a000 JavaThread "Thread-5853" [_thread_in_native, id=3468, stack(0x0000000032130000,0x0000000032230000)]
  0x0000000098e69000 JavaThread "Thread-5841" [_thread_in_native, id=4136, stack(0x000000007e860000,0x000000007e960000)]
  0x0000000098e67800 JavaThread "Thread-5829" [_thread_in_native, id=4736, stack(0x0000000043d60000,0x0000000043e60000)]
  0x0000000098e65000 JavaThread "Thread-5804" [_thread_in_native, id=5036, stack(0x0000000032130000,0x0000000032230000)]
  0x0000000098e68800 JavaThread "Thread-5512" [_thread_in_native, id=3180, stack(0x000000007ea80000,0x000000007eb80000)]
  0x0000000095def000 JavaThread "Thread-5494" [_thread_in_native, id=4168, stack(0x0000000032140000,0x0000000032240000)]
  0x0000000095dea800 JavaThread "Thread-4404" [_thread_in_native, id=1080, stack(0x0000000045990000,0x0000000045a90000)]
  0x0000000095dec000 JavaThread "Thread-4394" [_thread_in_native, id=4720, stack(0x000000007ed10000,0x000000007ee10000)]
  0x0000000082eaa000 JavaThread "Thread-3580" [_thread_in_native, id=4652, stack(0x0000000036210000,0x0000000036310000)]
  0x0000000082eab000 JavaThread "Thread-3562" [_thread_in_native, id=4292, stack(0x0000000045940000,0x0000000045a40000)]
  0x0000000082ea8800 JavaThread "Thread-3554" [_thread_in_native, id=820, stack(0x0000000045ae0000,0x0000000045be0000)]
  0x0000000082ea6800 JavaThread "Thread-3180" [_thread_in_native, id=5044, stack(0x0000000043ce0000,0x0000000043de0000)]
  0x0000000082ea8000 JavaThread "Thread-3172" [_thread_in_native, id=4148, stack(0x0000000043cb0000,0x0000000043db0000)]
  0x0000000082ea5000 JavaThread "SyntheticaAnimation 50" daemon [_thread_blocked, id=4600, stack(0x0000000089270000,0x0000000089770000)]
  0x0000000082ea5800 JavaThread "Thread-3017" [_thread_in_native, id=2264, stack(0x0000000040ac0000,0x0000000040bc0000)]
  0x0000000082ea7000 JavaThread "Monitor File Timestamp Swing Worker" [_thread_blocked, id=4044, stack(0x00000000897e0000,0x0000000089ce0000)]
  0x0000000082ea4000 JavaThread "Timer-3" [_thread_blocked, id=3820, stack(0x0000000084f70000,0x0000000085470000)]
  0x0000000042ccc800 JavaThread "Monitor File Timestamp Swing Worker" [_thread_blocked, id=3396, stack(0x00000000873f0000,0x00000000878f0000)]
  0x0000000042ccc000 JavaThread "Timer-1" [_thread_blocked, id=3320, stack(0x0000000086e50000,0x0000000087350000)]
  0x0000000042cce000 JavaThread "Thread-1424" [_thread_in_native, id=5000, stack(0x0000000085090000,0x0000000085190000)]
  0x0000000042cc8000 JavaThread "Thread-1403" [_thread_in_native, id=3760, stack(0x0000000085090000,0x0000000085190000)]
  0x0000000042ccf000 JavaThread "Thread-1399" [_thread_in_native, id=4068, stack(0x0000000043e80000,0x0000000043f80000)]
  0x0000000042ccd800 JavaThread "Image Animator 3" daemon [_thread_blocked, id=2708, stack(0x0000000085480000,0x0000000085980000)]
  0x0000000042cca800 JavaThread "Swing-Shell" daemon [_thread_blocked, id=1892, stack(0x0000000043f80000,0x0000000044480000)]
  0x0000000009e58800 JavaThread "SyntheticaAnimation 50" daemon [_thread_blocked, id=4900, stack(0x000000003b970000,0x000000003be70000)]
  0x000000003d9a3800 JavaThread "Image Animator 3" daemon [_thread_blocked, id=2524, stack(0x0000000040bc0000,0x00000000410c0000)]
  0x000000003d9a2800 JavaThread "hw_ila_monitor" [_thread_blocked, id=732, stack(0x00000000401c0000,0x00000000406c0000)]
  0x000000003d9a2000 JavaThread "Update Runs Swing Worker" [_thread_blocked, id=4224, stack(0x000000003fb60000,0x0000000040060000)]
  0x000000003d9a1000 JavaThread "Refresh Filesets Swing Worker" [_thread_blocked, id=3308, stack(0x0000000035680000,0x0000000035b80000)]
  0x0000000009e5a000 JavaThread "SyntheticaAnimation 70" daemon [_thread_blocked, id=4688, stack(0x000000003c6a0000,0x000000003cba0000)]
  0x0000000009e58000 JavaThread "SyntheticaAnimation 25" daemon [_thread_blocked, id=3348, stack(0x000000003b230000,0x000000003b730000)]
  0x0000000009e55800 JavaThread "SyntheticaAnimation 50" daemon [_thread_blocked, id=4500, stack(0x000000003ad00000,0x000000003b200000)]
  0x0000000009e56800 JavaThread "Monitor HEventQueue" [_thread_blocked, id=4496, stack(0x000000003a610000,0x000000003ab10000)]
  0x0000000009e57000 JavaThread "Batik CleanerThread" daemon [_thread_blocked, id=3368, stack(0x0000000037cb0000,0x00000000381b0000)]
  0x0000000009e53800 JavaThread "SyntheticaCleanerThread" daemon [_thread_blocked, id=4476, stack(0x0000000034850000,0x0000000034d50000)]
  0x0000000009e55000 JavaThread "Process Messages" [_thread_blocked, id=5008, stack(0x0000000034df0000,0x00000000352f0000)]
  0x0000000009e54000 JavaThread "Thread-1" [_thread_in_native, id=3420, stack(0x00000000028d0000,0x0000000003cd0000)]
=>0x0000000009e52800 JavaThread "AWT-EventQueue-0" [_thread_in_native, id=644, stack(0x0000000034190000,0x0000000034690000)]
  0x0000000009e52000 JavaThread "AWT-Shutdown" [_thread_blocked, id=4784, stack(0x0000000033b80000,0x0000000034080000)]
  0x000000000c710000 JavaThread "TimerQueue" daemon [_thread_blocked, id=5104, stack(0x0000000031c30000,0x0000000032130000)]
  0x0000000008b2e800 JavaThread "AWT-Windows" daemon [_thread_in_native, id=3188, stack(0x0000000031550000,0x0000000031a50000)]
  0x000000000ca6f000 JavaThread "Java2D Disposer" daemon [_thread_blocked, id=4588, stack(0x0000000030960000,0x0000000030e60000)]
  0x0000000008ede000 JavaThread "Service Thread" daemon [_thread_blocked, id=3952, stack(0x0000000030090000,0x0000000030590000)]
  0x000000000891e000 JavaThread "Common-Cleaner" daemon [_thread_blocked, id=5100, stack(0x000000002fab0000,0x000000002ffb0000)]
  0x0000000009e51000 JavaThread "Sweeper thread" daemon [_thread_blocked, id=5084, stack(0x000000002f4a0000,0x000000002f9a0000)]
  0x0000000007cd8000 JavaThread "C1 CompilerThread1" daemon [_thread_blocked, id=5096, stack(0x0000000011bf0000,0x0000000011cf0000)]
  0x000000000913c000 JavaThread "C2 CompilerThread0" daemon [_thread_blocked, id=4528, stack(0x000000002edc0000,0x000000002eec0000)]
  0x0000000009258800 JavaThread "Attach Listener" daemon [_thread_blocked, id=5088, stack(0x000000002ef90000,0x000000002f490000)]
  0x0000000009298800 JavaThread "Signal Dispatcher" daemon [_thread_blocked, id=4860, stack(0x000000002e8a0000,0x000000002eda0000)]
  0x0000000009215800 JavaThread "Finalizer" daemon [_thread_blocked, id=4948, stack(0x000000002e370000,0x000000002e870000)]
  0x000000000a2c2000 JavaThread "Reference Handler" daemon [_thread_blocked, id=4408, stack(0x000000002de50000,0x000000002e350000)]
  0x000000000c1e9800 JavaThread "main" [_thread_blocked, id=4592, stack(0x0000000008240000,0x0000000008340000)]

Other Threads:
  0x000000000c28d800 VMThread "VM Thread" [stack: 0x0000000011d40000,0x0000000011e40000] [id=4952]
  0x0000000008edf000 WatcherThread [stack: 0x0000000030750000,0x0000000030850000] [id=4692]
  0x000000000c3dc800 GCTaskThread "GC Thread#0" [stack: 0x0000000008610000,0x0000000008710000] [id=2164]
  0x0000000009740000 GCTaskThread "GC Thread#1" [stack: 0x000000000d050000,0x000000000d150000] [id=2828]
  0x0000000007728000 ConcurrentGCThread "G1 Main Marker" [stack: 0x000000000f1d0000,0x000000000f2d0000] [id=4216]
  0x0000000009740800 ConcurrentGCThread "G1 Marker#0" [stack: 0x000000000d2f0000,0x000000000d3f0000] [id=4920]
  0x0000000009756000 ConcurrentGCThread "G1 Refine#0" [stack: 0x000000000d5f0000,0x000000000d6f0000] [id=3080]
  0x000000000a83f000 ConcurrentGCThread "G1 Refine#1" [stack: 0x000000000d430000,0x000000000d530000] [id=3388]
  0x000000000c2cc800 ConcurrentGCThread "G1 Young RemSet Sampling" [stack: 0x000000000d800000,0x000000000d900000] [id=2868]

Threads with active compile tasks:

VM state:not at safepoint (normal execution)

VM Mutex/Monitor currently owned by a thread: None

Heap address: 0x0000000700000000, size: 3072 MB, Compressed Oops mode: Zero based, Oop shift amount: 3
Narrow klass base: 0x0000000000000000, Narrow klass shift: 3
Compressed class space size: 1073741824 Address: 0x00000007c0000000

Heap:
 garbage-first heap   total 369664K, used 153517K [0x0000000700000000, 0x0000000700100b48, 0x00000007c0000000)
  region size 1024K, 41 young (41984K), 1 survivors (1024K)
 Metaspace       used 91069K, capacity 93356K, committed 100656K, reserved 1136640K
  class space    used 11839K, capacity 12318K, committed 13872K, reserved 1048576K
Heap Regions: E=young(eden), S=young(survivor), O=old, HS=humongous(starts), HC=humongous(continues), CS=collection set, F=free, A=archive, TS=gc time stamp, AC=allocation context, TAMS=top-at-mark-start (previous, next)
|   0|0x0000000700000000, 0x00000007000fff80, 0x0000000700100000| 99%| O|  |TS  0|AC  0|TAMS 0x0000000700000000, 0x0000000700000000|
|   1|0x0000000700100000, 0x0000000700200000, 0x0000000700200000|100%|HS|  |TS  0|AC  0|TAMS 0x0000000700100000, 0x0000000700100000|
|   2|0x0000000700200000, 0x0000000700300000, 0x0000000700300000|100%|HC|  |TS  0|AC  0|TAMS 0x0000000700200000, 0x0000000700200000|
|   3|0x0000000700300000, 0x0000000700400000, 0x0000000700400000|100%|HS|  |TS  0|AC  0|TAMS 0x0000000700300000, 0x0000000700300000|
|   4|0x0000000700400000, 0x00000007004ffff8, 0x0000000700500000| 99%| O|  |TS  0|AC  0|TAMS 0x0000000700400000, 0x0000000700400000|
|   5|0x0000000700500000, 0x00000007005ffff0, 0x0000000700600000| 99%| O|  |TS  0|AC  0|TAMS 0x0000000700500000, 0x0000000700500000|
|   6|0x0000000700600000, 0x0000000700700000, 0x0000000700700000|100%| O|  |TS  0|AC  0|TAMS 0x0000000700600000, 0x0000000700600000|
|   7|0x0000000700700000, 0x00000007007c1518, 0x0000000700800000| 75%| O|  |TS  0|AC  0|TAMS 0x0000000700700000, 0x0000000700700000|
|   8|0x0000000700800000, 0x00000007008e8758, 0x0000000700900000| 90%| O|  |TS  0|AC  0|TAMS 0x0000000700800000, 0x0000000700800000|
|   9|0x0000000700900000, 0x00000007009fef38, 0x0000000700a00000| 99%| O|  |TS  0|AC  0|TAMS 0x0000000700900000, 0x0000000700900000|
|  10|0x0000000700a00000, 0x0000000700af01e0, 0x0000000700b00000| 93%| O|  |TS  0|AC  0|TAMS 0x0000000700a00000, 0x0000000700a00000|
|  11|0x0000000700b00000, 0x0000000700bbd8c8, 0x0000000700c00000| 74%| O|  |TS  0|AC  0|TAMS 0x0000000700b00000, 0x0000000700b00000|
|  12|0x0000000700c00000, 0x0000000700cea388, 0x0000000700d00000| 91%| O|  |TS  0|AC  0|TAMS 0x0000000700c00000, 0x0000000700c00000|
|  13|0x0000000700d00000, 0x0000000700dffff0, 0x0000000700e00000| 99%| O|  |TS  0|AC  0|TAMS 0x0000000700d00000, 0x0000000700d00000|
|  14|0x0000000700e00000, 0x0000000700efffe8, 0x0000000700f00000| 99%| O|  |TS  0|AC  0|TAMS 0x0000000700e00000, 0x0000000700e00000|
|  15|0x0000000700f00000, 0x0000000701000000, 0x0000000701000000|100%| O|  |TS  0|AC  0|TAMS 0x0000000700f00000, 0x0000000700f00000|
|  16|0x0000000701000000, 0x00000007010ffff8, 0x0000000701100000| 99%| O|  |TS  0|AC  0|TAMS 0x0000000701000000, 0x0000000701000000|
|  17|0x0000000701100000, 0x00000007011ffff0, 0x0000000701200000| 99%| O|  |TS  0|AC  0|TAMS 0x0000000701100000, 0x0000000701100000|
|  18|0x0000000701200000, 0x00000007012ffde8, 0x0000000701300000| 99%| O|  |TS  0|AC  0|TAMS 0x0000000701200000, 0x0000000701200000|
|  19|0x0000000701300000, 0x00000007013ffff8, 0x0000000701400000| 99%| O|  |TS  0|AC  0|TAMS 0x0000000701300000, 0x0000000701300000|
|  20|0x0000000701400000, 0x00000007014ffd90, 0x0000000701500000| 99%| O|  |TS  0|AC  0|TAMS 0x0000000701400000, 0x0000000701400000|
|  21|0x0000000701500000, 0x00000007015ffff8, 0x0000000701600000| 99%| O|  |TS  0|AC  0|TAMS 0x0000000701500000, 0x0000000701500000|
|  22|0x0000000701600000, 0x00000007016fffe8, 0x0000000701700000| 99%| O|  |TS  0|AC  0|TAMS 0x0000000701600000, 0x0000000701600000|
|  23|0x0000000701700000, 0x00000007017ffff8, 0x0000000701800000| 99%| O|  |TS  0|AC  0|TAMS 0x0000000701700000, 0x0000000701700000|
|  24|0x0000000701800000, 0x00000007018fffe8, 0x0000000701900000| 99%| O|  |TS  0|AC  0|TAMS 0x0000000701800000, 0x0000000701800000|
|  25|0x0000000701900000, 0x00000007019ffff8, 0x0000000701a00000| 99%| O|  |TS  0|AC  0|TAMS 0x0000000701900000, 0x0000000701900000|
|  26|0x0000000701a00000, 0x0000000701afffd8, 0x0000000701b00000| 99%| O|  |TS  0|AC  0|TAMS 0x0000000701a00000, 0x0000000701a00000|
|  27|0x0000000701b00000, 0x0000000701bffff0, 0x0000000701c00000| 99%| O|  |TS  0|AC  0|TAMS 0x0000000701b00000, 0x0000000701b00000|
|  28|0x0000000701c00000, 0x0000000701cfff10, 0x0000000701d00000| 99%| O|  |TS  0|AC  0|TAMS 0x0000000701c00000, 0x0000000701c00000|
|  29|0x0000000701d00000, 0x0000000701dfffc8, 0x0000000701e00000| 99%| O|  |TS  0|AC  0|TAMS 0x0000000701d00000, 0x0000000701d00000|
|  30|0x0000000701e00000, 0x0000000701ec5e90, 0x0000000701f00000| 77%| O|  |TS  0|AC  0|TAMS 0x0000000701e00000, 0x0000000701e00000|
|  31|0x0000000701f00000, 0x0000000702000000, 0x0000000702000000|100%| O|  |TS  0|AC  0|TAMS 0x0000000701f00000, 0x0000000701f00000|
|  32|0x0000000702000000, 0x0000000702100000, 0x0000000702100000|100%| O|  |TS  0|AC  0|TAMS 0x0000000702000000, 0x0000000702000000|
|  33|0x0000000702100000, 0x0000000702200000, 0x0000000702200000|100%| O|  |TS  0|AC  0|TAMS 0x0000000702100000, 0x0000000702100000|
|  34|0x0000000702200000, 0x00000007022ffff0, 0x0000000702300000| 99%| O|  |TS  0|AC  0|TAMS 0x0000000702200000, 0x0000000702200000|
|  35|0x0000000702300000, 0x00000007023ffff8, 0x0000000702400000| 99%| O|  |TS  0|AC  0|TAMS 0x0000000702300000, 0x0000000702300000|
|  36|0x0000000702400000, 0x00000007024ffff8, 0x0000000702500000| 99%| O|  |TS  0|AC  0|TAMS 0x0000000702400000, 0x0000000702400000|
|  37|0x0000000702500000, 0x00000007025fffa0, 0x0000000702600000| 99%| O|  |TS  0|AC  0|TAMS 0x0000000702500000, 0x0000000702500000|
|  38|0x0000000702600000, 0x0000000702700000, 0x0000000702700000|100%|HS|  |TS  0|AC  0|TAMS 0x0000000702600000, 0x0000000702600000|
|  39|0x0000000702700000, 0x0000000702800000, 0x0000000702800000|100%|HC|  |TS  0|AC  0|TAMS 0x0000000702700000, 0x0000000702700000|
|  40|0x0000000702800000, 0x0000000702900000, 0x0000000702900000|100%|HC|  |TS  0|AC  0|TAMS 0x0000000702800000, 0x0000000702800000|
|  41|0x0000000702900000, 0x0000000702a00000, 0x0000000702a00000|100%|HC|  |TS  0|AC  0|TAMS 0x0000000702900000, 0x0000000702900000|
|  42|0x0000000702a00000, 0x0000000702b00000, 0x0000000702b00000|100%|HC|  |TS  0|AC  0|TAMS 0x0000000702a00000, 0x0000000702a00000|
|  43|0x0000000702b00000, 0x0000000702c00000, 0x0000000702c00000|100%|HC|  |TS  0|AC  0|TAMS 0x0000000702b00000, 0x0000000702b00000|
|  44|0x0000000702c00000, 0x0000000702d00000, 0x0000000702d00000|100%|HC|  |TS  0|AC  0|TAMS 0x0000000702c00000, 0x0000000702c00000|
|  45|0x0000000702d00000, 0x0000000702e00000, 0x0000000702e00000|100%|HC|  |TS  0|AC  0|TAMS 0x0000000702d00000, 0x0000000702d00000|
|  46|0x0000000702e00000, 0x0000000702effff8, 0x0000000702f00000| 99%| O|  |TS  0|AC  0|TAMS 0x0000000702e00000, 0x0000000702e00000|
|  47|0x0000000702f00000, 0x0000000702fffff8, 0x0000000703000000| 99%| O|  |TS  0|AC  0|TAMS 0x0000000702f00000, 0x0000000702f00000|
|  48|0x0000000703000000, 0x00000007030ffff0, 0x0000000703100000| 99%| O|  |TS  0|AC  0|TAMS 0x0000000703000000, 0x0000000703000000|
|  49|0x0000000703100000, 0x00000007031fff48, 0x0000000703200000| 99%| O|  |TS  0|AC  0|TAMS 0x0000000703100000, 0x0000000703100000|
|  50|0x0000000703200000, 0x00000007032f9f88, 0x0000000703300000| 97%| O|  |TS  0|AC  0|TAMS 0x0000000703200000, 0x0000000703200000|
|  51|0x0000000703300000, 0x0000000703400000, 0x0000000703400000|100%| O|  |TS  0|AC  0|TAMS 0x0000000703300000, 0x0000000703300000|
|  52|0x0000000703400000, 0x00000007034ffee0, 0x0000000703500000| 99%| O|  |TS  0|AC  0|TAMS 0x0000000703400000, 0x0000000703400000|
|  53|0x0000000703500000, 0x00000007035fffd0, 0x0000000703600000| 99%| O|  |TS  0|AC  0|TAMS 0x0000000703500000, 0x0000000703500000|
|  54|0x0000000703600000, 0x00000007036fe208, 0x0000000703700000| 99%| O|  |TS  0|AC  0|TAMS 0x0000000703600000, 0x0000000703600000|
|  55|0x0000000703700000, 0x00000007037fff78, 0x0000000703800000| 99%| O|  |TS  0|AC  0|TAMS 0x0000000703700000, 0x0000000703700000|
|  56|0x0000000703800000, 0x00000007038fffc0, 0x0000000703900000| 99%| O|  |TS  0|AC  0|TAMS 0x0000000703800000, 0x0000000703800000|
|  57|0x0000000703900000, 0x00000007039fff80, 0x0000000703a00000| 99%| O|  |TS  0|AC  0|TAMS 0x0000000703900000, 0x0000000703900000|
|  58|0x0000000703a00000, 0x0000000703affee0, 0x0000000703b00000| 99%| O|  |TS  0|AC  0|TAMS 0x0000000703a00000, 0x0000000703a00000|
|  59|0x0000000703b00000, 0x0000000703bfff28, 0x0000000703c00000| 99%| O|  |TS  0|AC  0|TAMS 0x0000000703b00000, 0x0000000703b00000|
|  60|0x0000000703c00000, 0x0000000703cfffe0, 0x0000000703d00000| 99%| O|  |TS  0|AC  0|TAMS 0x0000000703c00000, 0x0000000703c00000|
|  61|0x0000000703d00000, 0x0000000703dffff0, 0x0000000703e00000| 99%| O|  |TS  0|AC  0|TAMS 0x0000000703d00000, 0x0000000703d00000|
|  62|0x0000000703e00000, 0x0000000703efff00, 0x0000000703f00000| 99%| O|  |TS  0|AC  0|TAMS 0x0000000703e00000, 0x0000000703e00000|
|  63|0x0000000703f00000, 0x0000000703fffff8, 0x0000000704000000| 99%| O|  |TS  0|AC  0|TAMS 0x0000000703f00000, 0x0000000703f00000|
|  64|0x0000000704000000, 0x00000007040ffec0, 0x0000000704100000| 99%| O|  |TS  0|AC  0|TAMS 0x0000000704000000, 0x0000000704000000|
|  65|0x0000000704100000, 0x00000007041ffff8, 0x0000000704200000| 99%| O|  |TS  0|AC  0|TAMS 0x0000000704100000, 0x0000000704100000|
|  66|0x0000000704200000, 0x00000007042ff7e8, 0x0000000704300000| 99%| O|  |TS  0|AC  0|TAMS 0x0000000704200000, 0x0000000704200000|
|  67|0x0000000704300000, 0x00000007043ffff0, 0x0000000704400000| 99%| O|  |TS  0|AC  0|TAMS 0x0000000704300000, 0x0000000704300000|
|  68|0x0000000704400000, 0x00000007044ffff0, 0x0000000704500000| 99%| O|  |TS  0|AC  0|TAMS 0x0000000704400000, 0x0000000704400000|
|  69|0x0000000704500000, 0x00000007045fffe8, 0x0000000704600000| 99%| O|  |TS  0|AC  0|TAMS 0x0000000704500000, 0x0000000704500000|
|  70|0x0000000704600000, 0x00000007046fffe8, 0x0000000704700000| 99%| O|  |TS  0|AC  0|TAMS 0x0000000704600000, 0x0000000704600000|
|  71|0x0000000704700000, 0x00000007047fffe8, 0x0000000704800000| 99%| O|  |TS  0|AC  0|TAMS 0x0000000704700000, 0x0000000704700000|
|  72|0x0000000704800000, 0x00000007048f7380, 0x0000000704900000| 96%| O|  |TS  0|AC  0|TAMS 0x0000000704800000, 0x0000000704800000|
|  73|0x0000000704900000, 0x0000000704a00000, 0x0000000704a00000|100%| O|  |TS  0|AC  0|TAMS 0x0000000704900000, 0x0000000704900000|
|  74|0x0000000704a00000, 0x0000000704affe50, 0x0000000704b00000| 99%| O|  |TS  0|AC  0|TAMS 0x0000000704a00000, 0x0000000704a00000|
|  75|0x0000000704b00000, 0x0000000704bffe38, 0x0000000704c00000| 99%| O|  |TS  0|AC  0|TAMS 0x0000000704b00000, 0x0000000704b00000|
|  76|0x0000000704c00000, 0x0000000704cfffe8, 0x0000000704d00000| 99%| O|  |TS  0|AC  0|TAMS 0x0000000704c00000, 0x0000000704c00000|
|  77|0x0000000704d00000, 0x0000000704e00000, 0x0000000704e00000|100%| O|  |TS  0|AC  0|TAMS 0x0000000704d00000, 0x0000000704d00000|
|  78|0x0000000704e00000, 0x0000000704efffb8, 0x0000000704f00000| 99%| O|  |TS  0|AC  0|TAMS 0x0000000704e00000, 0x0000000704e00000|
|  79|0x0000000704f00000, 0x0000000704ffffe8, 0x0000000705000000| 99%| O|  |TS  0|AC  0|TAMS 0x0000000704f00000, 0x0000000704f00000|
|  80|0x0000000705000000, 0x00000007050fff40, 0x0000000705100000| 99%| O|  |TS  0|AC  0|TAMS 0x0000000705000000, 0x0000000705000000|
|  81|0x0000000705100000, 0x00000007051ff5b0, 0x0000000705200000| 99%| O|  |TS  0|AC  0|TAMS 0x0000000705100000, 0x0000000705100000|
|  82|0x0000000705200000, 0x0000000705300000, 0x0000000705300000|100%| O|  |TS  0|AC  0|TAMS 0x0000000705200000, 0x0000000705200000|
|  83|0x0000000705300000, 0x00000007053ffff8, 0x0000000705400000| 99%| O|  |TS  0|AC  0|TAMS 0x0000000705300000, 0x0000000705300000|
|  84|0x0000000705400000, 0x00000007054fff80, 0x0000000705500000| 99%| O|  |TS  0|AC  0|TAMS 0x0000000705400000, 0x0000000705400000|
|  85|0x0000000705500000, 0x0000000705600000, 0x0000000705600000|100%| O|  |TS  0|AC  0|TAMS 0x0000000705500000, 0x0000000705500000|
|  86|0x0000000705600000, 0x00000007056ffff8, 0x0000000705700000| 99%| O|  |TS  0|AC  0|TAMS 0x0000000705600000, 0x0000000705600000|
|  87|0x0000000705700000, 0x0000000705800000, 0x0000000705800000|100%| O|  |TS  0|AC  0|TAMS 0x0000000705700000, 0x0000000705700000|
|  88|0x0000000705800000, 0x00000007058ffff0, 0x0000000705900000| 99%| O|  |TS  0|AC  0|TAMS 0x0000000705800000, 0x0000000705800000|
|  89|0x0000000705900000, 0x00000007059fffd8, 0x0000000705a00000| 99%| O|  |TS  0|AC  0|TAMS 0x0000000705900000, 0x0000000705900000|
|  90|0x0000000705a00000, 0x0000000705affff8, 0x0000000705b00000| 99%| O|  |TS  0|AC  0|TAMS 0x0000000705a00000, 0x0000000705a00000|
|  91|0x0000000705b00000, 0x0000000705c00000, 0x0000000705c00000|100%| O|  |TS  0|AC  0|TAMS 0x0000000705b00000, 0x0000000705b00000|
|  92|0x0000000705c00000, 0x0000000705d00000, 0x0000000705d00000|100%| O|  |TS  0|AC  0|TAMS 0x0000000705c00000, 0x0000000705c00000|
|  93|0x0000000705d00000, 0x0000000705dff100, 0x0000000705e00000| 99%| O|  |TS  0|AC  0|TAMS 0x0000000705d00000, 0x0000000705d00000|
|  94|0x0000000705e00000, 0x0000000705f00000, 0x0000000705f00000|100%| O|  |TS  0|AC  0|TAMS 0x0000000705e00000, 0x0000000705e00000|
|  95|0x0000000705f00000, 0x0000000706000000, 0x0000000706000000|100%|HS|  |TS  0|AC  0|TAMS 0x0000000705f00000, 0x0000000705f00000|
|  96|0x0000000706000000, 0x0000000706100000, 0x0000000706100000|100%|HC|  |TS  0|AC  0|TAMS 0x0000000706000000, 0x0000000706000000|
|  97|0x0000000706100000, 0x00000007061ffff0, 0x0000000706200000| 99%| O|  |TS  0|AC  0|TAMS 0x0000000706100000, 0x0000000706100000|
|  98|0x0000000706200000, 0x00000007062579d0, 0x0000000706300000| 34%| O|  |TS  0|AC  0|TAMS 0x0000000706200000, 0x0000000706200000|
|  99|0x0000000706300000, 0x0000000706400000, 0x0000000706400000|100%|HS|  |TS  0|AC  0|TAMS 0x0000000706300000, 0x0000000706300000|
| 100|0x0000000706400000, 0x0000000706500000, 0x0000000706500000|100%|HC|  |TS  0|AC  0|TAMS 0x0000000706400000, 0x0000000706400000|
| 101|0x0000000706500000, 0x0000000706600000, 0x0000000706600000|100%|HC|  |TS  0|AC  0|TAMS 0x0000000706500000, 0x0000000706500000|
| 102|0x0000000706600000, 0x0000000706700000, 0x0000000706700000|100%|HC|  |TS  0|AC  0|TAMS 0x0000000706600000, 0x0000000706600000|
| 103|0x0000000706700000, 0x0000000706800000, 0x0000000706800000|100%|HC|  |TS  0|AC  0|TAMS 0x0000000706700000, 0x0000000706700000|
| 104|0x0000000706800000, 0x0000000706900000, 0x0000000706900000|100%|HC|  |TS  0|AC  0|TAMS 0x0000000706800000, 0x0000000706800000|
| 105|0x0000000706900000, 0x0000000706a00000, 0x0000000706a00000|100%|HC|  |TS  0|AC  0|TAMS 0x0000000706900000, 0x0000000706900000|
| 106|0x0000000706a00000, 0x0000000706b00000, 0x0000000706b00000|100%|HC|  |TS  0|AC  0|TAMS 0x0000000706a00000, 0x0000000706a00000|
| 107|0x0000000706b00000, 0x0000000706c00000, 0x0000000706c00000|100%|HS|  |TS  0|AC  0|TAMS 0x0000000706b00000, 0x0000000706b00000|
| 108|0x0000000706c00000, 0x0000000706d00000, 0x0000000706d00000|100%|HC|  |TS  0|AC  0|TAMS 0x0000000706c00000, 0x0000000706c00000|
| 109|0x0000000706d00000, 0x0000000706d00000, 0x0000000706e00000|  0%| F|  |TS  0|AC  0|TAMS 0x0000000706d00000, 0x0000000706d00000|
| 110|0x0000000706e00000, 0x0000000706f00000, 0x0000000706f00000|100%|HS|  |TS  0|AC  0|TAMS 0x0000000706e00000, 0x0000000706e00000|
| 111|0x0000000706f00000, 0x0000000706f00000, 0x0000000707000000|  0%| F|  |TS  0|AC  0|TAMS 0x0000000706f00000, 0x0000000706f00000|
| 112|0x0000000707000000, 0x0000000707000000, 0x0000000707100000|  0%| F|  |TS  0|AC  0|TAMS 0x0000000707000000, 0x0000000707000000|
| 113|0x0000000707100000, 0x0000000707100000, 0x0000000707200000|  0%| F|  |TS  0|AC  0|TAMS 0x0000000707100000, 0x0000000707100000|
| 114|0x0000000707200000, 0x0000000707200000, 0x0000000707300000|  0%| F|  |TS  0|AC  0|TAMS 0x0000000707200000, 0x0000000707200000|
| 115|0x0000000707300000, 0x0000000707400000, 0x0000000707400000|100%|HS|  |TS  0|AC  0|TAMS 0x0000000707300000, 0x0000000707300000|
| 116|0x0000000707400000, 0x0000000707500000, 0x0000000707500000|100%|HC|  |TS  0|AC  0|TAMS 0x0000000707400000, 0x0000000707400000|
| 117|0x0000000707500000, 0x0000000707500000, 0x0000000707600000|  0%| F|  |TS  0|AC  0|TAMS 0x0000000707500000, 0x0000000707500000|
| 118|0x0000000707600000, 0x0000000707600000, 0x0000000707700000|  0%| F|  |TS  0|AC  0|TAMS 0x0000000707600000, 0x0000000707600000|
| 119|0x0000000707700000, 0x0000000707700000, 0x0000000707800000|  0%| F|  |TS  0|AC  0|TAMS 0x0000000707700000, 0x0000000707700000|
| 120|0x0000000707800000, 0x0000000707800000, 0x0000000707900000|  0%| F|  |TS  0|AC  0|TAMS 0x0000000707800000, 0x0000000707800000|
| 121|0x0000000707900000, 0x0000000707900000, 0x0000000707a00000|  0%| F|  |TS  0|AC  0|TAMS 0x0000000707900000, 0x0000000707900000|
| 122|0x0000000707a00000, 0x0000000707a00000, 0x0000000707b00000|  0%| F|  |TS  0|AC  0|TAMS 0x0000000707a00000, 0x0000000707a00000|
| 123|0x0000000707b00000, 0x0000000707b00000, 0x0000000707c00000|  0%| F|  |TS  0|AC  0|TAMS 0x0000000707b00000, 0x0000000707b00000|
| 124|0x0000000707c00000, 0x0000000707c00000, 0x0000000707d00000|  0%| F|  |TS  0|AC  0|TAMS 0x0000000707c00000, 0x0000000707c00000|
| 125|0x0000000707d00000, 0x0000000707d00000, 0x0000000707e00000|  0%| F|  |TS  0|AC  0|TAMS 0x0000000707d00000, 0x0000000707d00000|
| 126|0x0000000707e00000, 0x0000000707e00000, 0x0000000707f00000|  0%| F|  |TS  0|AC  0|TAMS 0x0000000707e00000, 0x0000000707e00000|
| 127|0x0000000707f00000, 0x0000000707f00000, 0x0000000708000000|  0%| F|  |TS  0|AC  0|TAMS 0x0000000707f00000, 0x0000000707f00000|
| 128|0x0000000708000000, 0x0000000708000000, 0x0000000708100000|  0%| F|  |TS  0|AC  0|TAMS 0x0000000708000000, 0x0000000708000000|
| 129|0x0000000708100000, 0x0000000708100000, 0x0000000708200000|  0%| F|  |TS  0|AC  0|TAMS 0x0000000708100000, 0x0000000708100000|
| 130|0x0000000708200000, 0x0000000708200000, 0x0000000708300000|  0%| F|  |TS  0|AC  0|TAMS 0x0000000708200000, 0x0000000708200000|
| 131|0x0000000708300000, 0x0000000708300000, 0x0000000708400000|  0%| F|  |TS  0|AC  0|TAMS 0x0000000708300000, 0x0000000708300000|
| 132|0x0000000708400000, 0x0000000708400000, 0x0000000708500000|  0%| F|  |TS  0|AC  0|TAMS 0x0000000708400000, 0x0000000708400000|
| 133|0x0000000708500000, 0x0000000708500000, 0x0000000708600000|  0%| F|  |TS  0|AC  0|TAMS 0x0000000708500000, 0x0000000708500000|
| 134|0x0000000708600000, 0x0000000708600000, 0x0000000708700000|  0%| F|  |TS  0|AC  0|TAMS 0x0000000708600000, 0x0000000708600000|
| 135|0x0000000708700000, 0x0000000708700000, 0x0000000708800000|  0%| F|  |TS  0|AC  0|TAMS 0x0000000708700000, 0x0000000708700000|
| 136|0x0000000708800000, 0x0000000708800000, 0x0000000708900000|  0%| F|  |TS  0|AC  0|TAMS 0x0000000708800000, 0x0000000708800000|
| 137|0x0000000708900000, 0x0000000708900000, 0x0000000708a00000|  0%| F|  |TS  0|AC  0|TAMS 0x0000000708900000, 0x0000000708900000|
| 138|0x0000000708a00000, 0x0000000708a00000, 0x0000000708b00000|  0%| F|  |TS  0|AC  0|TAMS 0x0000000708a00000, 0x0000000708a00000|
| 139|0x0000000708b00000, 0x0000000708b00000, 0x0000000708c00000|  0%| F|  |TS  0|AC  0|TAMS 0x0000000708b00000, 0x0000000708b00000|
| 140|0x0000000708c00000, 0x0000000708c00000, 0x0000000708d00000|  0%| F|  |TS  0|AC  0|TAMS 0x0000000708c00000, 0x0000000708c00000|
| 141|0x0000000708d00000, 0x0000000708d00000, 0x0000000708e00000|  0%| F|  |TS  0|AC  0|TAMS 0x0000000708d00000, 0x0000000708d00000|
| 142|0x0000000708e00000, 0x0000000708e00000, 0x0000000708f00000|  0%| F|  |TS  0|AC  0|TAMS 0x0000000708e00000, 0x0000000708e00000|
| 143|0x0000000708f00000, 0x0000000708f00000, 0x0000000709000000|  0%| F|  |TS  0|AC  0|TAMS 0x0000000708f00000, 0x0000000708f00000|
| 144|0x0000000709000000, 0x0000000709000000, 0x0000000709100000|  0%| F|  |TS  0|AC  0|TAMS 0x0000000709000000, 0x0000000709000000|
| 145|0x0000000709100000, 0x0000000709100000, 0x0000000709200000|  0%| F|  |TS  0|AC  0|TAMS 0x0000000709100000, 0x0000000709100000|
| 146|0x0000000709200000, 0x0000000709200000, 0x0000000709300000|  0%| F|  |TS  0|AC  0|TAMS 0x0000000709200000, 0x0000000709200000|
| 147|0x0000000709300000, 0x0000000709300000, 0x0000000709400000|  0%| F|  |TS  0|AC  0|TAMS 0x0000000709300000, 0x0000000709300000|
| 148|0x0000000709400000, 0x0000000709400000, 0x0000000709500000|  0%| F|  |TS  0|AC  0|TAMS 0x0000000709400000, 0x0000000709400000|
| 149|0x0000000709500000, 0x0000000709500000, 0x0000000709600000|  0%| F|  |TS  0|AC  0|TAMS 0x0000000709500000, 0x0000000709500000|
| 150|0x0000000709600000, 0x0000000709600000, 0x0000000709700000|  0%| F|  |TS  0|AC  0|TAMS 0x0000000709600000, 0x0000000709600000|
| 151|0x0000000709700000, 0x0000000709700000, 0x0000000709800000|  0%| F|  |TS  0|AC  0|TAMS 0x0000000709700000, 0x0000000709700000|
| 152|0x0000000709800000, 0x0000000709800000, 0x0000000709900000|  0%| F|  |TS  0|AC  0|TAMS 0x0000000709800000, 0x0000000709800000|
| 153|0x0000000709900000, 0x0000000709900000, 0x0000000709a00000|  0%| F|  |TS  0|AC  0|TAMS 0x0000000709900000, 0x0000000709900000|
| 154|0x0000000709a00000, 0x0000000709a00000, 0x0000000709b00000|  0%| F|  |TS  0|AC  0|TAMS 0x0000000709a00000, 0x0000000709a00000|
| 155|0x0000000709b00000, 0x0000000709b00000, 0x0000000709c00000|  0%| F|  |TS  0|AC  0|TAMS 0x0000000709b00000, 0x0000000709b00000|
| 156|0x0000000709c00000, 0x0000000709c00000, 0x0000000709d00000|  0%| F|  |TS  0|AC  0|TAMS 0x0000000709c00000, 0x0000000709c00000|
| 157|0x0000000709d00000, 0x0000000709d00000, 0x0000000709e00000|  0%| F|  |TS  0|AC  0|TAMS 0x0000000709d00000, 0x0000000709d00000|
| 158|0x0000000709e00000, 0x0000000709e00000, 0x0000000709f00000|  0%| F|  |TS  0|AC  0|TAMS 0x0000000709e00000, 0x0000000709e00000|
| 159|0x0000000709f00000, 0x0000000709f00000, 0x000000070a000000|  0%| F|  |TS  0|AC  0|TAMS 0x0000000709f00000, 0x0000000709f00000|
| 160|0x000000070a000000, 0x000000070a000000, 0x000000070a100000|  0%| F|  |TS  0|AC  0|TAMS 0x000000070a000000, 0x000000070a000000|
| 161|0x000000070a100000, 0x000000070a100000, 0x000000070a200000|  0%| F|  |TS  0|AC  0|TAMS 0x000000070a100000, 0x000000070a100000|
| 162|0x000000070a200000, 0x000000070a200000, 0x000000070a300000|  0%| F|  |TS  0|AC  0|TAMS 0x000000070a200000, 0x000000070a200000|
| 163|0x000000070a300000, 0x000000070a300000, 0x000000070a400000|  0%| F|  |TS  0|AC  0|TAMS 0x000000070a300000, 0x000000070a300000|
| 164|0x000000070a400000, 0x000000070a400000, 0x000000070a500000|  0%| F|  |TS  0|AC  0|TAMS 0x000000070a400000, 0x000000070a400000|
| 165|0x000000070a500000, 0x000000070a500000, 0x000000070a600000|  0%| F|  |TS  0|AC  0|TAMS 0x000000070a500000, 0x000000070a500000|
| 166|0x000000070a600000, 0x000000070a600000, 0x000000070a700000|  0%| F|  |TS  0|AC  0|TAMS 0x000000070a600000, 0x000000070a600000|
| 167|0x000000070a700000, 0x000000070a700000, 0x000000070a800000|  0%| F|  |TS  0|AC  0|TAMS 0x000000070a700000, 0x000000070a700000|
| 168|0x000000070a800000, 0x000000070a800000, 0x000000070a900000|  0%| F|  |TS  0|AC  0|TAMS 0x000000070a800000, 0x000000070a800000|
| 169|0x000000070a900000, 0x000000070a900000, 0x000000070aa00000|  0%| F|  |TS  0|AC  0|TAMS 0x000000070a900000, 0x000000070a900000|
| 170|0x000000070aa00000, 0x000000070aa00000, 0x000000070ab00000|  0%| F|  |TS  0|AC  0|TAMS 0x000000070aa00000, 0x000000070aa00000|
| 171|0x000000070ab00000, 0x000000070ab00000, 0x000000070ac00000|  0%| F|  |TS  0|AC  0|TAMS 0x000000070ab00000, 0x000000070ab00000|
| 172|0x000000070ac00000, 0x000000070ac00000, 0x000000070ad00000|  0%| F|  |TS  0|AC  0|TAMS 0x000000070ac00000, 0x000000070ac00000|
| 173|0x000000070ad00000, 0x000000070ad00000, 0x000000070ae00000|  0%| F|  |TS  0|AC  0|TAMS 0x000000070ad00000, 0x000000070ad00000|
| 174|0x000000070ae00000, 0x000000070ae00000, 0x000000070af00000|  0%| F|  |TS  0|AC  0|TAMS 0x000000070ae00000, 0x000000070ae00000|
| 175|0x000000070af00000, 0x000000070af00000, 0x000000070b000000|  0%| F|  |TS  0|AC  0|TAMS 0x000000070af00000, 0x000000070af00000|
| 176|0x000000070b000000, 0x000000070b000000, 0x000000070b100000|  0%| F|  |TS  0|AC  0|TAMS 0x000000070b000000, 0x000000070b000000|
| 177|0x000000070b100000, 0x000000070b100000, 0x000000070b200000|  0%| F|  |TS  0|AC  0|TAMS 0x000000070b100000, 0x000000070b100000|
| 178|0x000000070b200000, 0x000000070b200000, 0x000000070b300000|  0%| F|  |TS  0|AC  0|TAMS 0x000000070b200000, 0x000000070b200000|
| 179|0x000000070b300000, 0x000000070b300000, 0x000000070b400000|  0%| F|  |TS  0|AC  0|TAMS 0x000000070b300000, 0x000000070b300000|
| 180|0x000000070b400000, 0x000000070b400000, 0x000000070b500000|  0%| F|  |TS  0|AC  0|TAMS 0x000000070b400000, 0x000000070b400000|
| 181|0x000000070b500000, 0x000000070b500000, 0x000000070b600000|  0%| F|  |TS  0|AC  0|TAMS 0x000000070b500000, 0x000000070b500000|
| 182|0x000000070b600000, 0x000000070b600000, 0x000000070b700000|  0%| F|  |TS  0|AC  0|TAMS 0x000000070b600000, 0x000000070b600000|
| 183|0x000000070b700000, 0x000000070b700000, 0x000000070b800000|  0%| F|  |TS  0|AC  0|TAMS 0x000000070b700000, 0x000000070b700000|
| 184|0x000000070b800000, 0x000000070b800000, 0x000000070b900000|  0%| F|  |TS  0|AC  0|TAMS 0x000000070b800000, 0x000000070b800000|
| 185|0x000000070b900000, 0x000000070b900000, 0x000000070ba00000|  0%| F|  |TS  0|AC  0|TAMS 0x000000070b900000, 0x000000070b900000|
| 186|0x000000070ba00000, 0x000000070ba00000, 0x000000070bb00000|  0%| F|  |TS  0|AC  0|TAMS 0x000000070ba00000, 0x000000070ba00000|
| 187|0x000000070bb00000, 0x000000070bb00000, 0x000000070bc00000|  0%| F|  |TS  0|AC  0|TAMS 0x000000070bb00000, 0x000000070bb00000|
| 188|0x000000070bc00000, 0x000000070bc00000, 0x000000070bd00000|  0%| F|  |TS  0|AC  0|TAMS 0x000000070bc00000, 0x000000070bc00000|
| 189|0x000000070bd00000, 0x000000070bd00000, 0x000000070be00000|  0%| F|  |TS  0|AC  0|TAMS 0x000000070bd00000, 0x000000070bd00000|
| 190|0x000000070be00000, 0x000000070be00000, 0x000000070bf00000|  0%| F|  |TS  0|AC  0|TAMS 0x000000070be00000, 0x000000070be00000|
| 191|0x000000070bf00000, 0x000000070bf00000, 0x000000070c000000|  0%| F|  |TS  0|AC  0|TAMS 0x000000070bf00000, 0x000000070bf00000|
| 192|0x000000070c000000, 0x000000070c000000, 0x000000070c100000|  0%| F|  |TS  0|AC  0|TAMS 0x000000070c000000, 0x000000070c000000|
| 193|0x000000070c100000, 0x000000070c100000, 0x000000070c200000|  0%| F|  |TS  0|AC  0|TAMS 0x000000070c100000, 0x000000070c100000|
| 194|0x000000070c200000, 0x000000070c200000, 0x000000070c300000|  0%| F|  |TS  0|AC  0|TAMS 0x000000070c200000, 0x000000070c200000|
| 195|0x000000070c300000, 0x000000070c300000, 0x000000070c400000|  0%| F|  |TS  0|AC  0|TAMS 0x000000070c300000, 0x000000070c300000|
| 196|0x000000070c400000, 0x000000070c400000, 0x000000070c500000|  0%| F|  |TS  0|AC  0|TAMS 0x000000070c400000, 0x000000070c400000|
| 197|0x000000070c500000, 0x000000070c500000, 0x000000070c600000|  0%| F|  |TS  0|AC  0|TAMS 0x000000070c500000, 0x000000070c500000|
| 198|0x000000070c600000, 0x000000070c600000, 0x000000070c700000|  0%| F|  |TS  0|AC  0|TAMS 0x000000070c600000, 0x000000070c600000|
| 199|0x000000070c700000, 0x000000070c700000, 0x000000070c800000|  0%| F|  |TS  0|AC  0|TAMS 0x000000070c700000, 0x000000070c700000|
| 200|0x000000070c800000, 0x000000070c800000, 0x000000070c900000|  0%| F|  |TS  0|AC  0|TAMS 0x000000070c800000, 0x000000070c800000|
| 201|0x000000070c900000, 0x000000070c900000, 0x000000070ca00000|  0%| F|  |TS  0|AC  0|TAMS 0x000000070c900000, 0x000000070c900000|
| 202|0x000000070ca00000, 0x000000070ca00000, 0x000000070cb00000|  0%| F|  |TS  0|AC  0|TAMS 0x000000070ca00000, 0x000000070ca00000|
| 203|0x000000070cb00000, 0x000000070cb00000, 0x000000070cc00000|  0%| F|  |TS  0|AC  0|TAMS 0x000000070cb00000, 0x000000070cb00000|
| 204|0x000000070cc00000, 0x000000070cc00000, 0x000000070cd00000|  0%| F|  |TS  0|AC  0|TAMS 0x000000070cc00000, 0x000000070cc00000|
| 205|0x000000070cd00000, 0x000000070cd00000, 0x000000070ce00000|  0%| F|  |TS  0|AC  0|TAMS 0x000000070cd00000, 0x000000070cd00000|
| 206|0x000000070ce00000, 0x000000070ce00000, 0x000000070cf00000|  0%| F|  |TS  0|AC  0|TAMS 0x000000070ce00000, 0x000000070ce00000|
| 207|0x000000070cf00000, 0x000000070cf00000, 0x000000070d000000|  0%| F|  |TS  0|AC  0|TAMS 0x000000070cf00000, 0x000000070cf00000|
| 208|0x000000070d000000, 0x000000070d000000, 0x000000070d100000|  0%| F|  |TS  0|AC  0|TAMS 0x000000070d000000, 0x000000070d000000|
| 209|0x000000070d100000, 0x000000070d100000, 0x000000070d200000|  0%| F|  |TS  0|AC  0|TAMS 0x000000070d100000, 0x000000070d100000|
| 210|0x000000070d200000, 0x000000070d200000, 0x000000070d300000|  0%| F|  |TS  0|AC  0|TAMS 0x000000070d200000, 0x000000070d200000|
| 211|0x000000070d300000, 0x000000070d300000, 0x000000070d400000|  0%| F|  |TS  0|AC  0|TAMS 0x000000070d300000, 0x000000070d300000|
| 212|0x000000070d400000, 0x000000070d400000, 0x000000070d500000|  0%| F|  |TS  0|AC  0|TAMS 0x000000070d400000, 0x000000070d400000|
| 213|0x000000070d500000, 0x000000070d500000, 0x000000070d600000|  0%| F|  |TS  0|AC  0|TAMS 0x000000070d500000, 0x000000070d500000|
| 214|0x000000070d600000, 0x000000070d600000, 0x000000070d700000|  0%| F|  |TS  0|AC  0|TAMS 0x000000070d600000, 0x000000070d600000|
| 215|0x000000070d700000, 0x000000070d700000, 0x000000070d800000|  0%| F|  |TS  0|AC  0|TAMS 0x000000070d700000, 0x000000070d700000|
| 216|0x000000070d800000, 0x000000070d800000, 0x000000070d900000|  0%| F|  |TS  0|AC  0|TAMS 0x000000070d800000, 0x000000070d800000|
| 217|0x000000070d900000, 0x000000070d900000, 0x000000070da00000|  0%| F|  |TS  0|AC  0|TAMS 0x000000070d900000, 0x000000070d900000|
| 218|0x000000070da00000, 0x000000070da00000, 0x000000070db00000|  0%| F|  |TS  0|AC  0|TAMS 0x000000070da00000, 0x000000070da00000|
| 219|0x000000070db00000, 0x000000070db00000, 0x000000070dc00000|  0%| F|  |TS  0|AC  0|TAMS 0x000000070db00000, 0x000000070db00000|
| 220|0x000000070dc00000, 0x000000070dc00000, 0x000000070dd00000|  0%| F|  |TS  0|AC  0|TAMS 0x000000070dc00000, 0x000000070dc00000|
| 221|0x000000070dd00000, 0x000000070dd00000, 0x000000070de00000|  0%| F|  |TS  0|AC  0|TAMS 0x000000070dd00000, 0x000000070dd00000|
| 222|0x000000070de00000, 0x000000070de00000, 0x000000070df00000|  0%| F|  |TS  0|AC  0|TAMS 0x000000070de00000, 0x000000070de00000|
| 223|0x000000070df00000, 0x000000070df00000, 0x000000070e000000|  0%| F|  |TS  0|AC  0|TAMS 0x000000070df00000, 0x000000070df00000|
| 224|0x000000070e000000, 0x000000070e000000, 0x000000070e100000|  0%| F|  |TS  0|AC  0|TAMS 0x000000070e000000, 0x000000070e000000|
| 225|0x000000070e100000, 0x000000070e100000, 0x000000070e200000|  0%| F|  |TS  0|AC  0|TAMS 0x000000070e100000, 0x000000070e100000|
| 226|0x000000070e200000, 0x000000070e200000, 0x000000070e300000|  0%| F|  |TS  0|AC  0|TAMS 0x000000070e200000, 0x000000070e200000|
| 227|0x000000070e300000, 0x000000070e300000, 0x000000070e400000|  0%| F|  |TS  0|AC  0|TAMS 0x000000070e300000, 0x000000070e300000|
| 228|0x000000070e400000, 0x000000070e400000, 0x000000070e500000|  0%| F|  |TS  0|AC  0|TAMS 0x000000070e400000, 0x000000070e400000|
| 229|0x000000070e500000, 0x000000070e500000, 0x000000070e600000|  0%| F|  |TS  0|AC  0|TAMS 0x000000070e500000, 0x000000070e500000|
| 230|0x000000070e600000, 0x000000070e600000, 0x000000070e700000|  0%| F|  |TS  0|AC  0|TAMS 0x000000070e600000, 0x000000070e600000|
| 231|0x000000070e700000, 0x000000070e700000, 0x000000070e800000|  0%| F|  |TS  0|AC  0|TAMS 0x000000070e700000, 0x000000070e700000|
| 232|0x000000070e800000, 0x000000070e800000, 0x000000070e900000|  0%| F|  |TS  0|AC  0|TAMS 0x000000070e800000, 0x000000070e800000|
| 233|0x000000070e900000, 0x000000070e900000, 0x000000070ea00000|  0%| F|  |TS  0|AC  0|TAMS 0x000000070e900000, 0x000000070e900000|
| 234|0x000000070ea00000, 0x000000070ea00000, 0x000000070eb00000|  0%| F|  |TS  0|AC  0|TAMS 0x000000070ea00000, 0x000000070ea00000|
| 235|0x000000070eb00000, 0x000000070eb00000, 0x000000070ec00000|  0%| F|  |TS  0|AC  0|TAMS 0x000000070eb00000, 0x000000070eb00000|
| 236|0x000000070ec00000, 0x000000070ec00000, 0x000000070ed00000|  0%| F|  |TS  0|AC  0|TAMS 0x000000070ec00000, 0x000000070ec00000|
| 237|0x000000070ed00000, 0x000000070ed00000, 0x000000070ee00000|  0%| F|  |TS  0|AC  0|TAMS 0x000000070ed00000, 0x000000070ed00000|
| 238|0x000000070ee00000, 0x000000070ee00000, 0x000000070ef00000|  0%| F|  |TS  0|AC  0|TAMS 0x000000070ee00000, 0x000000070ee00000|
| 239|0x000000070ef00000, 0x000000070ef00000, 0x000000070f000000|  0%| F|  |TS  0|AC  0|TAMS 0x000000070ef00000, 0x000000070ef00000|
| 240|0x000000070f000000, 0x000000070f000000, 0x000000070f100000|  0%| F|  |TS  0|AC  0|TAMS 0x000000070f000000, 0x000000070f000000|
| 241|0x000000070f100000, 0x000000070f100000, 0x000000070f200000|  0%| F|  |TS  0|AC  0|TAMS 0x000000070f100000, 0x000000070f100000|
| 242|0x000000070f200000, 0x000000070f200000, 0x000000070f300000|  0%| F|  |TS  0|AC  0|TAMS 0x000000070f200000, 0x000000070f200000|
| 243|0x000000070f300000, 0x000000070f300000, 0x000000070f400000|  0%| F|  |TS  0|AC  0|TAMS 0x000000070f300000, 0x000000070f300000|
| 244|0x000000070f400000, 0x000000070f400000, 0x000000070f500000|  0%| F|  |TS  0|AC  0|TAMS 0x000000070f400000, 0x000000070f400000|
| 245|0x000000070f500000, 0x000000070f500000, 0x000000070f600000|  0%| F|  |TS  0|AC  0|TAMS 0x000000070f500000, 0x000000070f500000|
| 246|0x000000070f600000, 0x000000070f600000, 0x000000070f700000|  0%| F|  |TS  0|AC  0|TAMS 0x000000070f600000, 0x000000070f600000|
| 247|0x000000070f700000, 0x000000070f700000, 0x000000070f800000|  0%| F|  |TS  0|AC  0|TAMS 0x000000070f700000, 0x000000070f700000|
| 248|0x000000070f800000, 0x000000070f800000, 0x000000070f900000|  0%| F|  |TS  0|AC  0|TAMS 0x000000070f800000, 0x000000070f800000|
| 249|0x000000070f900000, 0x000000070f900000, 0x000000070fa00000|  0%| F|  |TS  0|AC  0|TAMS 0x000000070f900000, 0x000000070f900000|
| 250|0x000000070fa00000, 0x000000070fa00000, 0x000000070fb00000|  0%| F|  |TS  0|AC  0|TAMS 0x000000070fa00000, 0x000000070fa00000|
| 251|0x000000070fb00000, 0x000000070fb00000, 0x000000070fc00000|  0%| F|  |TS  0|AC  0|TAMS 0x000000070fb00000, 0x000000070fb00000|
| 252|0x000000070fc00000, 0x000000070fc00000, 0x000000070fd00000|  0%| F|  |TS  0|AC  0|TAMS 0x000000070fc00000, 0x000000070fc00000|
| 253|0x000000070fd00000, 0x000000070fd00000, 0x000000070fe00000|  0%| F|  |TS  0|AC  0|TAMS 0x000000070fd00000, 0x000000070fd00000|
| 254|0x000000070fe00000, 0x000000070fe00000, 0x000000070ff00000|  0%| F|  |TS  0|AC  0|TAMS 0x000000070fe00000, 0x000000070fe00000|
| 255|0x000000070ff00000, 0x000000070ff00000, 0x0000000710000000|  0%| F|  |TS  0|AC  0|TAMS 0x000000070ff00000, 0x000000070ff00000|
| 256|0x0000000710000000, 0x0000000710000000, 0x0000000710100000|  0%| F|  |TS  0|AC  0|TAMS 0x0000000710000000, 0x0000000710000000|
| 257|0x0000000710100000, 0x0000000710100000, 0x0000000710200000|  0%| F|  |TS  0|AC  0|TAMS 0x0000000710100000, 0x0000000710100000|
| 258|0x0000000710200000, 0x0000000710200000, 0x0000000710300000|  0%| F|  |TS  0|AC  0|TAMS 0x0000000710200000, 0x0000000710200000|
| 259|0x0000000710300000, 0x0000000710300000, 0x0000000710400000|  0%| F|  |TS  0|AC  0|TAMS 0x0000000710300000, 0x0000000710300000|
| 260|0x0000000710400000, 0x0000000710400000, 0x0000000710500000|  0%| F|  |TS  0|AC  0|TAMS 0x0000000710400000, 0x0000000710400000|
| 261|0x0000000710500000, 0x0000000710500000, 0x0000000710600000|  0%| F|  |TS  0|AC  0|TAMS 0x0000000710500000, 0x0000000710500000|
| 262|0x0000000710600000, 0x0000000710600000, 0x0000000710700000|  0%| F|  |TS  0|AC  0|TAMS 0x0000000710600000, 0x0000000710600000|
| 263|0x0000000710700000, 0x0000000710700000, 0x0000000710800000|  0%| F|  |TS  0|AC  0|TAMS 0x0000000710700000, 0x0000000710700000|
| 264|0x0000000710800000, 0x0000000710800000, 0x0000000710900000|  0%| F|  |TS  0|AC  0|TAMS 0x0000000710800000, 0x0000000710800000|
| 265|0x0000000710900000, 0x0000000710900000, 0x0000000710a00000|  0%| F|  |TS  0|AC  0|TAMS 0x0000000710900000, 0x0000000710900000|
| 266|0x0000000710a00000, 0x0000000710a00000, 0x0000000710b00000|  0%| F|  |TS  0|AC  0|TAMS 0x0000000710a00000, 0x0000000710a00000|
| 267|0x0000000710b00000, 0x0000000710b00000, 0x0000000710c00000|  0%| F|  |TS  0|AC  0|TAMS 0x0000000710b00000, 0x0000000710b00000|
| 268|0x0000000710c00000, 0x0000000710c00000, 0x0000000710d00000|  0%| F|  |TS  0|AC  0|TAMS 0x0000000710c00000, 0x0000000710c00000|
| 269|0x0000000710d00000, 0x0000000710d00000, 0x0000000710e00000|  0%| F|  |TS  0|AC  0|TAMS 0x0000000710d00000, 0x0000000710d00000|
| 270|0x0000000710e00000, 0x0000000710e00000, 0x0000000710f00000|  0%| F|  |TS  0|AC  0|TAMS 0x0000000710e00000, 0x0000000710e00000|
| 271|0x0000000710f00000, 0x0000000710f00000, 0x0000000711000000|  0%| F|  |TS  0|AC  0|TAMS 0x0000000710f00000, 0x0000000710f00000|
| 272|0x0000000711000000, 0x0000000711000000, 0x0000000711100000|  0%| F|  |TS  0|AC  0|TAMS 0x0000000711000000, 0x0000000711000000|
| 273|0x0000000711100000, 0x0000000711100000, 0x0000000711200000|  0%| F|  |TS  0|AC  0|TAMS 0x0000000711100000, 0x0000000711100000|
| 274|0x0000000711200000, 0x0000000711200000, 0x0000000711300000|  0%| F|  |TS  0|AC  0|TAMS 0x0000000711200000, 0x0000000711200000|
| 275|0x0000000711300000, 0x0000000711300000, 0x0000000711400000|  0%| F|  |TS  0|AC  0|TAMS 0x0000000711300000, 0x0000000711300000|
| 276|0x0000000711400000, 0x0000000711400000, 0x0000000711500000|  0%| F|  |TS  0|AC  0|TAMS 0x0000000711400000, 0x0000000711400000|
| 277|0x0000000711500000, 0x0000000711500000, 0x0000000711600000|  0%| F|  |TS  0|AC  0|TAMS 0x0000000711500000, 0x0000000711500000|
| 278|0x0000000711600000, 0x0000000711600000, 0x0000000711700000|  0%| F|  |TS  0|AC  0|TAMS 0x0000000711600000, 0x0000000711600000|
| 279|0x0000000711700000, 0x0000000711700000, 0x0000000711800000|  0%| F|  |TS  0|AC  0|TAMS 0x0000000711700000, 0x0000000711700000|
| 280|0x0000000711800000, 0x0000000711800000, 0x0000000711900000|  0%| F|  |TS  0|AC  0|TAMS 0x0000000711800000, 0x0000000711800000|
| 281|0x0000000711900000, 0x0000000711900000, 0x0000000711a00000|  0%| F|  |TS  0|AC  0|TAMS 0x0000000711900000, 0x0000000711900000|
| 282|0x0000000711a00000, 0x0000000711a00000, 0x0000000711b00000|  0%| F|  |TS  0|AC  0|TAMS 0x0000000711a00000, 0x0000000711a00000|
| 283|0x0000000711b00000, 0x0000000711b00000, 0x0000000711c00000|  0%| F|  |TS  0|AC  0|TAMS 0x0000000711b00000, 0x0000000711b00000|
| 284|0x0000000711c00000, 0x0000000711c00000, 0x0000000711d00000|  0%| F|  |TS  0|AC  0|TAMS 0x0000000711c00000, 0x0000000711c00000|
| 285|0x0000000711d00000, 0x0000000711d00000, 0x0000000711e00000|  0%| F|  |TS  0|AC  0|TAMS 0x0000000711d00000, 0x0000000711d00000|
| 286|0x0000000711e00000, 0x0000000711e00000, 0x0000000711f00000|  0%| F|  |TS  0|AC  0|TAMS 0x0000000711e00000, 0x0000000711e00000|
| 287|0x0000000711f00000, 0x0000000711f00000, 0x0000000712000000|  0%| F|  |TS  0|AC  0|TAMS 0x0000000711f00000, 0x0000000711f00000|
| 288|0x0000000712000000, 0x0000000712000000, 0x0000000712100000|  0%| F|  |TS  0|AC  0|TAMS 0x0000000712000000, 0x0000000712000000|
| 289|0x0000000712100000, 0x0000000712100000, 0x0000000712200000|  0%| F|  |TS  0|AC  0|TAMS 0x0000000712100000, 0x0000000712100000|
| 290|0x0000000712200000, 0x0000000712200000, 0x0000000712300000|  0%| F|  |TS  0|AC  0|TAMS 0x0000000712200000, 0x0000000712200000|
| 291|0x0000000712300000, 0x0000000712300000, 0x0000000712400000|  0%| F|  |TS  0|AC  0|TAMS 0x0000000712300000, 0x0000000712300000|
| 292|0x0000000712400000, 0x0000000712400000, 0x0000000712500000|  0%| F|  |TS  0|AC  0|TAMS 0x0000000712400000, 0x0000000712400000|
| 293|0x0000000712500000, 0x0000000712500000, 0x0000000712600000|  0%| F|  |TS  0|AC  0|TAMS 0x0000000712500000, 0x0000000712500000|
| 294|0x0000000712600000, 0x0000000712600000, 0x0000000712700000|  0%| F|  |TS  0|AC  0|TAMS 0x0000000712600000, 0x0000000712600000|
| 295|0x0000000712700000, 0x0000000712700000, 0x0000000712800000|  0%| F|  |TS  0|AC  0|TAMS 0x0000000712700000, 0x0000000712700000|
| 296|0x0000000712800000, 0x0000000712800000, 0x0000000712900000|  0%| F|  |TS  0|AC  0|TAMS 0x0000000712800000, 0x0000000712800000|
| 297|0x0000000712900000, 0x0000000712900000, 0x0000000712a00000|  0%| F|  |TS  0|AC  0|TAMS 0x0000000712900000, 0x0000000712900000|
| 298|0x0000000712a00000, 0x0000000712a00000, 0x0000000712b00000|  0%| F|  |TS  0|AC  0|TAMS 0x0000000712a00000, 0x0000000712a00000|
| 299|0x0000000712b00000, 0x0000000712b00000, 0x0000000712c00000|  0%| F|  |TS  0|AC  0|TAMS 0x0000000712b00000, 0x0000000712b00000|
| 300|0x0000000712c00000, 0x0000000712ca13f0, 0x0000000712d00000| 62%| S|CS|TS  1|AC  0|TAMS 0x0000000712c00000, 0x0000000712c00000|
| 301|0x0000000712d00000, 0x0000000712d00000, 0x0000000712e00000|  0%| F|  |TS  1|AC  0|TAMS 0x0000000712d00000, 0x0000000712d00000|
| 302|0x0000000712e00000, 0x0000000712e00000, 0x0000000712f00000|  0%| F|  |TS  1|AC  0|TAMS 0x0000000712e00000, 0x0000000712e00000|
| 303|0x0000000712f00000, 0x0000000712f00000, 0x0000000713000000|  0%| F|  |TS  1|AC  0|TAMS 0x0000000712f00000, 0x0000000712f00000|
| 304|0x0000000713000000, 0x0000000713000000, 0x0000000713100000|  0%| F|  |TS  1|AC  0|TAMS 0x0000000713000000, 0x0000000713000000|
| 305|0x0000000713100000, 0x0000000713100000, 0x0000000713200000|  0%| F|  |TS  1|AC  0|TAMS 0x0000000713100000, 0x0000000713100000|
| 306|0x0000000713200000, 0x0000000713200000, 0x0000000713300000|  0%| F|  |TS  1|AC  0|TAMS 0x0000000713200000, 0x0000000713200000|
| 307|0x0000000713300000, 0x0000000713300000, 0x0000000713400000|  0%| F|  |TS  1|AC  0|TAMS 0x0000000713300000, 0x0000000713300000|
| 308|0x0000000713400000, 0x0000000713400000, 0x0000000713500000|  0%| F|  |TS  1|AC  0|TAMS 0x0000000713400000, 0x0000000713400000|
| 309|0x0000000713500000, 0x0000000713500000, 0x0000000713600000|  0%| F|  |TS  1|AC  0|TAMS 0x0000000713500000, 0x0000000713500000|
| 310|0x0000000713600000, 0x0000000713600000, 0x0000000713700000|  0%| F|  |TS  1|AC  0|TAMS 0x0000000713600000, 0x0000000713600000|
| 311|0x0000000713700000, 0x0000000713700000, 0x0000000713800000|  0%| F|  |TS  1|AC  0|TAMS 0x0000000713700000, 0x0000000713700000|
| 312|0x0000000713800000, 0x0000000713800000, 0x0000000713900000|  0%| F|  |TS  1|AC  0|TAMS 0x0000000713800000, 0x0000000713800000|
| 313|0x0000000713900000, 0x0000000713900000, 0x0000000713a00000|  0%| F|  |TS  1|AC  0|TAMS 0x0000000713900000, 0x0000000713900000|
| 314|0x0000000713a00000, 0x0000000713a00000, 0x0000000713b00000|  0%| F|  |TS  1|AC  0|TAMS 0x0000000713a00000, 0x0000000713a00000|
| 315|0x0000000713b00000, 0x0000000713b00000, 0x0000000713c00000|  0%| F|  |TS  1|AC  0|TAMS 0x0000000713b00000, 0x0000000713b00000|
| 316|0x0000000713c00000, 0x0000000713c00000, 0x0000000713d00000|  0%| F|  |TS  1|AC  0|TAMS 0x0000000713c00000, 0x0000000713c00000|
| 317|0x0000000713d00000, 0x0000000713d00000, 0x0000000713e00000|  0%| F|  |TS  1|AC  0|TAMS 0x0000000713d00000, 0x0000000713d00000|
| 318|0x0000000713e00000, 0x0000000713e00000, 0x0000000713f00000|  0%| F|  |TS  1|AC  0|TAMS 0x0000000713e00000, 0x0000000713e00000|
| 319|0x0000000713f00000, 0x0000000713f00000, 0x0000000714000000|  0%| F|  |TS  1|AC  0|TAMS 0x0000000713f00000, 0x0000000713f00000|
| 320|0x0000000714000000, 0x0000000714000000, 0x0000000714100000|  0%| F|  |TS  1|AC  0|TAMS 0x0000000714000000, 0x0000000714000000|
| 321|0x0000000714100000, 0x00000007141bfa78, 0x0000000714200000| 74%| E|  |TS  1|AC  0|TAMS 0x0000000714100000, 0x0000000714100000|
| 322|0x0000000714200000, 0x0000000714300000, 0x0000000714300000|100%| E|CS|TS  1|AC  0|TAMS 0x0000000714200000, 0x0000000714200000|
| 323|0x0000000714300000, 0x0000000714400000, 0x0000000714400000|100%| E|CS|TS  1|AC  0|TAMS 0x0000000714300000, 0x0000000714300000|
| 324|0x0000000714400000, 0x0000000714500000, 0x0000000714500000|100%| E|CS|TS  1|AC  0|TAMS 0x0000000714400000, 0x0000000714400000|
| 325|0x0000000714500000, 0x0000000714600000, 0x0000000714600000|100%| E|CS|TS  1|AC  0|TAMS 0x0000000714500000, 0x0000000714500000|
| 326|0x0000000714600000, 0x0000000714700000, 0x0000000714700000|100%| E|CS|TS  1|AC  0|TAMS 0x0000000714600000, 0x0000000714600000|
| 327|0x0000000714700000, 0x0000000714800000, 0x0000000714800000|100%| E|CS|TS  1|AC  0|TAMS 0x0000000714700000, 0x0000000714700000|
| 328|0x0000000714800000, 0x0000000714900000, 0x0000000714900000|100%| E|CS|TS  1|AC  0|TAMS 0x0000000714800000, 0x0000000714800000|
| 329|0x0000000714900000, 0x0000000714a00000, 0x0000000714a00000|100%| E|CS|TS  1|AC  0|TAMS 0x0000000714900000, 0x0000000714900000|
| 330|0x0000000714a00000, 0x0000000714b00000, 0x0000000714b00000|100%| E|CS|TS  1|AC  0|TAMS 0x0000000714a00000, 0x0000000714a00000|
| 331|0x0000000714b00000, 0x0000000714c00000, 0x0000000714c00000|100%| E|CS|TS  1|AC  0|TAMS 0x0000000714b00000, 0x0000000714b00000|
| 332|0x0000000714c00000, 0x0000000714d00000, 0x0000000714d00000|100%| E|CS|TS  1|AC  0|TAMS 0x0000000714c00000, 0x0000000714c00000|
| 333|0x0000000714d00000, 0x0000000714e00000, 0x0000000714e00000|100%| E|CS|TS  1|AC  0|TAMS 0x0000000714d00000, 0x0000000714d00000|
| 334|0x0000000714e00000, 0x0000000714f00000, 0x0000000714f00000|100%| E|CS|TS  1|AC  0|TAMS 0x0000000714e00000, 0x0000000714e00000|
| 335|0x0000000714f00000, 0x0000000715000000, 0x0000000715000000|100%| E|CS|TS  1|AC  0|TAMS 0x0000000714f00000, 0x0000000714f00000|
| 336|0x0000000715000000, 0x0000000715100000, 0x0000000715100000|100%| E|CS|TS  1|AC  0|TAMS 0x0000000715000000, 0x0000000715000000|
| 337|0x0000000715100000, 0x0000000715200000, 0x0000000715200000|100%| E|CS|TS  1|AC  0|TAMS 0x0000000715100000, 0x0000000715100000|
| 338|0x0000000715200000, 0x0000000715300000, 0x0000000715300000|100%| E|CS|TS  1|AC  0|TAMS 0x0000000715200000, 0x0000000715200000|
| 339|0x0000000715300000, 0x0000000715400000, 0x0000000715400000|100%| E|CS|TS  1|AC  0|TAMS 0x0000000715300000, 0x0000000715300000|
| 340|0x0000000715400000, 0x0000000715500000, 0x0000000715500000|100%| E|CS|TS  1|AC  0|TAMS 0x0000000715400000, 0x0000000715400000|
| 341|0x0000000715500000, 0x0000000715600000, 0x0000000715600000|100%| E|CS|TS  1|AC  0|TAMS 0x0000000715500000, 0x0000000715500000|
| 342|0x0000000715600000, 0x0000000715700000, 0x0000000715700000|100%| E|CS|TS  1|AC  0|TAMS 0x0000000715600000, 0x0000000715600000|
| 343|0x0000000715700000, 0x0000000715800000, 0x0000000715800000|100%| E|CS|TS  1|AC  0|TAMS 0x0000000715700000, 0x0000000715700000|
| 344|0x0000000715800000, 0x0000000715900000, 0x0000000715900000|100%| E|CS|TS  1|AC  0|TAMS 0x0000000715800000, 0x0000000715800000|
| 345|0x0000000715900000, 0x0000000715a00000, 0x0000000715a00000|100%| E|CS|TS  1|AC  0|TAMS 0x0000000715900000, 0x0000000715900000|
| 346|0x0000000715a00000, 0x0000000715b00000, 0x0000000715b00000|100%| E|CS|TS  1|AC  0|TAMS 0x0000000715a00000, 0x0000000715a00000|
| 347|0x0000000715b00000, 0x0000000715c00000, 0x0000000715c00000|100%| E|CS|TS  1|AC  0|TAMS 0x0000000715b00000, 0x0000000715b00000|
| 348|0x0000000715c00000, 0x0000000715d00000, 0x0000000715d00000|100%| E|CS|TS  1|AC  0|TAMS 0x0000000715c00000, 0x0000000715c00000|
| 349|0x0000000715d00000, 0x0000000715e00000, 0x0000000715e00000|100%| E|CS|TS  1|AC  0|TAMS 0x0000000715d00000, 0x0000000715d00000|
| 350|0x0000000715e00000, 0x0000000715f00000, 0x0000000715f00000|100%| E|CS|TS  1|AC  0|TAMS 0x0000000715e00000, 0x0000000715e00000|
| 351|0x0000000715f00000, 0x0000000716000000, 0x0000000716000000|100%| E|CS|TS  1|AC  0|TAMS 0x0000000715f00000, 0x0000000715f00000|
| 352|0x0000000716000000, 0x0000000716100000, 0x0000000716100000|100%| E|CS|TS  1|AC  0|TAMS 0x0000000716000000, 0x0000000716000000|
| 353|0x0000000716100000, 0x0000000716200000, 0x0000000716200000|100%| E|CS|TS  1|AC  0|TAMS 0x0000000716100000, 0x0000000716100000|
| 354|0x0000000716200000, 0x0000000716300000, 0x0000000716300000|100%| E|CS|TS  1|AC  0|TAMS 0x0000000716200000, 0x0000000716200000|
| 355|0x0000000716300000, 0x0000000716400000, 0x0000000716400000|100%| E|CS|TS  1|AC  0|TAMS 0x0000000716300000, 0x0000000716300000|
| 356|0x0000000716400000, 0x0000000716500000, 0x0000000716500000|100%| E|CS|TS  1|AC  0|TAMS 0x0000000716400000, 0x0000000716400000|
| 357|0x0000000716500000, 0x0000000716600000, 0x0000000716600000|100%| E|CS|TS  1|AC  0|TAMS 0x0000000716500000, 0x0000000716500000|
| 358|0x0000000716600000, 0x0000000716700000, 0x0000000716700000|100%| E|CS|TS  1|AC  0|TAMS 0x0000000716600000, 0x0000000716600000|
| 359|0x0000000716700000, 0x0000000716800000, 0x0000000716800000|100%| E|CS|TS  1|AC  0|TAMS 0x0000000716700000, 0x0000000716700000|
| 360|0x0000000716800000, 0x0000000716900000, 0x0000000716900000|100%| E|CS|TS  1|AC  0|TAMS 0x0000000716800000, 0x0000000716800000|

Card table byte_map: [0x000000000e500000,0x000000000eb00000] byte_map_base: 0x000000000ad00000

Marking Bits (Prev, Next): (CMBitMap*) 0x000000000a2b7338, (CMBitMap*) 0x000000000a2b7300
 Prev Bits: [0x000000002adc0000, 0x000000002ddc0000)
 Next Bits: [0x0000000027dc0000, 0x000000002adc0000)

Polling page: 0x0000000000100000

CodeHeap 'non-profiled nmethods': size=120064Kb used=27444Kb max_used=27444Kb free=92619Kb
 bounds [0x0000000020880000, 0x0000000022360000, 0x0000000027dc0000]
CodeHeap 'profiled nmethods': size=120000Kb used=48985Kb max_used=50352Kb free=71014Kb
 bounds [0x0000000019350000, 0x000000001c570000, 0x0000000020880000]
CodeHeap 'non-nmethods': size=5696Kb used=1883Kb max_used=1938Kb free=3812Kb
 bounds [0x0000000018dc0000, 0x0000000019030000, 0x0000000019350000]
 total_blobs=43745 nmethods=21282 adapters=1286
 compilation: enabled

Compilation events (10 events):
Event: 10401.714 Thread 0x0000000007cd8000 30203       3       de.javasoft.plaf.synthetica.StyleFactory$15::mouseExited (50 bytes)
Event: 10401.716 Thread 0x0000000007cd8000 nmethod 30203 0x000000001b35a310 code [0x000000001b35a540, 0x000000001b35ae28]
Event: 10402.728 Thread 0x000000000913c000 30204       4       java.awt.event.ComponentEvent::<init> (7 bytes)
Event: 10402.740 Thread 0x000000000913c000 nmethod 30204 0x0000000022351a10 code [0x0000000022351bc0, 0x0000000022351f38]
Event: 10402.740 Thread 0x0000000007cd8000 30205       3       java.util.AbstractList$Itr::<init> (6 bytes)
Event: 10402.740 Thread 0x0000000007cd8000 nmethod 30205 0x000000001b0b2a10 code [0x000000001b0b2bc0, 0x000000001b0b2e50]
Event: 10402.740 Thread 0x0000000007cd8000 30206       3       java.util.AbstractList$Itr::<init> (31 bytes)
Event: 10402.740 Thread 0x0000000007cd8000 nmethod 30206 0x000000001b0c0890 code [0x000000001b0c0a40, 0x000000001b0c0c70]
Event: 10402.768 Thread 0x0000000007cd8000 30207   !   3       java.awt.BorderLayout::removeLayoutComponent (156 bytes)
Event: 10402.769 Thread 0x0000000007cd8000 nmethod 30207 0x000000001b39a010 code [0x000000001b39a200, 0x000000001b39aab0]

GC Heap History (10 events):
Event: 10334.053 GC heap before
{Heap before GC invocations=1044 (full 373):
 garbage-first heap   total 377856K, used 175503K [0x0000000700000000, 0x0000000700100b88, 0x00000007c0000000)
  region size 1024K, 60 young (61440K), 1 survivors (1024K)
 Metaspace       used 91049K, capacity 93356K, committed 100656K, reserved 1136640K
  class space    used 11839K, capacity 12318K, committed 13872K, reserved 1048576K
}
Event: 10334.073 GC heap after
{Heap after GC invocations=1045 (full 373):
 garbage-first heap   total 377856K, used 115097K [0x0000000700000000, 0x0000000700100b88, 0x00000007c0000000)
  region size 1024K, 1 young (1024K), 1 survivors (1024K)
 Metaspace       used 91049K, capacity 93356K, committed 100656K, reserved 1136640K
  class space    used 11839K, capacity 12318K, committed 13872K, reserved 1048576K
}
Event: 10334.471 GC heap before
{Heap before GC invocations=1045 (full 373):
 garbage-first heap   total 377856K, used 175513K [0x0000000700000000, 0x0000000700100b88, 0x00000007c0000000)
  region size 1024K, 60 young (61440K), 1 survivors (1024K)
 Metaspace       used 91050K, capacity 93356K, committed 100656K, reserved 1136640K
  class space    used 11839K, capacity 12318K, committed 13872K, reserved 1048576K
}
Event: 10334.481 GC heap after
{Heap after GC invocations=1046 (full 373):
 garbage-first heap   total 377856K, used 115224K [0x0000000700000000, 0x0000000700100b88, 0x00000007c0000000)
  region size 1024K, 2 young (2048K), 2 survivors (2048K)
 Metaspace       used 91050K, capacity 93356K, committed 100656K, reserved 1136640K
  class space    used 11839K, capacity 12318K, committed 13872K, reserved 1048576K
}
Event: 10334.552 GC heap before
{Heap before GC invocations=1046 (full 373):
 garbage-first heap   total 377856K, used 125464K [0x0000000700000000, 0x0000000700100b88, 0x00000007c0000000)
  region size 1024K, 13 young (13312K), 2 survivors (2048K)
 Metaspace       used 91050K, capacity 93356K, committed 100656K, reserved 1136640K
  class space    used 11839K, capacity 12318K, committed 13872K, reserved 1048576K
}
Event: 10334.562 GC heap after
{Heap after GC invocations=1047 (full 373):
 garbage-first heap   total 377856K, used 115095K [0x0000000700000000, 0x0000000700100b88, 0x00000007c0000000)
  region size 1024K, 1 young (1024K), 1 survivors (1024K)
 Metaspace       used 91050K, capacity 93356K, committed 100656K, reserved 1136640K
  class space    used 11839K, capacity 12318K, committed 13872K, reserved 1048576K
}
Event: 10335.460 GC heap before
{Heap before GC invocations=1047 (full 373):
 garbage-first heap   total 377856K, used 130455K [0x0000000700000000, 0x0000000700100b88, 0x00000007c0000000)
  region size 1024K, 11 young (11264K), 1 survivors (1024K)
 Metaspace       used 91062K, capacity 93356K, committed 100656K, reserved 1136640K
  class space    used 11839K, capacity 12318K, committed 13872K, reserved 1048576K
}
Event: 10336.045 GC heap after
{Heap after GC invocations=1048 (full 374):
 garbage-first heap   total 369664K, used 110888K [0x0000000700000000, 0x0000000700100b48, 0x00000007c0000000)
  region size 1024K, 0 young (0K), 0 survivors (0K)
 Metaspace       used 91062K, capacity 93356K, committed 100656K, reserved 1136640K
  class space    used 11839K, capacity 12318K, committed 13872K, reserved 1048576K
}
Event: 10400.524 GC heap before
{Heap before GC invocations=1048 (full 374):
 garbage-first heap   total 369664K, used 174376K [0x0000000700000000, 0x0000000700100b48, 0x00000007c0000000)
  region size 1024K, 60 young (61440K), 0 survivors (0K)
 Metaspace       used 91066K, capacity 93356K, committed 100656K, reserved 1136640K
  class space    used 11839K, capacity 12318K, committed 13872K, reserved 1048576K
}
Event: 10400.533 GC heap after
{Heap after GC invocations=1049 (full 374):
 garbage-first heap   total 369664K, used 113581K [0x0000000700000000, 0x0000000700100b48, 0x00000007c0000000)
  region size 1024K, 1 young (1024K), 1 survivors (1024K)
 Metaspace       used 91066K, capacity 93356K, committed 100656K, reserved 1136640K
  class space    used 11839K, capacity 12318K, committed 13872K, reserved 1048576K
}

Deoptimization events (10 events):
Event: 10292.888 Thread 0x0000000041998000 Uncommon trap: reason=unstable_if action=reinterpret pc=0x0000000021518878 method=com.jidesoft.editor.SyntaxDocument.a(Ljava/lang/String;Ljava/lang/StringBuffer;Ljava/lang/String;[I)I @ 113 c2
Event: 10300.318 Thread 0x0000000009e52800 Uncommon trap: reason=unstable_if action=reinterpret pc=0x00000000214b1dbc method=com.jidesoft.editor.SyntaxDocument.a(Ljava/lang/String;Ljava/lang/StringBuffer;Ljava/lang/String;[I)I @ 113 c2
Event: 10319.073 Thread 0x0000000009e52800 Uncommon trap: reason=null_assert_or_unreached0 action=make_not_entrant pc=0x000000002233b624 method=ui.views.O.f.e.compareTo(Ljava/lang/Object;)I @ 2 c2
Event: 10319.074 Thread 0x0000000009e52800 Uncommon trap: reason=null_assert_or_unreached0 action=make_not_entrant pc=0x000000002233bb7c method=ui.views.O.f.e.compareTo(Ljava/lang/Object;)I @ 2 c2
Event: 10319.612 Thread 0x0000000009e52800 Uncommon trap: reason=null_check action=make_not_entrant pc=0x000000002212de14 method=java.awt.Font.defaultLineMetrics(Ljava/awt/font/FontRenderContext;)Lsun/font/FontLineMetrics; @ 16 c2
Event: 10329.737 Thread 0x0000000009e52800 Uncommon trap: reason=unstable_if action=reinterpret pc=0x000000002130ee78 method=java.lang.Throwable.getOurStackTrace()[Ljava/lang/StackTraceElement; @ 7 c2
Event: 10330.132 Thread 0x0000000009e52800 Uncommon trap: reason=unstable_if action=reinterpret pc=0x0000000021fc6118 method=ui.views.c.s.a.f.bo()Z @ 24 c2
Event: 10330.132 Thread 0x0000000009e52800 Uncommon trap: reason=unstable_if action=reinterpret pc=0x0000000021d64e98 method=ui.views.c.s.a.k.bo()Z @ 24 c2
Event: 10332.929 Thread 0x0000000009e52800 Uncommon trap: reason=unstable_if action=reinterpret pc=0x00000000217b4a8c method=java.awt.ModalEventFilter.acceptEvent(Ljava/awt/AWTEvent;)Ljava/awt/EventFilter$FilterAction; @ 58 c2
Event: 10336.071 Thread 0x0000000009e52800 Uncommon trap: reason=range_check action=make_not_entrant pc=0x00000000222e62c4 method=java.awt.geom.AffineTransform.<init>([D)V @ 7 c2

Classes redefined (0 events):
No events

Internal exceptions (10 events):
Event: 10089.757 Thread 0x0000000041998000 Exception <a 'java/lang/InterruptedException'{0x0000000718029468}: sleep interrupted> (0x0000000718029468) thrown at [t:/workspace/hotspot/src/share/vm/prims/jvm.cpp, line 2984]
Event: 10317.884 Thread 0x0000000041995000 Exception <a 'java/lang/InterruptedException'{0x0000000717da5d78}: sleep interrupted> (0x0000000717da5d78) thrown at [t:/workspace/hotspot/src/share/vm/prims/jvm.cpp, line 2984]
Event: 10319.074 Thread 0x0000000009e52800 Exception <a 'java/lang/ClassCastException'{0x0000000717f57718}: ui.views.O.f.e cannot be cast to java.base/java.lang.String> (0x0000000717f57718) thrown at [t:/workspace/hotspot/src/share/vm/interpreter/interpreterRuntime.cpp, line 380]
Event: 10319.074 Thread 0x0000000009e52800 Exception <a 'java/lang/ClassCastException'{0x0000000717f57f78}: ui.views.O.f.e cannot be cast to java.base/java.lang.String> (0x0000000717f57f78) thrown at [t:/workspace/hotspot/src/share/vm/interpreter/interpreterRuntime.cpp, line 380]
Event: 10319.612 Thread 0x0000000009e52800 Implicit null exception at 0x000000002212d3e9 to 0x000000002212de05
Event: 10329.711 Thread 0x0000000009e52800 Exception <a 'ui/frmwork/CommandFailedException'{0x0000000715c8e8d8}: Unknown exception occurred> (0x0000000715c8e8d8) thrown at [t:/workspace/hotspot/src/share/vm/prims/jni.cpp, line 625]
Event: 10329.964 Thread 0x0000000009e52800 Exception <a 'ui/frmwork/CommandFailedException'{0x0000000714077da8}: Unknown exception occurred> (0x0000000714077da8) thrown at [t:/workspace/hotspot/src/share/vm/prims/jni.cpp, line 625]
Event: 10329.984 Thread 0x0000000009e52800 Exception <a 'ui/frmwork/CommandFailedException'{0x0000000713f49cb8}: Unknown exception occurred> (0x0000000713f49cb8) thrown at [t:/workspace/hotspot/src/share/vm/prims/jni.cpp, line 625]
Event: 10330.023 Thread 0x0000000009e52800 Exception <a 'ui/frmwork/CommandFailedException'{0x0000000713eacfa8}: Unknown exception occurred> (0x0000000713eacfa8) thrown at [t:/workspace/hotspot/src/share/vm/prims/jni.cpp, line 625]
Event: 10330.046 Thread 0x0000000009e52800 Exception <a 'ui/frmwork/CommandFailedException'{0x0000000713d7d428}: Unknown exception occurred> (0x0000000713d7d428) thrown at [t:/workspace/hotspot/src/share/vm/prims/jni.cpp, line 625]

Events (10 events):
Event: 10400.652 Thread 0x0000000041999000 Thread exited: 0x0000000041999000
Event: 10401.490 Thread 0x0000000041999000 Thread added: 0x0000000041999000
Event: 10401.501 Thread 0x0000000041999000 Thread exited: 0x0000000041999000
Event: 10402.490 Thread 0x0000000041999000 Thread added: 0x0000000041999000
Event: 10402.501 Thread 0x0000000041999000 Thread exited: 0x0000000041999000
Event: 10402.713 Thread 0x0000000041999000 Thread added: 0x0000000041999000
Event: 10402.715 Executing VM operation: RevokeBias
Event: 10402.723 Executing VM operation: RevokeBias done
Event: 10402.725 Executing VM operation: RevokeBias
Event: 10402.725 Executing VM operation: RevokeBias done


Dynamic libraries:
0x000000013f860000 - 0x000000013f890000 	C:\Xilinx\Vivado\2018.3\bin\unwrapped\win64.o\vivado.exe
0x00000000776b0000 - 0x000000007784f000 	C:\windows\SYSTEM32\ntdll.dll
0x0000000077490000 - 0x00000000775af000 	C:\windows\system32\kernel32.dll
0x000007fefd440000 - 0x000007fefd4a7000 	C:\windows\system32\KERNELBASE.dll
0x000007fef3810000 - 0x000007fef3824000 	C:\Xilinx\Vivado\2018.3\lib\win64.o\libboost_signals.dll
0x000007fef3190000 - 0x000007fef322d000 	C:\windows\system32\MSVCP140.dll
0x000007fef43e0000 - 0x000007fef43f7000 	C:\windows\system32\VCRUNTIME140.dll
0x000007fef6770000 - 0x000007fef6774000 	C:\windows\system32\api-ms-win-crt-runtime-l1-1-0.dll
0x000007fef4af0000 - 0x000007fef4be4000 	C:\windows\system32\ucrtbase.DLL
0x000007fef7ba0000 - 0x000007fef7ba3000 	C:\windows\system32\api-ms-win-core-timezone-l1-1-0.dll
0x000007fef7b70000 - 0x000007fef7b73000 	C:\windows\system32\api-ms-win-core-file-l2-1-0.dll
0x000007fef6cc0000 - 0x000007fef6cc3000 	C:\windows\system32\api-ms-win-core-localization-l1-2-0.dll
0x000007fef7d40000 - 0x000007fef7d43000 	C:\windows\system32\api-ms-win-core-synch-l1-2-0.dll
0x000007fef67f0000 - 0x000007fef67f3000 	C:\windows\system32\api-ms-win-core-processthreads-l1-1-1.dll
0x000007fef67e0000 - 0x000007fef67e3000 	C:\windows\system32\api-ms-win-core-file-l1-2-0.dll
0x000007fef6760000 - 0x000007fef6764000 	C:\windows\system32\api-ms-win-crt-string-l1-1-0.dll
0x000007fef6750000 - 0x000007fef6753000 	C:\windows\system32\api-ms-win-crt-heap-l1-1-0.dll
0x000007fef3900000 - 0x000007fef3904000 	C:\windows\system32\api-ms-win-crt-stdio-l1-1-0.dll
0x000007fef38f0000 - 0x000007fef38f4000 	C:\windows\system32\api-ms-win-crt-convert-l1-1-0.dll
0x000007fef38e0000 - 0x000007fef38e3000 	C:\windows\system32\api-ms-win-crt-locale-l1-1-0.dll
0x000007fef38d0000 - 0x000007fef38d5000 	C:\windows\system32\api-ms-win-crt-math-l1-1-0.dll
0x000007fef38c0000 - 0x000007fef38c5000 	C:\windows\system32\api-ms-win-crt-multibyte-l1-1-0.dll
0x000007fef38b0000 - 0x000007fef38b3000 	C:\windows\system32\api-ms-win-crt-time-l1-1-0.dll
0x000007fef38a0000 - 0x000007fef38a3000 	C:\windows\system32\api-ms-win-crt-filesystem-l1-1-0.dll
0x000007fef3890000 - 0x000007fef3893000 	C:\windows\system32\api-ms-win-crt-environment-l1-1-0.dll
0x000007fef3880000 - 0x000007fef3883000 	C:\windows\system32\api-ms-win-crt-utility-l1-1-0.dll
0x000007feebcd0000 - 0x000007feecb64000 	C:\Xilinx\Vivado\2018.3\lib\win64.o\librdi_common.dll
0x000007feed6a0000 - 0x000007feeda0e000 	C:\Xilinx\Vivado\2018.3\lib\win64.o\libCOIN-all.dll
0x000007fef0610000 - 0x000007fef08c5000 	C:\Xilinx\Vivado\2018.3\lib\win64.o\libXil_lmgr11.dll
0x00000000775b0000 - 0x00000000776aa000 	C:\windows\system32\USER32.dll
0x000007fefee50000 - 0x000007fefeeb7000 	C:\windows\system32\GDI32.dll
0x000007fefd8e0000 - 0x000007fefd8ee000 	C:\windows\system32\LPK.dll
0x000007feff380000 - 0x000007feff44b000 	C:\windows\system32\USP10.dll
0x000007fefedb0000 - 0x000007fefee4f000 	C:\windows\system32\msvcrt.dll
0x000007fefb270000 - 0x000007fefb286000 	C:\windows\system32\NETAPI32.dll
0x000007fefc620000 - 0x000007fefc62c000 	C:\windows\system32\netutils.dll
0x000007fefcd60000 - 0x000007fefcd83000 	C:\windows\system32\srvcli.dll
0x000007fefde50000 - 0x000007fefdf7c000 	C:\windows\system32\RPCRT4.dll
0x000007fefb250000 - 0x000007fefb265000 	C:\windows\system32\wkscli.dll
0x000007fefdf80000 - 0x000007fefe017000 	C:\windows\system32\COMDLG32.dll
0x000007fefd910000 - 0x000007fefd981000 	C:\windows\system32\SHLWAPI.dll
0x000007fef6490000 - 0x000007fef6530000 	C:\windows\WinSxS\amd64_microsoft.windows.common-controls_6595b64144ccf1df_5.82.7601.18837_none_a4d981ff711297b6\COMCTL32.dll
0x000007fefd990000 - 0x000007fefda6b000 	C:\windows\system32\ADVAPI32.dll
0x000007fefd8f0000 - 0x000007fefd90f000 	C:\windows\SYSTEM32\sechost.dll
0x000007fefe020000 - 0x000007fefedab000 	C:\windows\system32\SHELL32.dll
0x000007fef8a10000 - 0x000007fef8a19000 	C:\windows\system32\WSOCK32.dll
0x000007feff450000 - 0x000007feff49d000 	C:\windows\system32\WS2_32.dll
0x000007fefeec0000 - 0x000007fefeec8000 	C:\windows\system32\NSI.dll
0x000007fefd5c0000 - 0x000007fefd69b000 	C:\windows\system32\OLEAUT32.dll
0x000007feff4a0000 - 0x000007feff69f000 	C:\windows\system32\ole32.dll
0x000007fef9f90000 - 0x000007fef9fa8000 	C:\windows\system32\dhcpcsvc.DLL
0x000007fef3840000 - 0x000007fef3843000 	C:\windows\system32\api-ms-win-crt-conio-l1-1-0.dll
0x000007fefd400000 - 0x000007fefd43b000 	C:\windows\system32\WINTRUST.dll
0x000007fefd290000 - 0x000007fefd3fd000 	C:\windows\system32\CRYPT32.dll
0x000007fefd200000 - 0x000007fefd20f000 	C:\windows\system32\MSASN1.dll
0x000007fef37f0000 - 0x000007fef3804000 	C:\Xilinx\Vivado\2018.3\lib\win64.o\libboost_date_time.dll
0x000007fef3440000 - 0x000007fef3466000 	C:\Xilinx\Vivado\2018.3\lib\win64.o\libboost_filesystem.dll
0x000007fef3830000 - 0x000007fef383b000 	C:\Xilinx\Vivado\2018.3\lib\win64.o\libboost_system.dll
0x000007fef1ac0000 - 0x000007fef1b3f000 	C:\Xilinx\Vivado\2018.3\lib\win64.o\libboost_program_options.dll
0x000007fef04f0000 - 0x000007fef0604000 	C:\Xilinx\Vivado\2018.3\lib\win64.o\libboost_regex.dll
0x000007fef35c0000 - 0x000007fef35e1000 	C:\Xilinx\Vivado\2018.3\lib\win64.o\libboost_thread.dll
0x000007fef3430000 - 0x000007fef343d000 	C:\Xilinx\Vivado\2018.3\lib\win64.o\libboost_chrono.dll
0x000007fef35b0000 - 0x000007fef35bf000 	C:\Xilinx\Vivado\2018.3\lib\win64.o\libboost_xilinx.dll
0x000007fef3100000 - 0x000007fef3182000 	C:\Xilinx\Vivado\2018.3\lib\win64.o\libhdlpsolve.dll
0x000007fef1a10000 - 0x000007fef1ab5000 	C:\Xilinx\Vivado\2018.3\lib\win64.o\libhdxml.dll
0x000007feece50000 - 0x000007feed69e600 	C:\Xilinx\Vivado\2018.3\lib\win64.o\libisl_iostreams.dll
0x000007fef3390000 - 0x000007fef33ab000 	C:\Xilinx\Vivado\2018.3\lib\win64.o\libboost_iostreams.dll
0x000007fef30d0000 - 0x000007fef30f1000 	C:\Xilinx\Vivado\2018.3\lib\win64.o\librdizlib.dll
0x000007fef30a0000 - 0x000007fef30c5000 	C:\Xilinx\Vivado\2018.3\lib\win64.o\libisl_iosutils.dll
0x000007fef04c0000 - 0x000007fef04ee000 	C:\Xilinx\Vivado\2018.3\lib\win64.o\libisl_sysinfo.dll
0x000007fef0450000 - 0x000007fef04b5000 	C:\Xilinx\Vivado\2018.3\lib\win64.o\liblmx6.0.dll
0x000007fef33e0000 - 0x000007fef33fa000 	C:\Xilinx\Vivado\2018.3\lib\win64.o\pthreadVC2.dll
0x000007feecd20000 - 0x000007feece41000 	C:\Xilinx\Vivado\2018.3\lib\win64.o\librdi_commonxillic.dll
0x000007fef0430000 - 0x000007fef044c000 	C:\Xilinx\Vivado\2018.3\lib\win64.o\librdiconfig.dll
0x000000006fe40000 - 0x000000006ff6b000 	C:\Xilinx\Vivado\2018.3\lib\win64.o\tcl85t.dll
0x0000000012000000 - 0x0000000012272000 	C:\Xilinx\Vivado\2018.3\lib\win64.o\xerces-c_3_1.dll
0x000007fefeed0000 - 0x000007feff37c000 	C:\windows\system32\WININET.dll
0x000007fefd4d0000 - 0x000007fefd4d4000 	C:\windows\system32\api-ms-win-downlevel-user32-l1-1-0.dll
0x000007fefd500000 - 0x000007fefd504000 	C:\windows\system32\api-ms-win-downlevel-shlwapi-l1-1-0.dll
0x000007fefd270000 - 0x000007fefd274000 	C:\windows\system32\api-ms-win-downlevel-version-l1-1-0.dll
0x000007fefc2b0000 - 0x000007fefc2bc000 	C:\windows\system32\version.DLL
0x000007fefd280000 - 0x000007fefd283000 	C:\windows\system32\api-ms-win-downlevel-normaliz-l1-1-0.dll
0x0000000077850000 - 0x0000000077853000 	C:\windows\system32\normaliz.DLL
0x000007feff6d0000 - 0x000007feff99a000 	C:\windows\system32\iertutil.dll
0x000007fefd220000 - 0x000007fefd225000 	C:\windows\system32\api-ms-win-downlevel-advapi32-l1-1-0.dll
0x000007fefd4b0000 - 0x000007fefd4cf000 	C:\windows\system32\USERENV.dll
0x000007fefd210000 - 0x000007fefd21f000 	C:\windows\system32\profapi.dll
0x000007fef9670000 - 0x000007fef96e1000 	C:\windows\system32\WINHTTP.dll
0x000007fef9600000 - 0x000007fef9665000 	C:\windows\system32\webio.dll
0x000007fefdbb0000 - 0x000007fefdd38000 	C:\windows\system32\urlmon.dll
0x000007fefd5b0000 - 0x000007fefd5b4000 	C:\windows\system32\api-ms-win-downlevel-ole32-l1-1-0.dll
0x000007feeae30000 - 0x000007feebcc1000 	C:\Xilinx\Vivado\2018.3\lib\win64.o\gurobi65.dll
0x000007feeccf0000 - 0x000007feecd1e000 	C:\windows\system32\VCOMP140.DLL
0x000007feeccd0000 - 0x000007feecce4000 	C:\Xilinx\Vivado\2018.3\lib\win64.o\librdi_commonmain.dll
0x000007fef3060000 - 0x000007fef306a000 	C:\Xilinx\Vivado\2018.3\lib\win64.o\librdi_commonversion.dll
0x000007feff6a0000 - 0x000007feff6ce000 	C:\windows\system32\IMM32.DLL
0x000007fefdd40000 - 0x000007fefde49000 	C:\windows\system32\MSCTF.dll
0x000007feea930000 - 0x000007feeae25000 	C:\Xilinx\Vivado\2018.3\lib\win64.o\librdi_commontasks.dll
0x000000006d150000 - 0x000000006db75000 	C:\Xilinx\Vivado\2018.3\tps\win64\jre9.0.4\bin\server\jvm.dll
0x000007fef7d70000 - 0x000007fef7dab000 	C:\windows\system32\WINMM.dll
0x0000000077860000 - 0x0000000077867000 	C:\windows\system32\PSAPI.DLL
0x000007feecbe0000 - 0x000007feecccf000 	C:\Xilinx\Vivado\2018.3\tps\win64\jre9.0.4\bin\MSVCR120.dll
0x000007feea6b0000 - 0x000007feea92f000 	C:\Xilinx\Vivado\2018.3\lib\win64.o\librdi_sio.dll
0x000007fefa0a0000 - 0x000007fefa0c7000 	C:\windows\system32\IPHLPAPI.DLL
0x000007fefa090000 - 0x000007fefa09b000 	C:\windows\system32\WINNSI.DLL
0x000007fefc940000 - 0x000007fefc995000 	C:\windows\system32\MSWSOCK.DLL
0x000007fee8030000 - 0x000007feea3f2000 	C:\Xilinx\Vivado\2018.3\lib\win64.o\librdi_tcltasks.dll
0x000007fee7c50000 - 0x000007fee802c000 	C:\Xilinx\Vivado\2018.3\lib\win64.o\librdi_bitstream.dll
0x000007fed6ef0000 - 0x000007fee7c42000 	C:\Xilinx\Vivado\2018.3\lib\win64.o\librdi_device.dll
0x000007fed6ea0000 - 0x000007fed6eec000 	C:\Xilinx\Vivado\2018.3\lib\win64.o\libboost_serialization.dll
0x000007fed6350000 - 0x000007fed6e97000 	C:\Xilinx\Vivado\2018.3\lib\win64.o\libverific.dll
0x000007fed61d0000 - 0x000007fed634e000 	C:\Xilinx\Vivado\2018.3\lib\win64.o\librdi_board.dll
0x000007fed6160000 - 0x000007fed61ca000 	C:\Xilinx\Vivado\2018.3\lib\win64.o\librdi_boarddep.dll
0x000007fed6080000 - 0x000007fed615c000 	C:\Xilinx\Vivado\2018.3\lib\win64.o\librdi_chipscope.dll
0x000007fed5f20000 - 0x000007fed6074000 	C:\Xilinx\Vivado\2018.3\lib\win64.o\librdi_advchipscopeimpl.dll
0x000007fed4610000 - 0x000007fed5f15000 	C:\Xilinx\Vivado\2018.3\lib\win64.o\librdi_constraints.dll
0x000007fed3fd0000 - 0x000007fed460f000 	C:\Xilinx\Vivado\2018.3\lib\win64.o\librdi_filemgmt.dll
0x000007fed3f10000 - 0x000007fed3fc8000 	C:\Xilinx\Vivado\2018.3\lib\win64.o\librdi_hip_devdesign.dll
0x000007fed3e60000 - 0x000007fed3f0b000 	C:\Xilinx\Vivado\2018.3\lib\win64.o\librdi_ipconfig_readwrite.dll
0x000007fed3820000 - 0x000007fed3e5b000 	C:\Xilinx\Vivado\2018.3\lib\win64.o\librdi_netlist.dll
0x000007fed3790000 - 0x000007fed3818000 	C:\Xilinx\Vivado\2018.3\lib\win64.o\librdi_meir_core.dll
0x000007fed3750000 - 0x000007fed3788000 	C:\Xilinx\Vivado\2018.3\lib\win64.o\librdi_noc_frameworks.dll
0x000007fed3390000 - 0x000007fed3745000 	C:\Xilinx\Vivado\2018.3\lib\win64.o\librdi_hip_config.dll
0x000007fed31f0000 - 0x000007fed338d000 	C:\Xilinx\Vivado\2018.3\lib\win64.o\librdi_hip_noc_tools.dll
0x000007fed2af0000 - 0x000007fed31e3000 	C:\Xilinx\Vivado\2018.3\lib\win64.o\librdi_psta.dll
0x000007fed0cd0000 - 0x000007fed2aef000 	C:\Xilinx\Vivado\2018.3\lib\win64.o\librdi_coregen.dll
0x000007fed05f0000 - 0x000007fed0cca000 	C:\Xilinx\Vivado\2018.3\lib\win64.o\librdi_coregenipxact.dll
0x000007fecc7f0000 - 0x000007fed05eb000 	C:\Xilinx\Vivado\2018.3\lib\win64.o\librdi_designutils.dll

VM Arguments:
jvm_args: -Dsun.java2d.pmoffscreen=false -Dsun.java2d.xrender=false -Dsun.java2d.d3d=false -Dsun.awt.nopixfmt=true -Dsun.java2d.dpiaware=true -Dsun.java2d.uiScale.enabled=false -Xverify:none -Dswing.aatext=true -XX:-UsePerfData -Djdk.map.althashing.threshold=512 -XX:StringTableSize=4072 --add-opens=java.base/java.nio=ALL-UNNAMED --add-opens=java.desktop/sun.swing=ALL-UNNAMED --add-opens=java.desktop/javax.swing=ALL-UNNAMED --add-opens=java.desktop/javax.swing.tree=ALL-UNNAMED --add-opens=java.desktop/javax.swing.plaf.basic=ALL-UNNAMED --add-opens=java.desktop/javax.swing.plaf.synth=ALL-UNNAMED --add-opens=java.desktop/com.sun.awt=ALL-UNNAMED -XX:NewSize=60m -XX:MaxNewSize=60m -Xms128m -Xmx3072m -Xss5m 
java_command: <unknown>
java_class_path (initial): C:/Xilinx/Vivado/2018.3\lib\classes\alloy.jar;C:/Xilinx/Vivado/2018.3\lib\classes\autopilot.scelaborator.jar;C:/Xilinx/Vivado/2018.3\lib\classes\autopilot.sourceprocessor.jar;C:/Xilinx/Vivado/2018.3\lib\classes\autopilot.tbprocessor.jar;C:/Xilinx/Vivado/2018.3\lib\classes\batik-anim.jar;C:/Xilinx/Vivado/2018.3\lib\classes\batik-awt-util.jar;C:/Xilinx/Vivado/2018.3\lib\classes\batik-bridge.jar;C:/Xilinx/Vivado/2018.3\lib\classes\batik-codec.jar;C:/Xilinx/Vivado/2018.3\lib\classes\batik-css.jar;C:/Xilinx/Vivado/2018.3\lib\classes\batik-dom.jar;C:/Xilinx/Vivado/2018.3\lib\classes\batik-ext.jar;C:/Xilinx/Vivado/2018.3\lib\classes\batik-gui-util.jar;C:/Xilinx/Vivado/2018.3\lib\classes\batik-gvt.jar;C:/Xilinx/Vivado/2018.3\lib\classes\batik-parser.jar;C:/Xilinx/Vivado/2018.3\lib\classes\batik-script.jar;C:/Xilinx/Vivado/2018.3\lib\classes\batik-svg-dom.jar;C:/Xilinx/Vivado/2018.3\lib\classes\batik-swing.jar;C:/Xilinx/Vivado/2018.3\lib\classes\batik-transcoder.jar;C:/Xilinx/Vivado/2018.3\lib\classes\batik-util.jar;C:/Xilinx/Vivado/2018.3\lib\classes\batik-xml.jar;C:/Xilinx/Vivado/2018.3\lib\classes\com.ibm.icu_4.4.2.v20110208.jar;C:/Xilinx/Vivado/2018.3\lib\classes\commons-collections4-4.1.jar;C:/Xilinx/Vivado/2018.3\lib\classes\commons-math-2.2.jar;C:/Xilinx/Vivado/2018.3\lib\classes\dom4j-1.6.1.jar;C:/Xilinx/Vivado/2018.3\lib\classes\guava-18.0.jar;C:/Xilinx/Vivado/2018.3\lib\classes\help.jar;C:/Xilinx/Vivado/2018.3\lib\classes\hsqldb.jar;C:/Xilinx/Vivado/2018.3\lib\classes\jargs.jar;C:/Xilinx/Vivado/2018.3\lib\classes\jaxb-api-2.3.0.jar;C:/Xilinx/Vivado/2018.3\lib\classes\jh.jar;C:/Xilinx/Vivado/2018.3\lib\classes\jide-action.jar;C:/Xilinx/Vivado/2018.3\lib\classes\jide-charts.jar;C:/Xilinx/Vivado/2018.3\lib\classes\jide-common.jar;C:/Xilinx/Vivado/2018.3\lib\classes\jide-components.jar;C:/Xilinx/Vivado/2018.3\lib\classes\jide-dashboard.jar;C:/Xilinx/Vivado/2018.3\lib\classes\jide-data.jar;C:/Xilinx/Vivado/2018.3\lib\classes\jide-dialogs.jar
Launcher Type: generic

Logging:
Log output configuration:
#0: stdout all=warning uptime,level,tags
#1: stderr all=off uptime,level,tags

Environment Variables:
PATH=C:/Xilinx/Vivado/2018.3/bin;C:/Xilinx/Vivado/2018.3/lib/win64.o;C:/Xilinx/Vivado/2018.3/tps/win64/jre9.0.4/bin/server;C:/Xilinx/Vivado/2018.3/tps/win64/jre9.0.4/bin;C:/Xilinx/SDK/2018.3/bin;C:/Xilinx/Vivado/2018.3/ids_lite/ISE/bin/nt64;C:/Xilinx/Vivado/2018.3/ids_lite/ISE/lib/nt64;C:\Program Files (x86)\Common Files\Oracle\Java\javapath;C:\Program Files (x86)\AMD APP\bin\x86_64;C:\Program Files (x86)\AMD APP\bin\x86;C:\windows\system32;C:\windows;C:\windows\System32\Wbem;C:\windows\System32\WindowsPowerShell\v1.0\;C:\Program Files\TortoiseSVN\bin;C:/Xilinx/Vivado/2018.3\tps\mingw\6.2.0\win64.o\nt\bin;C:/Xilinx/Vivado/2018.3\tps\mingw\6.2.0\win64.o\nt\libexec\gcc\x86_64-w64-mingw32\6.2.0
USERNAME=borntrae
OS=Windows_NT
PROCESSOR_IDENTIFIER=AMD64 Family 16 Model 6 Stepping 2, AuthenticAMD



---------------  S Y S T E M  ---------------

OS: Windows 7 , 64 bit Build 7601 (6.1.7601.24499)

CPU:total 2 (initial active 2) (2 cores per cpu, 1 threads per core) family 16 model 6 stepping 2, cmov, cx8, fxsr, mmx, sse, sse2, sse3, popcnt, mmxext, 3dnowpref, lzcnt, sse4a, tsc, tscinvbit, tscinv

Memory: 4k page, physical 6028468k(2742816k free), swap 12055036k(7472292k free)

vm_info: Java HotSpot(TM) 64-Bit Server VM (9.0.4+11) for windows-amd64 JRE (9.0.4+11), built on Dec 20 2017 02:18:54 by "mach5one" with MS VC++ 12.0 (VS2013)

END.
