Vivado Simulator 2018.3
Time resolution is 1 ps
 Block Memory Generator module loading initial data...
 Block Memory Generator data initialization complete.
Block Memory Generator module raifes_top_tb.DUT.thecore.raifes.cop.cop_mem.Block_RAM2.inst.native_mem_mapped_module.blk_mem_gen_v8_4_2_inst is using a behavioral model for simulation which will not precisely model memory collision behavior.
 Block Memory Generator module loading initial data...
 Block Memory Generator data initialization complete.
Block Memory Generator module raifes_top_tb.DUT.thecore.Block_RAM0.inst.native_mem_mapped_module.blk_mem_gen_v8_4_2_inst is using a behavioral model for simulation which will not precisely model memory collision behavior.
==================================
==== FLAVOR TESTBENCH STARTET ====
==================================
waiting for NVRAM startup..
Warning: [Unisim MMCME2_ADV-20] Input CLKIN1 period and attribute CLKIN1_PERIOD are not same. Instance raifes_top_tb.DUT.clk_wiz0.inst.mmcm_adv_inst 
disabling RESET..
JTAG TAP: reset..
JTAG TAP: send halt request.
JTAG TAP: wait some cycles.
JTAG TAP: Read status of debug module..
JTAG TAP: Request resume..
===================== 
= Instruction Tests = 
===================== 
ADDI   : read mem file for testcase   1blk_mem_gen_v8_4_2 collision detected at time: 2738870000, Instance: raifes_top_tb.DUT.thecore.Block_RAM0.inst.native_mem_mapped_module.blk_mem_gen_v8_4_2_inst, A write address: 10, B read address: 10
 o.k., running..success.
ADD    : read mem file for testcase   2