irun: 15.20-s035: (c) Copyright 1995-2017 Cadence Design Systems, Inc.
TOOL:	irun	15.20-s035: Started on Nov 10, 2018 at 07:21:38 CET
irun
	-access +rc
	-covoverwrite
	+incdir+../CY14V101QS_official/
	-incdir ../../..
	.././raifes_qspi_if.v
	.././raifes_qspi_if_tb.v
	.././CY14V101QS_official/cy14v101xs_ncvlog.vp
file: .././raifes_qspi_if.v
	module worklib.raifes_qspi_if:v
		errors: 0, warnings: 0
file: .././raifes_qspi_if_tb.v
	module worklib.raifes_qspi_if_tb:v
		errors: 0, warnings: 0
file: .././CY14V101QS_official/cy14v101xs_ncvlog.vp
	module worklib.cy14v101xs:vp
		errors: 0, warnings: 0
ncvlog: *W,WARIPR: warning within protected source code.
ncvlog: *W,WARIPR: warning within protected source code.
ncvlog: *W,WARIPR: warning within protected source code.
		errors: 0, warnings: 0
		errors: 0, warnings: 0
		errors: 0, warnings: 0
		errors: 0, warnings: 0
		errors: 0, warnings: 0
		errors: 0, warnings: 0
		errors: 0, warnings: 0
		errors: 0, warnings: 0
		errors: 0, warnings: 0
		errors: 0, warnings: 0
		errors: 0, warnings: 0
		errors: 0, warnings: 0
		errors: 0, warnings: 0
		errors: 0, warnings: 0
		errors: 0, warnings: 0
		errors: 0, warnings: 0
		errors: 0, warnings: 0
		errors: 0, warnings: 0
		errors: 0, warnings: 0
		errors: 0, warnings: 0
		errors: 0, warnings: 0
		errors: 0, warnings: 0
		errors: 0, warnings: 0
		errors: 0, warnings: 0
		errors: 0, warnings: 0
		errors: 0, warnings: 0
		errors: 0, warnings: 0
		errors: 0, warnings: 0
		errors: 0, warnings: 0
		errors: 0, warnings: 0
		errors: 0, warnings: 0
		errors: 0, warnings: 0
		errors: 0, warnings: 0
		errors: 0, warnings: 0
		errors: 0, warnings: 0
		errors: 0, warnings: 0
		errors: 0, warnings: 0
		errors: 0, warnings: 0
		errors: 0, warnings: 0
		errors: 0, warnings: 0
		errors: 0, warnings: 0
		errors: 0, warnings: 0
		errors: 0, warnings: 0
		errors: 0, warnings: 0
		errors: 0, warnings: 0
		errors: 0, warnings: 0
		errors: 0, warnings: 0
		errors: 0, warnings: 0
		errors: 0, warnings: 0
		errors: 0, warnings: 0
		errors: 0, warnings: 0
		errors: 0, warnings: 0
		errors: 0, warnings: 0
		errors: 0, warnings: 0
		errors: 0, warnings: 0
		errors: 0, warnings: 0
		errors: 0, warnings: 0
		errors: 0, warnings: 0
		errors: 0, warnings: 0
		errors: 0, warnings: 0
		errors: 0, warnings: 0
		errors: 0, warnings: 0
		errors: 0, warnings: 0
		errors: 0, warnings: 0
		errors: 0, warnings: 0
		errors: 0, warnings: 0
		errors: 0, warnings: 0
		errors: 0, warnings: 0
		errors: 0, warnings: 0
		errors: 0, warnings: 0
		errors: 0, warnings: 0
		errors: 0, warnings: 0
		errors: 0, warnings: 0
		errors: 0, warnings: 0
		errors: 0, warnings: 0
		errors: 0, warnings: 0
		errors: 0, warnings: 0
		errors: 0, warnings: 0
		errors: 0, warnings: 0
		errors: 0, warnings: 0
		errors: 0, warnings: 0
		errors: 0, warnings: 0
		errors: 0, warnings: 0
		errors: 0, warnings: 0
		errors: 0, warnings: 0
		errors: 0, warnings: 0
		errors: 0, warnings: 0
		errors: 0, warnings: 0
		errors: 0, warnings: 0
		errors: 0, warnings: 0
		errors: 0, warnings: 0
		errors: 0, warnings: 0
		errors: 0, warnings: 0
		errors: 0, warnings: 0
		errors: 0, warnings: 0
		errors: 0, warnings: 0
		errors: 0, warnings: 0
		errors: 0, warnings: 0
		errors: 0, warnings: 0
		errors: 0, warnings: 0
		errors: 0, warnings: 0
		errors: 0, warnings: 0
		errors: 0, warnings: 0
		errors: 0, warnings: 0
		errors: 0, warnings: 0
		errors: 0, warnings: 0
		errors: 0, warnings: 0
		errors: 0, warnings: 0
		errors: 0, warnings: 0
		errors: 0, warnings: 0
		errors: 0, warnings: 0
		errors: 0, warnings: 0
		errors: 0, warnings: 0
		errors: 0, warnings: 0
		errors: 0, warnings: 0
		errors: 0, warnings: 0
		errors: 0, warnings: 0
		errors: 0, warnings: 0
		errors: 0, warnings: 0
		errors: 0, warnings: 0
		errors: 0, warnings: 0
		errors: 0, warnings: 0
		errors: 0, warnings: 0
		errors: 0, warnings: 0
		errors: 0, warnings: 0
		errors: 0, warnings: 0
		errors: 0, warnings: 0
		errors: 0, warnings: 0
		errors: 0, warnings: 0
		errors: 0, warnings: 0
		errors: 0, warnings: 0
		errors: 0, warnings: 0
		errors: 0, warnings: 0
		errors: 0, warnings: 0
		errors: 0, warnings: 0
		errors: 0, warnings: 0
		errors: 0, warnings: 0
		errors: 0, warnings: 0
		errors: 0, warnings: 0
		errors: 0, warnings: 0
		errors: 0, warnings: 0
		errors: 0, warnings: 0
		errors: 0, warnings: 0
		errors: 0, warnings: 0
		errors: 0, warnings: 0
		errors: 0, warnings: 0
		errors: 0, warnings: 0
		errors: 0, warnings: 0
		errors: 0, warnings: 0
		errors: 0, warnings: 0
		errors: 0, warnings: 0
		errors: 0, warnings: 0
		errors: 0, warnings: 0
		errors: 0, warnings: 0
		errors: 0, warnings: 0
		errors: 0, warnings: 0
		errors: 0, warnings: 0
		errors: 0, warnings: 0
		errors: 0, warnings: 0
		errors: 0, warnings: 0
		errors: 0, warnings: 0
		errors: 0, warnings: 0
		errors: 0, warnings: 0
		errors: 0, warnings: 0
		errors: 0, warnings: 0
		errors: 0, warnings: 0
		errors: 0, warnings: 0
		errors: 0, warnings: 0
		errors: 0, warnings: 0
		errors: 0, warnings: 0
		errors: 0, warnings: 0
		errors: 0, warnings: 0
		errors: 0, warnings: 0
		errors: 0, warnings: 0
		errors: 0, warnings: 0
		errors: 0, warnings: 0
		errors: 0, warnings: 0
		errors: 0, warnings: 0
		errors: 0, warnings: 0
		errors: 0, warnings: 0
		errors: 0, warnings: 0
		errors: 0, warnings: 0
		errors: 0, warnings: 0
		errors: 0, warnings: 0
		errors: 0, warnings: 0
		errors: 0, warnings: 0
		errors: 0, warnings: 0
		errors: 0, warnings: 0
		errors: 0, warnings: 0
		errors: 0, warnings: 0
		errors: 0, warnings: 0
		errors: 0, warnings: 0
		errors: 0, warnings: 0
		errors: 0, warnings: 0
		errors: 0, warnings: 0
		errors: 0, warnings: 0
		errors: 0, warnings: 0
		errors: 0, warnings: 0
		errors: 0, warnings: 0
		errors: 0, warnings: 0
		errors: 0, warnings: 0
		errors: 0, warnings: 0
		errors: 0, warnings: 0
		errors: 0, warnings: 0
		errors: 0, warnings: 0
		errors: 0, warnings: 0
		errors: 0, warnings: 0
		errors: 0, warnings: 0
		errors: 0, warnings: 0
		errors: 0, warnings: 0
		errors: 0, warnings: 0
		errors: 0, warnings: 0
		errors: 0, warnings: 0
		errors: 0, warnings: 0
		errors: 0, warnings: 0
		errors: 0, warnings: 0
		errors: 0, warnings: 0
		errors: 0, warnings: 0
		errors: 0, warnings: 0
		errors: 0, warnings: 0
		errors: 0, warnings: 0
		errors: 0, warnings: 0
		errors: 0, warnings: 0
		errors: 0, warnings: 0
		errors: 0, warnings: 0
		errors: 0, warnings: 0
		errors: 0, warnings: 0
		errors: 0, warnings: 0
		errors: 0, warnings: 0
		errors: 0, warnings: 0
		errors: 0, warnings: 0
		errors: 0, warnings: 0
		errors: 0, warnings: 0
		errors: 0, warnings: 0
		errors: 0, warnings: 0
		errors: 0, warnings: 0
		errors: 0, warnings: 0
		errors: 0, warnings: 0
		errors: 0, warnings: 0
		errors: 0, warnings: 0
		errors: 0, warnings: 0
		errors: 0, warnings: 0
		errors: 0, warnings: 0
		errors: 0, warnings: 0
		errors: 0, warnings: 0
		errors: 0, warnings: 0
		errors: 0, warnings: 0
		errors: 0, warnings: 0
		errors: 0, warnings: 0
		errors: 0, warnings: 0
		errors: 0, warnings: 0
		errors: 0, warnings: 0
		errors: 0, warnings: 0
		errors: 0, warnings: 0
		errors: 0, warnings: 0
		errors: 0, warnings: 0
		errors: 0, warnings: 0
		errors: 0, warnings: 0
		errors: 0, warnings: 0
		errors: 0, warnings: 0
		errors: 0, warnings: 0
		errors: 0, warnings: 0
		errors: 0, warnings: 0
		errors: 0, warnings: 0
		errors: 0, warnings: 0
		errors: 0, warnings: 0
		errors: 0, warnings: 0
		errors: 0, warnings: 0
		errors: 0, warnings: 0
		errors: 0, warnings: 0
		errors: 0, warnings: 0
		errors: 0, warnings: 0
		errors: 0, warnings: 0
		errors: 0, warnings: 0
		errors: 0, warnings: 0
		errors: 0, warnings: 0
		errors: 0, warnings: 0
		errors: 0, warnings: 0
		errors: 0, warnings: 0
		errors: 0, warnings: 0
		errors: 0, warnings: 0
		errors: 0, warnings: 0
		errors: 0, warnings: 0
		errors: 0, warnings: 0
		errors: 0, warnings: 0
		errors: 0, warnings: 0
		errors: 0, warnings: 0
		errors: 0, warnings: 0
		errors: 0, warnings: 0
		errors: 0, warnings: 0
		errors: 0, warnings: 0
		errors: 0, warnings: 0
		errors: 0, warnings: 0
		errors: 0, warnings: 0
		errors: 0, warnings: 0
		errors: 0, warnings: 0
		errors: 0, warnings: 0
		errors: 0, warnings: 0
		errors: 0, warnings: 0
		errors: 0, warnings: 0
		errors: 0, warnings: 0
		errors: 0, warnings: 0
		errors: 0, warnings: 0
		errors: 0, warnings: 0
		errors: 0, warnings: 0
		errors: 0, warnings: 0
		errors: 0, warnings: 0
		errors: 0, warnings: 0
		errors: 0, warnings: 0
		errors: 0, warnings: 0
		errors: 0, warnings: 0
		errors: 0, warnings: 0
		errors: 0, warnings: 0
		errors: 0, warnings: 0
		errors: 0, warnings: 0
		errors: 0, warnings: 0
		errors: 0, warnings: 0
		errors: 0, warnings: 0
		errors: 0, warnings: 0
		errors: 0, warnings: 0
		errors: 0, warnings: 0
		errors: 0, warnings: 0
		errors: 0, warnings: 0
		errors: 0, warnings: 0
		errors: 0, warnings: 0
		errors: 0, warnings: 0
		errors: 0, warnings: 0
		errors: 0, warnings: 0
		errors: 0, warnings: 0
		errors: 0, warnings: 0
		errors: 0, warnings: 0
		errors: 0, warnings: 0
		errors: 0, warnings: 0
		errors: 0, warnings: 0
		errors: 0, warnings: 0
		errors: 0, warnings: 0
		errors: 0, warnings: 0
		errors: 0, warnings: 0
		errors: 0, warnings: 0
		errors: 0, warnings: 0
		errors: 0, warnings: 0
		errors: 0, warnings: 0
		errors: 0, warnings: 0
		errors: 0, warnings: 0
		errors: 0, warnings: 0
		errors: 0, warnings: 0
		errors: 0, warnings: 0
		errors: 0, warnings: 0
		errors: 0, warnings: 0
		errors: 0, warnings: 0
		errors: 0, warnings: 0
		errors: 0, warnings: 0
		errors: 0, warnings: 0
		errors: 0, warnings: 0
		errors: 0, warnings: 0
		errors: 0, warnings: 0
		errors: 0, warnings: 0
		errors: 0, warnings: 0
		errors: 0, warnings: 0
		errors: 0, warnings: 0
		errors: 0, warnings: 0
		errors: 0, warnings: 0
		errors: 0, warnings: 0
		errors: 0, warnings: 0
		errors: 0, warnings: 0
		errors: 0, warnings: 0
		errors: 0, warnings: 0
		errors: 0, warnings: 0
		errors: 0, warnings: 0
		errors: 0, warnings: 0
		errors: 0, warnings: 0
		errors: 0, warnings: 0
		errors: 0, warnings: 0
		errors: 0, warnings: 0
		errors: 0, warnings: 0
		errors: 0, warnings: 0
		errors: 0, warnings: 0
		errors: 0, warnings: 0
		errors: 0, warnings: 0
		errors: 0, warnings: 0
		errors: 0, warnings: 0
		errors: 0, warnings: 0
		errors: 0, warnings: 0
		errors: 0, warnings: 0
		errors: 0, warnings: 0
		errors: 0, warnings: 0
		errors: 0, warnings: 0
		errors: 0, warnings: 0
		errors: 0, warnings: 0
		errors: 0, warnings: 0
		errors: 0, warnings: 0
		errors: 0, warnings: 0
		errors: 0, warnings: 0
		errors: 0, warnings: 0
		errors: 0, warnings: 0
		errors: 0, warnings: 0
		errors: 0, warnings: 0
		errors: 0, warnings: 0
		errors: 0, warnings: 0
		errors: 0, warnings: 0
		errors: 0, warnings: 0
		errors: 0, warnings: 0
		errors: 0, warnings: 0
		errors: 0, warnings: 0
		errors: 0, warnings: 0
		errors: 0, warnings: 0
		errors: 0, warnings: 0
		errors: 0, warnings: 0
		errors: 0, warnings: 0
		errors: 0, warnings: 0
		errors: 0, warnings: 0
		errors: 0, warnings: 0
		errors: 0, warnings: 0
		errors: 0, warnings: 0
		errors: 0, warnings: 0
		errors: 0, warnings: 0
		errors: 0, warnings: 0
		errors: 0, warnings: 0
		errors: 0, warnings: 0
		errors: 0, warnings: 0
		errors: 0, warnings: 0
		errors: 0, warnings: 0
		errors: 0, warnings: 0
		errors: 0, warnings: 0
		errors: 0, warnings: 0
		errors: 0, warnings: 0
		errors: 0, warnings: 0
		errors: 0, warnings: 0
		errors: 0, warnings: 0
		errors: 0, warnings: 0
		errors: 0, warnings: 0
		errors: 0, warnings: 0
		errors: 0, warnings: 0
		errors: 0, warnings: 0
		errors: 0, warnings: 0
		errors: 0, warnings: 0
		errors: 0, warnings: 0
		errors: 0, warnings: 0
		errors: 0, warnings: 0
		errors: 0, warnings: 0
		errors: 0, warnings: 0
		errors: 0, warnings: 0
		errors: 0, warnings: 0
		errors: 0, warnings: 0
		errors: 0, warnings: 0
		errors: 0, warnings: 0
		errors: 0, warnings: 0
		errors: 0, warnings: 0
		errors: 0, warnings: 0
		errors: 0, warnings: 0
		errors: 0, warnings: 0
		errors: 0, warnings: 0
		errors: 0, warnings: 0
		errors: 0, warnings: 0
		errors: 0, warnings: 0
		errors: 0, warnings: 0
		errors: 0, warnings: 0
		errors: 0, warnings: 0
		errors: 0, warnings: 0
		errors: 0, warnings: 0
		errors: 0, warnings: 0
		errors: 0, warnings: 0
		errors: 0, warnings: 0
		errors: 0, warnings: 0
		errors: 0, warnings: 0
		errors: 0, warnings: 0
		errors: 0, warnings: 0
		errors: 0, warnings: 0
		errors: 0, warnings: 0
		errors: 0, warnings: 0
		errors: 0, warnings: 0
		errors: 0, warnings: 0
		errors: 0, warnings: 0
		errors: 0, warnings: 0
		errors: 0, warnings: 0
		errors: 0, warnings: 0
		errors: 0, warnings: 0
		errors: 0, warnings: 0
		errors: 0, warnings: 0
		errors: 0, warnings: 0
		errors: 0, warnings: 0
		errors: 0, warnings: 0
		errors: 0, warnings: 0
		errors: 0, warnings: 0
		errors: 0, warnings: 0
		errors: 0, warnings: 0
		errors: 0, warnings: 0
		errors: 0, warnings: 0
		errors: 0, warnings: 0
		errors: 0, warnings: 0
		errors: 0, warnings: 0
		errors: 0, warnings: 0
		errors: 0, warnings: 0
		errors: 0, warnings: 0
		errors: 0, warnings: 0
		errors: 0, warnings: 0
		errors: 0, warnings: 0
		errors: 0, warnings: 0
		errors: 0, warnings: 0
		errors: 0, warnings: 0
		errors: 0, warnings: 0
		errors: 0, warnings: 0
		errors: 0, warnings: 0
		errors: 0, warnings: 0
		errors: 0, warnings: 0
		errors: 0, warnings: 0
		errors: 0, warnings: 0
		errors: 0, warnings: 0
		errors: 0, warnings: 0
		errors: 0, warnings: 0
		errors: 0, warnings: 0
		errors: 0, warnings: 0
		errors: 0, warnings: 0
		errors: 0, warnings: 0
		errors: 0, warnings: 0
		errors: 0, warnings: 0
		errors: 0, warnings: 0
		errors: 0, warnings: 0
		errors: 0, warnings: 0
		errors: 0, warnings: 0
		errors: 0, warnings: 0
		errors: 0, warnings: 0
		errors: 0, warnings: 0
		errors: 0, warnings: 0
		errors: 0, warnings: 0
		errors: 0, warnings: 0
		errors: 0, warnings: 0
		errors: 0, warnings: 0
		errors: 0, warnings: 0
		errors: 0, warnings: 0
		errors: 0, warnings: 0
		errors: 0, warnings: 0
		errors: 0, warnings: 0
		errors: 0, warnings: 0
		errors: 0, warnings: 0
		errors: 0, warnings: 0
		errors: 0, warnings: 0
		errors: 0, warnings: 0
		errors: 0, warnings: 0
		errors: 0, warnings: 0
		errors: 0, warnings: 0
		errors: 0, warnings: 0
		errors: 0, warnings: 0
		errors: 0, warnings: 0
		errors: 0, warnings: 0
		errors: 0, warnings: 0
		errors: 0, warnings: 0
		errors: 0, warnings: 0
		errors: 0, warnings: 0
		errors: 0, warnings: 0
		errors: 0, warnings: 0
		errors: 0, warnings: 0
		errors: 0, warnings: 0
		errors: 0, warnings: 0
		errors: 0, warnings: 0
		errors: 0, warnings: 0
		errors: 0, warnings: 0
		errors: 0, warnings: 0
		errors: 0, warnings: 0
		errors: 0, warnings: 0
		errors: 0, warnings: 0
		errors: 0, warnings: 0
		errors: 0, warnings: 0
		errors: 0, warnings: 0
		errors: 0, warnings: 0
		errors: 0, warnings: 0
		errors: 0, warnings: 0
		errors: 0, warnings: 0
		errors: 0, warnings: 0
		errors: 0, warnings: 0
		errors: 0, warnings: 0
		errors: 0, warnings: 0
		errors: 0, warnings: 0
		errors: 0, warnings: 0
		errors: 0, warnings: 0
		errors: 0, warnings: 0
		errors: 0, warnings: 0
		errors: 0, warnings: 0
		errors: 0, warnings: 0
		errors: 0, warnings: 0
		errors: 0, warnings: 0
		errors: 0, warnings: 0
		errors: 0, warnings: 0
		errors: 0, warnings: 0
		errors: 0, warnings: 0
		errors: 0, warnings: 0
		errors: 0, warnings: 0
		errors: 0, warnings: 0
		errors: 0, warnings: 0
		errors: 0, warnings: 0
		errors: 0, warnings: 0
		errors: 0, warnings: 0
		errors: 0, warnings: 0
		errors: 0, warnings: 0
		errors: 0, warnings: 0
		errors: 0, warnings: 0
		errors: 0, warnings: 0
		errors: 0, warnings: 0
		errors: 0, warnings: 0
		errors: 0, warnings: 0
		errors: 0, warnings: 0
		errors: 0, warnings: 0
		errors: 0, warnings: 0
		errors: 0, warnings: 0
		errors: 0, warnings: 0
		errors: 0, warnings: 0
		errors: 0, warnings: 0
		errors: 0, warnings: 0
		errors: 0, warnings: 0
		errors: 0, warnings: 0
		errors: 0, warnings: 0
		errors: 0, warnings: 0
		errors: 0, warnings: 0
		errors: 0, warnings: 0
		errors: 0, warnings: 0
		errors: 0, warnings: 0
		errors: 0, warnings: 0
		errors: 0, warnings: 0
		errors: 0, warnings: 0
		errors: 0, warnings: 0
		errors: 0, warnings: 0
		errors: 0, warnings: 0
		errors: 0, warnings: 0
		errors: 0, warnings: 0
		errors: 0, warnings: 0
		errors: 0, warnings: 0
		errors: 0, warnings: 0
		errors: 0, warnings: 0
		errors: 0, warnings: 0
		errors: 0, warnings: 0
		errors: 0, warnings: 0
		errors: 0, warnings: 0
		errors: 0, warnings: 0
		errors: 0, warnings: 0
		errors: 0, warnings: 0
		errors: 0, warnings: 0
		errors: 0, warnings: 0
		errors: 0, warnings: 0
		errors: 0, warnings: 0
		errors: 0, warnings: 0
		errors: 0, warnings: 0
		errors: 0, warnings: 0
		errors: 0, warnings: 0
		errors: 0, warnings: 0
		errors: 0, warnings: 0
		errors: 0, warnings: 0
		errors: 0, warnings: 0
		errors: 0, warnings: 0
		errors: 0, warnings: 0
		errors: 0, warnings: 0
		errors: 0, warnings: 0
		errors: 0, warnings: 0
		errors: 0, warnings: 0
		errors: 0, warnings: 0
		errors: 0, warnings: 0
		errors: 0, warnings: 0
		errors: 0, warnings: 0
		errors: 0, warnings: 0
		errors: 0, warnings: 0
		errors: 0, warnings: 0
		errors: 0, warnings: 0
		errors: 0, warnings: 0
		errors: 0, warnings: 0
		errors: 0, warnings: 0
		errors: 0, warnings: 0
		errors: 0, warnings: 0
		errors: 0, warnings: 0
		errors: 0, warnings: 0
		errors: 0, warnings: 0
		errors: 0, warnings: 0
		errors: 0, warnings: 0
		errors: 0, warnings: 0
		errors: 0, warnings: 0
		errors: 0, warnings: 0
		errors: 0, warnings: 0
		errors: 0, warnings: 0
		errors: 0, warnings: 0
		errors: 0, warnings: 0
		errors: 0, warnings: 0
		errors: 0, warnings: 0
		errors: 0, warnings: 0
		errors: 0, warnings: 0
		errors: 0, warnings: 0
		errors: 0, warnings: 0
		errors: 0, warnings: 0
		errors: 0, warnings: 0
		errors: 0, warnings: 0
		errors: 0, warnings: 0
		errors: 0, warnings: 0
		errors: 0, warnings: 0
		errors: 0, warnings: 0
		errors: 0, warnings: 0
		errors: 0, warnings: 0
		errors: 0, warnings: 0
		errors: 0, warnings: 0
		errors: 0, warnings: 0
		errors: 0, warnings: 0
		errors: 0, warnings: 0
		errors: 0, warnings: 0
		errors: 0, warnings: 0
		errors: 0, warnings: 0
		errors: 0, warnings: 0
		errors: 0, warnings: 0
		errors: 0, warnings: 0
		errors: 0, warnings: 0
		errors: 0, warnings: 0
		errors: 0, warnings: 0
		errors: 0, warnings: 0
		errors: 0, warnings: 0
		errors: 0, warnings: 0
		errors: 0, warnings: 0
		errors: 0, warnings: 0
		errors: 0, warnings: 0
		errors: 0, warnings: 0
		errors: 0, warnings: 0
		errors: 0, warnings: 0
		errors: 0, warnings: 0
		errors: 0, warnings: 0
		errors: 0, warnings: 0
		errors: 0, warnings: 0
		errors: 0, warnings: 0
		errors: 0, warnings: 0
		errors: 0, warnings: 0
		errors: 0, warnings: 0
		errors: 0, warnings: 0
		errors: 0, warnings: 0
		errors: 0, warnings: 0
		errors: 0, warnings: 0
		errors: 0, warnings: 0
		errors: 0, warnings: 0
		errors: 0, warnings: 0
		errors: 0, warnings: 0
		errors: 0, warnings: 0
		errors: 0, warnings: 0
		errors: 0, warnings: 0
		errors: 0, warnings: 0
		errors: 0, warnings: 0
		errors: 0, warnings: 0
		errors: 0, warnings: 0
		errors: 0, warnings: 0
		errors: 0, warnings: 0
		errors: 0, warnings: 0
		errors: 0, warnings: 0
		errors: 0, warnings: 0
		errors: 0, warnings: 0
		errors: 0, warnings: 0
		errors: 0, warnings: 0
		errors: 0, warnings: 0
		errors: 0, warnings: 0
		errors: 0, warnings: 0
		errors: 0, warnings: 0
		errors: 0, warnings: 0
		errors: 0, warnings: 0
		errors: 0, warnings: 0
		errors: 0, warnings: 0
		errors: 0, warnings: 0
		errors: 0, warnings: 0
		errors: 0, warnings: 0
		errors: 0, warnings: 0
		errors: 0, warnings: 0
		errors: 0, warnings: 0
		errors: 0, warnings: 0
		errors: 0, warnings: 0
		errors: 0, warnings: 0
		errors: 0, warnings: 0
		errors: 0, warnings: 0
		errors: 0, warnings: 0
		errors: 0, warnings: 0
		errors: 0, warnings: 0
		errors: 0, warnings: 0
		errors: 0, warnings: 0
		errors: 0, warnings: 0
		errors: 0, warnings: 0
		errors: 0, warnings: 0
		errors: 0, warnings: 0
		errors: 0, warnings: 0
		errors: 0, warnings: 0
		errors: 0, warnings: 0
		errors: 0, warnings: 0
		errors: 0, warnings: 0
		errors: 0, warnings: 0
		errors: 0, warnings: 0
		errors: 0, warnings: 0
		errors: 0, warnings: 0
		errors: 0, warnings: 0
		errors: 0, warnings: 0
		errors: 0, warnings: 0
		errors: 0, warnings: 0
		errors: 0, warnings: 0
		errors: 0, warnings: 0
		errors: 0, warnings: 0
		errors: 0, warnings: 0
		errors: 0, warnings: 0
		errors: 0, warnings: 0
		errors: 0, warnings: 0
		errors: 0, warnings: 0
		errors: 0, warnings: 0
		errors: 0, warnings: 0
		errors: 0, warnings: 0
		errors: 0, warnings: 0
		errors: 0, warnings: 0
		errors: 0, warnings: 0
		errors: 0, warnings: 0
		errors: 0, warnings: 0
		errors: 0, warnings: 0
		errors: 0, warnings: 0
		errors: 0, warnings: 0
		errors: 0, warnings: 0
		errors: 0, warnings: 0
		errors: 0, warnings: 0
		errors: 0, warnings: 0
		errors: 0, warnings: 0
		errors: 0, warnings: 0
		errors: 0, warnings: 0
		errors: 0, warnings: 0
		errors: 0, warnings: 0
		errors: 0, warnings: 0
		errors: 0, warnings: 0
		errors: 0, warnings: 0
		errors: 0, warnings: 0
		errors: 0, warnings: 0
		errors: 0, warnings: 0
		errors: 0, warnings: 0
		errors: 0, warnings: 0
		errors: 0, warnings: 0
		errors: 0, warnings: 0
		errors: 0, warnings: 0
		errors: 0, warnings: 0
		errors: 0, warnings: 0
		errors: 0, warnings: 0
		errors: 0, warnings: 0
		errors: 0, warnings: 0
		errors: 0, warnings: 0
		errors: 0, warnings: 0
		errors: 0, warnings: 0
		errors: 0, warnings: 0
		errors: 0, warnings: 0
		errors: 0, warnings: 0
		errors: 0, warnings: 0
		errors: 0, warnings: 0
		errors: 0, warnings: 0
		errors: 0, warnings: 0
		errors: 0, warnings: 0
		errors: 0, warnings: 0
		errors: 0, warnings: 0
		errors: 0, warnings: 0
		errors: 0, warnings: 0
		errors: 0, warnings: 0
		errors: 0, warnings: 0
		errors: 0, warnings: 0
		errors: 0, warnings: 0
		errors: 0, warnings: 0
		errors: 0, warnings: 0
		errors: 0, warnings: 0
		errors: 0, warnings: 0
		errors: 0, warnings: 0
		errors: 0, warnings: 0
		errors: 0, warnings: 0
		errors: 0, warnings: 0
		errors: 0, warnings: 0
		errors: 0, warnings: 0
		errors: 0, warnings: 0
		errors: 0, warnings: 0
		errors: 0, warnings: 0
		errors: 0, warnings: 0
		errors: 0, warnings: 0
		errors: 0, warnings: 0
		errors: 0, warnings: 0
		errors: 0, warnings: 0
		errors: 0, warnings: 0
		errors: 0, warnings: 0
		errors: 0, warnings: 0
		errors: 0, warnings: 0
		errors: 0, warnings: 0
		errors: 0, warnings: 0
		errors: 0, warnings: 0
		errors: 0, warnings: 0
		errors: 0, warnings: 0
		errors: 0, warnings: 0
		errors: 0, warnings: 0
		errors: 0, warnings: 0
		errors: 0, warnings: 0
		errors: 0, warnings: 0
		errors: 0, warnings: 0
		errors: 0, warnings: 0
		errors: 0, warnings: 0
		errors: 0, warnings: 0
		errors: 0, warnings: 0
		errors: 0, warnings: 0
		errors: 0, warnings: 0
		errors: 0, warnings: 0
		errors: 0, warnings: 0
		errors: 0, warnings: 0
		errors: 0, warnings: 0
		errors: 0, warnings: 0
		errors: 0, warnings: 0
		errors: 0, warnings: 0
		errors: 0, warnings: 0
		errors: 0, warnings: 0
		errors: 0, warnings: 0
		errors: 0, warnings: 0
		errors: 0, warnings: 0
		errors: 0, warnings: 0
		errors: 0, warnings: 0
		errors: 0, warnings: 0
		errors: 0, warnings: 0
		errors: 0, warnings: 0
		errors: 0, warnings: 0
		errors: 0, warnings: 0
		errors: 0, warnings: 0
		errors: 0, warnings: 0
		errors: 0, warnings: 0
		errors: 0, warnings: 0
		errors: 0, warnings: 0
		errors: 0, warnings: 0
		errors: 0, warnings: 0
		errors: 0, warnings: 0
		errors: 0, warnings: 0
		errors: 0, warnings: 0
		errors: 0, warnings: 0
		errors: 0, warnings: 0
		errors: 0, warnings: 0
		errors: 0, warnings: 0
		errors: 0, warnings: 0
		errors: 0, warnings: 0
		errors: 0, warnings: 0
		errors: 0, warnings: 0
		errors: 0, warnings: 0
		errors: 0, warnings: 0
		errors: 0, warnings: 0
		errors: 0, warnings: 0
		errors: 0, warnings: 0
		errors: 0, warnings: 0
		errors: 0, warnings: 0
		errors: 0, warnings: 0
		errors: 0, warnings: 0
		errors: 0, warnings: 0
		errors: 0, warnings: 0
		errors: 0, warnings: 0
		errors: 0, warnings: 0
		errors: 0, warnings: 0
		errors: 0, warnings: 0
		errors: 0, warnings: 0
		errors: 0, warnings: 0
		errors: 0, warnings: 0
		errors: 0, warnings: 0
		errors: 0, warnings: 0
		errors: 0, warnings: 0
		errors: 0, warnings: 0
		errors: 0, warnings: 0
		errors: 0, warnings: 0
		errors: 0, warnings: 0
		errors: 0, warnings: 0
		errors: 0, warnings: 0
		errors: 0, warnings: 0
		errors: 0, warnings: 0
		errors: 0, warnings: 0
		errors: 0, warnings: 0
		errors: 0, warnings: 0
		errors: 0, warnings: 0
		errors: 0, warnings: 0
		errors: 0, warnings: 0
		errors: 0, warnings: 0
		errors: 0, warnings: 0
		errors: 0, warnings: 0
		errors: 0, warnings: 0
		errors: 0, warnings: 0
		errors: 0, warnings: 0
		errors: 0, warnings: 0
		errors: 0, warnings: 0
		errors: 0, warnings: 0
		errors: 0, warnings: 0
		errors: 0, warnings: 0
		errors: 0, warnings: 0
		errors: 0, warnings: 0
		errors: 0, warnings: 0
		errors: 0, warnings: 0
		errors: 0, warnings: 0
		errors: 0, warnings: 0
		errors: 0, warnings: 0
		errors: 0, warnings: 0
		errors: 0, warnings: 0
		errors: 0, warnings: 0
		errors: 0, warnings: 0
		errors: 0, warnings: 0
		errors: 0, warnings: 0
		errors: 0, warnings: 0
		errors: 0, warnings: 0
		errors: 0, warnings: 0
		errors: 0, warnings: 0
		errors: 0, warnings: 0
		errors: 0, warnings: 0
		errors: 0, warnings: 0
		errors: 0, warnings: 0
		errors: 0, warnings: 0
		errors: 0, warnings: 0
		errors: 0, warnings: 0
		errors: 0, warnings: 0
		errors: 0, warnings: 0
		errors: 0, warnings: 0
		errors: 0, warnings: 0
		errors: 0, warnings: 0
		errors: 0, warnings: 0
		errors: 0, warnings: 0
		errors: 0, warnings: 0
		errors: 0, warnings: 0
		errors: 0, warnings: 0
		errors: 0, warnings: 0
		errors: 0, warnings: 0
		errors: 0, warnings: 0
		errors: 0, warnings: 0
		errors: 0, warnings: 0
		errors: 0, warnings: 0
		errors: 0, warnings: 0
		errors: 0, warnings: 0
		errors: 0, warnings: 0
		errors: 0, warnings: 0
		errors: 0, warnings: 0
		errors: 0, warnings: 0
		errors: 0, warnings: 0
		errors: 0, warnings: 0
		errors: 0, warnings: 0
		errors: 0, warnings: 0
		errors: 0, warnings: 0
		errors: 0, warnings: 0
		errors: 0, warnings: 0
		errors: 0, warnings: 0
		errors: 0, warnings: 0
		errors: 0, warnings: 0
		errors: 0, warnings: 0
		errors: 0, warnings: 0
		errors: 0, warnings: 0
		errors: 0, warnings: 0
		errors: 0, warnings: 0
		errors: 0, warnings: 0
		errors: 0, warnings: 0
		errors: 0, warnings: 0
		errors: 0, warnings: 0
		errors: 0, warnings: 0
		errors: 0, warnings: 0
		errors: 0, warnings: 0
		errors: 0, warnings: 0
		errors: 0, warnings: 0
		errors: 0, warnings: 0
		errors: 0, warnings: 0
		errors: 0, warnings: 0
		errors: 0, warnings: 0
		errors: 0, warnings: 0
		errors: 0, warnings: 0
		errors: 0, warnings: 0
		errors: 0, warnings: 0
		errors: 0, warnings: 0
		errors: 0, warnings: 0
		errors: 0, warnings: 0
		errors: 0, warnings: 0
		errors: 0, warnings: 0
		errors: 0, warnings: 0
		errors: 0, warnings: 0
		errors: 0, warnings: 0
		errors: 0, warnings: 0
		errors: 0, warnings: 0
		errors: 0, warnings: 0
		errors: 0, warnings: 0
		errors: 0, warnings: 0
		errors: 0, warnings: 0
		errors: 0, warnings: 0
		errors: 0, warnings: 0
		errors: 0, warnings: 0
		errors: 0, warnings: 0
		errors: 0, warnings: 0
		errors: 0, warnings: 0
		errors: 0, warnings: 0
		errors: 0, warnings: 0
		errors: 0, warnings: 0
		errors: 0, warnings: 0
		errors: 0, warnings: 0
		errors: 0, warnings: 0
		errors: 0, warnings: 0
		errors: 0, warnings: 0
		errors: 0, warnings: 0
		errors: 0, warnings: 0
		errors: 0, warnings: 0
		errors: 0, warnings: 0
		errors: 0, warnings: 0
		errors: 0, warnings: 0
		errors: 0, warnings: 0
		errors: 0, warnings: 0
		errors: 0, warnings: 0
		errors: 0, warnings: 0
		errors: 0, warnings: 0
		errors: 0, warnings: 0
		errors: 0, warnings: 0
		errors: 0, warnings: 0
		errors: 0, warnings: 0
		errors: 0, warnings: 0
		errors: 0, warnings: 0
		errors: 0, warnings: 0
		errors: 0, warnings: 0
		errors: 0, warnings: 0
		errors: 0, warnings: 0
		errors: 0, warnings: 0
		errors: 0, warnings: 0
		errors: 0, warnings: 0
		errors: 0, warnings: 0
		errors: 0, warnings: 0
		errors: 0, warnings: 0
		errors: 0, warnings: 0
		errors: 0, warnings: 0
		errors: 0, warnings: 0
		errors: 0, warnings: 0
		errors: 0, warnings: 0
		errors: 0, warnings: 0
		errors: 0, warnings: 0
		errors: 0, warnings: 0
		errors: 0, warnings: 0
		errors: 0, warnings: 0
		errors: 0, warnings: 0
		errors: 0, warnings: 0
		errors: 0, warnings: 0
		errors: 0, warnings: 0
		errors: 0, warnings: 0
		errors: 0, warnings: 0
		errors: 0, warnings: 0
		errors: 0, warnings: 0
		errors: 0, warnings: 0
		errors: 0, warnings: 0
		errors: 0, warnings: 0
		errors: 0, warnings: 0
		errors: 0, warnings: 0
		errors: 0, warnings: 0
		errors: 0, warnings: 0
		errors: 0, warnings: 0
		errors: 0, warnings: 0
		errors: 0, warnings: 0
		errors: 0, warnings: 0
		errors: 0, warnings: 0
		errors: 0, warnings: 0
		errors: 0, warnings: 0
		errors: 0, warnings: 0
		errors: 0, warnings: 0
		errors: 0, warnings: 0
		errors: 0, warnings: 0
		errors: 0, warnings: 0
		errors: 0, warnings: 0
		errors: 0, warnings: 0
		errors: 0, warnings: 0
		errors: 0, warnings: 0
		errors: 0, warnings: 0
		errors: 0, warnings: 0
		errors: 0, warnings: 0
		errors: 0, warnings: 0
		errors: 0, warnings: 0
		errors: 0, warnings: 0
		errors: 0, warnings: 0
		errors: 0, warnings: 0
		errors: 0, warnings: 0
		errors: 0, warnings: 0
		errors: 0, warnings: 0
		errors: 0, warnings: 0
		errors: 0, warnings: 0
		errors: 0, warnings: 0
		errors: 0, warnings: 0
		errors: 0, warnings: 0
		errors: 0, warnings: 0
		errors: 0, warnings: 0
		errors: 0, warnings: 0
		errors: 0, warnings: 0
		errors: 0, warnings: 0
		errors: 0, warnings: 0
		errors: 0, warnings: 0
		errors: 0, warnings: 0
		errors: 0, warnings: 0
		errors: 0, warnings: 0
		errors: 0, warnings: 0
		errors: 0, warnings: 0
		errors: 0, warnings: 0
		errors: 0, warnings: 0
		errors: 0, warnings: 0
		errors: 0, warnings: 0
		errors: 0, warnings: 0
		errors: 0, warnings: 0
		errors: 0, warnings: 0
		errors: 0, warnings: 0
		errors: 0, warnings: 0
		errors: 0, warnings: 0
		errors: 0, warnings: 0
		errors: 0, warnings: 0
		errors: 0, warnings: 0
		errors: 0, warnings: 0
		errors: 0, warnings: 0
		errors: 0, warnings: 0
		errors: 0, warnings: 0
		errors: 0, warnings: 0
		errors: 0, warnings: 0
		errors: 0, warnings: 0
		errors: 0, warnings: 0
		errors: 0, warnings: 0
		errors: 0, warnings: 0
		errors: 0, warnings: 0
		errors: 0, warnings: 0
		errors: 0, warnings: 0
		errors: 0, warnings: 0
		errors: 0, warnings: 0
		errors: 0, warnings: 0
		errors: 0, warnings: 0
		errors: 0, warnings: 0
		errors: 0, warnings: 0
		errors: 0, warnings: 0
		errors: 0, warnings: 0
		errors: 0, warnings: 0
		errors: 0, warnings: 0
		errors: 0, warnings: 0
		errors: 0, warnings: 0
		errors: 0, warnings: 0
		errors: 0, warnings: 0
		errors: 0, warnings: 0
		errors: 0, warnings: 0
		errors: 0, warnings: 0
		errors: 0, warnings: 0
		errors: 0, warnings: 0
		errors: 0, warnings: 0
		errors: 0, warnings: 0
		errors: 0, warnings: 0
		errors: 0, warnings: 0
		errors: 0, warnings: 0
		errors: 0, warnings: 0
		errors: 0, warnings: 0
		errors: 0, warnings: 0
		errors: 0, warnings: 0
		errors: 0, warnings: 0
		errors: 0, warnings: 0
		errors: 0, warnings: 0
		errors: 0, warnings: 0
		errors: 0, warnings: 0
		errors: 0, warnings: 0
		errors: 0, warnings: 0
		errors: 0, warnings: 0
		errors: 0, warnings: 0
		errors: 0, warnings: 0
		errors: 0, warnings: 0
		errors: 0, warnings: 0
		errors: 0, warnings: 0
		errors: 0, warnings: 0
		errors: 0, warnings: 0
		errors: 0, warnings: 0
		errors: 0, warnings: 0
		errors: 0, warnings: 0
		errors: 0, warnings: 0
		errors: 0, warnings: 0
		errors: 0, warnings: 0
		errors: 0, warnings: 0
		errors: 0, warnings: 0
		errors: 0, warnings: 0
		errors: 0, warnings: 0
		errors: 0, warnings: 0
		errors: 0, warnings: 0
		errors: 0, warnings: 0
		errors: 0, warnings: 0
		errors: 0, warnings: 0
		errors: 0, warnings: 0
		errors: 0, warnings: 0
		errors: 0, warnings: 0
		errors: 0, warnings: 0
		errors: 0, warnings: 0
		errors: 0, warnings: 0
		errors: 0, warnings: 0
		errors: 0, warnings: 0
		errors: 0, warnings: 0
		errors: 0, warnings: 0
		errors: 0, warnings: 0
		errors: 0, warnings: 0
		errors: 0, warnings: 0
		errors: 0, warnings: 0
		errors: 0, warnings: 0
		errors: 0, warnings: 0
		errors: 0, warnings: 0
		errors: 0, warnings: 0
		errors: 0, warnings: 0
		errors: 0, warnings: 0
		errors: 0, warnings: 0
		errors: 0, warnings: 0
		errors: 0, warnings: 0
		errors: 0, warnings: 0
		errors: 0, warnings: 0
		errors: 0, warnings: 0
		errors: 0, warnings: 0
		errors: 0, warnings: 0
		errors: 0, warnings: 0
		errors: 0, warnings: 0
		errors: 0, warnings: 0
		errors: 0, warnings: 0
		errors: 0, warnings: 0
		errors: 0, warnings: 0
		errors: 0, warnings: 0
		errors: 0, warnings: 0
		errors: 0, warnings: 0
		errors: 0, warnings: 0
		errors: 0, warnings: 0
	Total errors/warnings found outside modules and primitives:
		errors: 0, warnings: 3
		Caching library 'worklib' ....... Done
	Elaborating the design hierarchy:
		cy14v101xs IMEM( 
		              |
ncelab: *W,CUVWSI (../raifes_qspi_if_tb.v,103|16): 1 input port was not connected:
ncelab: (../CY14V101QS_official/cy14v101xs_ncvlog.vp,20): RTC_CLK

		cy14v101xs IMEM( 
		              |
ncelab: *W,CUVWSB (../raifes_qspi_if_tb.v,103|16): 1 inout port was not connected:
ncelab: (../CY14V101QS_official/cy14v101xs_ncvlog.vp,20): INT_PIN

ncelab: *W,CUVWSP: 1 output port was not connected.
ncelab: *W,CUVWSP: 1 output port was not connected.
ncelab: *W,CUVWSP: 1 output port was not connected.
ncelab: *W,CUVWSP: 1 output port was not connected.
	Top level design units:
		raifes_qspi_if_tb
		{*Name Protected*}
		{*Name Protected*}
		{*Name Protected*}
		{*Name Protected*}
		{*Name Protected*}
		{*Name Protected*}
		{*Name Protected*}
		{*Name Protected*}
		{*Name Protected*}
		{*Name Protected*}
		{*Name Protected*}
		{*Name Protected*}
		{*Name Protected*}
		{*Name Protected*}
		{*Name Protected*}
		{*Name Protected*}
		{*Name Protected*}
		{*Name Protected*}
		{*Name Protected*}
		{*Name Protected*}
		{*Name Protected*}
		{*Name Protected*}
		{*Name Protected*}
		{*Name Protected*}
		{*Name Protected*}
		{*Name Protected*}
		{*Name Protected*}
		{*Name Protected*}
		{*Name Protected*}
		{*Name Protected*}
		{*Name Protected*}
		{*Name Protected*}
		{*Name Protected*}
		{*Name Protected*}
		{*Name Protected*}
		{*Name Protected*}
		{*Name Protected*}
		{*Name Protected*}
		{*Name Protected*}
		{*Name Protected*}
		{*Name Protected*}
		{*Name Protected*}
		{*Name Protected*}
		{*Name Protected*}
		{*Name Protected*}
		{*Name Protected*}
		{*Name Protected*}
		{*Name Protected*}
		{*Name Protected*}
		{*Name Protected*}
		{*Name Protected*}
		{*Name Protected*}
		{*Name Protected*}
		{*Name Protected*}
		{*Name Protected*}
		{*Name Protected*}
		{*Name Protected*}
		{*Name Protected*}
		{*Name Protected*}
		{*Name Protected*}
		{*Name Protected*}
		{*Name Protected*}
		{*Name Protected*}
		{*Name Protected*}
		{*Name Protected*}
		{*Name Protected*}
		{*Name Protected*}
		{*Name Protected*}
		{*Name Protected*}
		{*Name Protected*}
		{*Name Protected*}
		{*Name Protected*}
		{*Name Protected*}
		{*Name Protected*}
		{*Name Protected*}
		{*Name Protected*}
		{*Name Protected*}
		{*Name Protected*}
		{*Name Protected*}
		{*Name Protected*}
		{*Name Protected*}
		{*Name Protected*}
		{*Name Protected*}
		{*Name Protected*}
		{*Name Protected*}
		{*Name Protected*}
		{*Name Protected*}
		{*Name Protected*}
		{*Name Protected*}
		{*Name Protected*}
		{*Name Protected*}
		{*Name Protected*}
		{*Name Protected*}
		{*Name Protected*}
		{*Name Protected*}
		{*Name Protected*}
		{*Name Protected*}
		{*Name Protected*}
		{*Name Protected*}
		{*Name Protected*}
		{*Name Protected*}
		{*Name Protected*}
		{*Name Protected*}
		{*Name Protected*}
		{*Name Protected*}
		{*Name Protected*}
		{*Name Protected*}
		{*Name Protected*}
		{*Name Protected*}
		{*Name Protected*}
		{*Name Protected*}
		{*Name Protected*}
		{*Name Protected*}
		{*Name Protected*}
		{*Name Protected*}
		{*Name Protected*}
		{*Name Protected*}
		{*Name Protected*}
		{*Name Protected*}
		{*Name Protected*}
		{*Name Protected*}
		{*Name Protected*}
		{*Name Protected*}
		{*Name Protected*}
		{*Name Protected*}
		{*Name Protected*}
		{*Name Protected*}
		{*Name Protected*}
		{*Name Protected*}
		{*Name Protected*}
		{*Name Protected*}
		{*Name Protected*}
		{*Name Protected*}
		{*Name Protected*}
		{*Name Protected*}
		{*Name Protected*}
		{*Name Protected*}
		{*Name Protected*}
		{*Name Protected*}
		{*Name Protected*}
		{*Name Protected*}
		{*Name Protected*}
		{*Name Protected*}
		{*Name Protected*}
		{*Name Protected*}
		{*Name Protected*}
		{*Name Protected*}
		{*Name Protected*}
		{*Name Protected*}
		{*Name Protected*}
		{*Name Protected*}
		{*Name Protected*}
		{*Name Protected*}
		{*Name Protected*}
		{*Name Protected*}
		{*Name Protected*}
		{*Name Protected*}
		{*Name Protected*}
		{*Name Protected*}
		{*Name Protected*}
		{*Name Protected*}
		{*Name Protected*}
		{*Name Protected*}
		{*Name Protected*}
		{*Name Protected*}
		{*Name Protected*}
		{*Name Protected*}
		{*Name Protected*}
		{*Name Protected*}
		{*Name Protected*}
		{*Name Protected*}
		{*Name Protected*}
		{*Name Protected*}
		{*Name Protected*}
		{*Name Protected*}
		{*Name Protected*}
		{*Name Protected*}
		{*Name Protected*}
		{*Name Protected*}
		{*Name Protected*}
		{*Name Protected*}
		{*Name Protected*}
		{*Name Protected*}
		{*Name Protected*}
		{*Name Protected*}
		{*Name Protected*}
		{*Name Protected*}
		{*Name Protected*}
		{*Name Protected*}
		{*Name Protected*}
		{*Name Protected*}
		{*Name Protected*}
		{*Name Protected*}
		{*Name Protected*}
		{*Name Protected*}
		{*Name Protected*}
		{*Name Protected*}
		{*Name Protected*}
		{*Name Protected*}
		{*Name Protected*}
		{*Name Protected*}
		{*Name Protected*}
		{*Name Protected*}
		{*Name Protected*}
		{*Name Protected*}
		{*Name Protected*}
		{*Name Protected*}
		{*Name Protected*}
		{*Name Protected*}
		{*Name Protected*}
		{*Name Protected*}
		{*Name Protected*}
		{*Name Protected*}
		{*Name Protected*}
		{*Name Protected*}
		{*Name Protected*}
		{*Name Protected*}
		{*Name Protected*}
		{*Name Protected*}
		{*Name Protected*}
		{*Name Protected*}
		{*Name Protected*}
		{*Name Protected*}
		{*Name Protected*}
		{*Name Protected*}
		{*Name Protected*}
		{*Name Protected*}
		{*Name Protected*}
		{*Name Protected*}
		{*Name Protected*}
		{*Name Protected*}
		{*Name Protected*}
		{*Name Protected*}
		{*Name Protected*}
		{*Name Protected*}
		{*Name Protected*}
		{*Name Protected*}
		{*Name Protected*}
		{*Name Protected*}
		{*Name Protected*}
		{*Name Protected*}
		{*Name Protected*}
		{*Name Protected*}
		{*Name Protected*}
		{*Name Protected*}
		{*Name Protected*}
		{*Name Protected*}
		{*Name Protected*}
		{*Name Protected*}
		{*Name Protected*}
		{*Name Protected*}
		{*Name Protected*}
		{*Name Protected*}
		{*Name Protected*}
		{*Name Protected*}
		{*Name Protected*}
		{*Name Protected*}
		{*Name Protected*}
		{*Name Protected*}
		{*Name Protected*}
		{*Name Protected*}
		{*Name Protected*}
		{*Name Protected*}
		{*Name Protected*}
		{*Name Protected*}
		{*Name Protected*}
		{*Name Protected*}
		{*Name Protected*}
		{*Name Protected*}
		{*Name Protected*}
		{*Name Protected*}
		{*Name Protected*}
		{*Name Protected*}
		{*Name Protected*}
		{*Name Protected*}
		{*Name Protected*}
		{*Name Protected*}
		{*Name Protected*}
		{*Name Protected*}
		{*Name Protected*}
		{*Name Protected*}
		{*Name Protected*}
		{*Name Protected*}
		{*Name Protected*}
		{*Name Protected*}
		{*Name Protected*}
		{*Name Protected*}
		{*Name Protected*}
		{*Name Protected*}
		{*Name Protected*}
		{*Name Protected*}
		{*Name Protected*}
		{*Name Protected*}
		{*Name Protected*}
		{*Name Protected*}
		{*Name Protected*}
		{*Name Protected*}
		{*Name Protected*}
		{*Name Protected*}
		{*Name Protected*}
		{*Name Protected*}
		{*Name Protected*}
		{*Name Protected*}
		{*Name Protected*}
		{*Name Protected*}
		{*Name Protected*}
		{*Name Protected*}
		{*Name Protected*}
		{*Name Protected*}
		{*Name Protected*}
		{*Name Protected*}
		{*Name Protected*}
		{*Name Protected*}
		{*Name Protected*}
		{*Name Protected*}
		{*Name Protected*}
		{*Name Protected*}
		{*Name Protected*}
		{*Name Protected*}
		{*Name Protected*}
		{*Name Protected*}
		{*Name Protected*}
		{*Name Protected*}
		{*Name Protected*}
		{*Name Protected*}
		{*Name Protected*}
		{*Name Protected*}
		{*Name Protected*}
		{*Name Protected*}
		{*Name Protected*}
		{*Name Protected*}
		{*Name Protected*}
		{*Name Protected*}
		{*Name Protected*}
		{*Name Protected*}
		{*Name Protected*}
		{*Name Protected*}
		{*Name Protected*}
		{*Name Protected*}
		{*Name Protected*}
		{*Name Protected*}
		{*Name Protected*}
		{*Name Protected*}
		{*Name Protected*}
		{*Name Protected*}
		{*Name Protected*}
		{*Name Protected*}
		{*Name Protected*}
		{*Name Protected*}
		{*Name Protected*}
		{*Name Protected*}
		{*Name Protected*}
		{*Name Protected*}
		{*Name Protected*}
		{*Name Protected*}
		{*Name Protected*}
		{*Name Protected*}
		{*Name Protected*}
		{*Name Protected*}
		{*Name Protected*}
		{*Name Protected*}
		{*Name Protected*}
		{*Name Protected*}
		{*Name Protected*}
		{*Name Protected*}
		{*Name Protected*}
		{*Name Protected*}
		{*Name Protected*}
		{*Name Protected*}
		{*Name Protected*}
		{*Name Protected*}
		{*Name Protected*}
		{*Name Protected*}
		{*Name Protected*}
		{*Name Protected*}
		{*Name Protected*}
		{*Name Protected*}
		{*Name Protected*}
		{*Name Protected*}
		{*Name Protected*}
		{*Name Protected*}
		{*Name Protected*}
		{*Name Protected*}
		{*Name Protected*}
		{*Name Protected*}
		{*Name Protected*}
		{*Name Protected*}
		{*Name Protected*}
		{*Name Protected*}
		{*Name Protected*}
		{*Name Protected*}
		{*Name Protected*}
		{*Name Protected*}
		{*Name Protected*}
		{*Name Protected*}
		{*Name Protected*}
		{*Name Protected*}
		{*Name Protected*}
		{*Name Protected*}
		{*Name Protected*}
		{*Name Protected*}
		{*Name Protected*}
		{*Name Protected*}
		{*Name Protected*}
		{*Name Protected*}
		{*Name Protected*}
		{*Name Protected*}
		{*Name Protected*}
		{*Name Protected*}
		{*Name Protected*}
		{*Name Protected*}
		{*Name Protected*}
		{*Name Protected*}
		{*Name Protected*}
		{*Name Protected*}
		{*Name Protected*}
		{*Name Protected*}
		{*Name Protected*}
		{*Name Protected*}
		{*Name Protected*}
		{*Name Protected*}
		{*Name Protected*}
		{*Name Protected*}
		{*Name Protected*}
		{*Name Protected*}
		{*Name Protected*}
		{*Name Protected*}
		{*Name Protected*}
		{*Name Protected*}
		{*Name Protected*}
		{*Name Protected*}
		{*Name Protected*}
		{*Name Protected*}
		{*Name Protected*}
		{*Name Protected*}
		{*Name Protected*}
		{*Name Protected*}
		{*Name Protected*}
		{*Name Protected*}
		{*Name Protected*}
		{*Name Protected*}
		{*Name Protected*}
		{*Name Protected*}
		{*Name Protected*}
		{*Name Protected*}
		{*Name Protected*}
		{*Name Protected*}
		{*Name Protected*}
		{*Name Protected*}
		{*Name Protected*}
		{*Name Protected*}
		{*Name Protected*}
		{*Name Protected*}
		{*Name Protected*}
		{*Name Protected*}
		{*Name Protected*}
		{*Name Protected*}
		{*Name Protected*}
		{*Name Protected*}
		{*Name Protected*}
		{*Name Protected*}
		{*Name Protected*}
		{*Name Protected*}
		{*Name Protected*}
		{*Name Protected*}
		{*Name Protected*}
		{*Name Protected*}
		{*Name Protected*}
		{*Name Protected*}
		{*Name Protected*}
		{*Name Protected*}
		{*Name Protected*}
		{*Name Protected*}
		{*Name Protected*}
		{*Name Protected*}
		{*Name Protected*}
		{*Name Protected*}
		{*Name Protected*}
		{*Name Protected*}
		{*Name Protected*}
		{*Name Protected*}
		{*Name Protected*}
		{*Name Protected*}
		{*Name Protected*}
		{*Name Protected*}
		{*Name Protected*}
		{*Name Protected*}
		{*Name Protected*}
		{*Name Protected*}
		{*Name Protected*}
		{*Name Protected*}
		{*Name Protected*}
		{*Name Protected*}
		{*Name Protected*}
		{*Name Protected*}
		{*Name Protected*}
		{*Name Protected*}
		{*Name Protected*}
		{*Name Protected*}
		{*Name Protected*}
		{*Name Protected*}
		{*Name Protected*}
		{*Name Protected*}
		{*Name Protected*}
		{*Name Protected*}
		{*Name Protected*}
		{*Name Protected*}
		{*Name Protected*}
		{*Name Protected*}
		{*Name Protected*}
		{*Name Protected*}
		{*Name Protected*}
		{*Name Protected*}
		{*Name Protected*}
		{*Name Protected*}
		{*Name Protected*}
		{*Name Protected*}
		{*Name Protected*}
		{*Name Protected*}
		{*Name Protected*}
		{*Name Protected*}
		{*Name Protected*}
		{*Name Protected*}
		{*Name Protected*}
		{*Name Protected*}
		{*Name Protected*}
		{*Name Protected*}
		{*Name Protected*}
		{*Name Protected*}
		{*Name Protected*}
		{*Name Protected*}
		{*Name Protected*}
		{*Name Protected*}
		{*Name Protected*}
		{*Name Protected*}
		{*Name Protected*}
		{*Name Protected*}
		{*Name Protected*}
		{*Name Protected*}
		{*Name Protected*}
		{*Name Protected*}
		{*Name Protected*}
		{*Name Protected*}
		{*Name Protected*}
		{*Name Protected*}
		{*Name Protected*}
		{*Name Protected*}
		{*Name Protected*}
		{*Name Protected*}
		{*Name Protected*}
		{*Name Protected*}
		{*Name Protected*}
		{*Name Protected*}
		{*Name Protected*}
		{*Name Protected*}
		{*Name Protected*}
		{*Name Protected*}
		{*Name Protected*}
		{*Name Protected*}
		{*Name Protected*}
		{*Name Protected*}
		{*Name Protected*}
		{*Name Protected*}
		{*Name Protected*}
		{*Name Protected*}
		{*Name Protected*}
		{*Name Protected*}
		{*Name Protected*}
		{*Name Protected*}
		{*Name Protected*}
		{*Name Protected*}
		{*Name Protected*}
		{*Name Protected*}
		{*Name Protected*}
		{*Name Protected*}
		{*Name Protected*}
		{*Name Protected*}
		{*Name Protected*}
		{*Name Protected*}
		{*Name Protected*}
		{*Name Protected*}
		{*Name Protected*}
		{*Name Protected*}
		{*Name Protected*}
		{*Name Protected*}
		{*Name Protected*}
		{*Name Protected*}
		{*Name Protected*}
		{*Name Protected*}
		{*Name Protected*}
		{*Name Protected*}
		{*Name Protected*}
		{*Name Protected*}
		{*Name Protected*}
		{*Name Protected*}
		{*Name Protected*}
		{*Name Protected*}
		{*Name Protected*}
		{*Name Protected*}
		{*Name Protected*}
		{*Name Protected*}
		{*Name Protected*}
		{*Name Protected*}
		{*Name Protected*}
		{*Name Protected*}
		{*Name Protected*}
		{*Name Protected*}
		{*Name Protected*}
		{*Name Protected*}
		{*Name Protected*}
		{*Name Protected*}
		{*Name Protected*}
		{*Name Protected*}
		{*Name Protected*}
		{*Name Protected*}
		{*Name Protected*}
		{*Name Protected*}
		{*Name Protected*}
		{*Name Protected*}
		{*Name Protected*}
		{*Name Protected*}
		{*Name Protected*}
		{*Name Protected*}
		{*Name Protected*}
		{*Name Protected*}
		{*Name Protected*}
		{*Name Protected*}
		{*Name Protected*}
		{*Name Protected*}
		{*Name Protected*}
		{*Name Protected*}
		{*Name Protected*}
		{*Name Protected*}
		{*Name Protected*}
		{*Name Protected*}
		{*Name Protected*}
		{*Name Protected*}
		{*Name Protected*}
		{*Name Protected*}
		{*Name Protected*}
		{*Name Protected*}
		{*Name Protected*}
		{*Name Protected*}
		{*Name Protected*}
		{*Name Protected*}
		{*Name Protected*}
		{*Name Protected*}
		{*Name Protected*}
		{*Name Protected*}
		{*Name Protected*}
		{*Name Protected*}
		{*Name Protected*}
		{*Name Protected*}
		{*Name Protected*}
		{*Name Protected*}
		{*Name Protected*}
		{*Name Protected*}
		{*Name Protected*}
		{*Name Protected*}
		{*Name Protected*}
		{*Name Protected*}
		{*Name Protected*}
		{*Name Protected*}
		{*Name Protected*}
		{*Name Protected*}
		{*Name Protected*}
		{*Name Protected*}
		{*Name Protected*}
		{*Name Protected*}
		{*Name Protected*}
		{*Name Protected*}
		{*Name Protected*}
		{*Name Protected*}
		{*Name Protected*}
		{*Name Protected*}
		{*Name Protected*}
		{*Name Protected*}
		{*Name Protected*}
		{*Name Protected*}
		{*Name Protected*}
		{*Name Protected*}
		{*Name Protected*}
		{*Name Protected*}
		{*Name Protected*}
		{*Name Protected*}
		{*Name Protected*}
		{*Name Protected*}
		{*Name Protected*}
		{*Name Protected*}
		{*Name Protected*}
		{*Name Protected*}
		{*Name Protected*}
		{*Name Protected*}
		{*Name Protected*}
		{*Name Protected*}
		{*Name Protected*}
		{*Name Protected*}
		{*Name Protected*}
		{*Name Protected*}
		{*Name Protected*}
		{*Name Protected*}
		{*Name Protected*}
		{*Name Protected*}
		{*Name Protected*}
		{*Name Protected*}
		{*Name Protected*}
		{*Name Protected*}
		{*Name Protected*}
		{*Name Protected*}
		{*Name Protected*}
		{*Name Protected*}
		{*Name Protected*}
		{*Name Protected*}
		{*Name Protected*}
		{*Name Protected*}
		{*Name Protected*}
		{*Name Protected*}
		{*Name Protected*}
		{*Name Protected*}
		{*Name Protected*}
		{*Name Protected*}
		{*Name Protected*}
		{*Name Protected*}
		{*Name Protected*}
		{*Name Protected*}
		{*Name Protected*}
		{*Name Protected*}
		{*Name Protected*}
		{*Name Protected*}
		{*Name Protected*}
		{*Name Protected*}
		{*Name Protected*}
		{*Name Protected*}
		{*Name Protected*}
		{*Name Protected*}
		{*Name Protected*}
		{*Name Protected*}
		{*Name Protected*}
		{*Name Protected*}
		{*Name Protected*}
		{*Name Protected*}
		{*Name Protected*}
		{*Name Protected*}
		{*Name Protected*}
		{*Name Protected*}
		{*Name Protected*}
		{*Name Protected*}
		{*Name Protected*}
		{*Name Protected*}
		{*Name Protected*}
		{*Name Protected*}
		{*Name Protected*}
		{*Name Protected*}
		{*Name Protected*}
		{*Name Protected*}
		{*Name Protected*}
		{*Name Protected*}
		{*Name Protected*}
		{*Name Protected*}
		{*Name Protected*}
		{*Name Protected*}
		{*Name Protected*}
		{*Name Protected*}
		{*Name Protected*}
		{*Name Protected*}
		{*Name Protected*}
		{*Name Protected*}
		{*Name Protected*}
		{*Name Protected*}
		{*Name Protected*}
		{*Name Protected*}
		{*Name Protected*}
		{*Name Protected*}
		{*Name Protected*}
		{*Name Protected*}
		{*Name Protected*}
		{*Name Protected*}
		{*Name Protected*}
		{*Name Protected*}
		{*Name Protected*}
		{*Name Protected*}
		{*Name Protected*}
		{*Name Protected*}
		{*Name Protected*}
		{*Name Protected*}
		{*Name Protected*}
		{*Name Protected*}
		{*Name Protected*}
		{*Name Protected*}
		{*Name Protected*}
		{*Name Protected*}
		{*Name Protected*}
		{*Name Protected*}
		{*Name Protected*}
		{*Name Protected*}
		{*Name Protected*}
		{*Name Protected*}
		{*Name Protected*}
		{*Name Protected*}
		{*Name Protected*}
		{*Name Protected*}
		{*Name Protected*}
		{*Name Protected*}
		{*Name Protected*}
		{*Name Protected*}
		{*Name Protected*}
		{*Name Protected*}
		{*Name Protected*}
		{*Name Protected*}
		{*Name Protected*}
		{*Name Protected*}
		{*Name Protected*}
		{*Name Protected*}
		{*Name Protected*}
		{*Name Protected*}
		{*Name Protected*}
		{*Name Protected*}
		{*Name Protected*}
		{*Name Protected*}
		{*Name Protected*}
		{*Name Protected*}
		{*Name Protected*}
		{*Name Protected*}
		{*Name Protected*}
		{*Name Protected*}
		{*Name Protected*}
		{*Name Protected*}
		{*Name Protected*}
		{*Name Protected*}
		{*Name Protected*}
		{*Name Protected*}
		{*Name Protected*}
		{*Name Protected*}
		{*Name Protected*}
		{*Name Protected*}
		{*Name Protected*}
		{*Name Protected*}
		{*Name Protected*}
		{*Name Protected*}
		{*Name Protected*}
		{*Name Protected*}
		{*Name Protected*}
		{*Name Protected*}
		{*Name Protected*}
		{*Name Protected*}
		{*Name Protected*}
		{*Name Protected*}
		{*Name Protected*}
		{*Name Protected*}
		{*Name Protected*}
		{*Name Protected*}
		{*Name Protected*}
		{*Name Protected*}
		{*Name Protected*}
		{*Name Protected*}
		{*Name Protected*}
		{*Name Protected*}
		{*Name Protected*}
		{*Name Protected*}
		{*Name Protected*}
		{*Name Protected*}
		{*Name Protected*}
		{*Name Protected*}
		{*Name Protected*}
		{*Name Protected*}
		{*Name Protected*}
		{*Name Protected*}
		{*Name Protected*}
		{*Name Protected*}
		{*Name Protected*}
		{*Name Protected*}
		{*Name Protected*}
		{*Name Protected*}
		{*Name Protected*}
		{*Name Protected*}
		{*Name Protected*}
		{*Name Protected*}
		{*Name Protected*}
		{*Name Protected*}
		{*Name Protected*}
		{*Name Protected*}
		{*Name Protected*}
		{*Name Protected*}
		{*Name Protected*}
		{*Name Protected*}
		{*Name Protected*}
		{*Name Protected*}
		{*Name Protected*}
		{*Name Protected*}
		{*Name Protected*}
		{*Name Protected*}
		{*Name Protected*}
		{*Name Protected*}
		{*Name Protected*}
		{*Name Protected*}
		{*Name Protected*}
		{*Name Protected*}
		{*Name Protected*}
		{*Name Protected*}
		{*Name Protected*}
		{*Name Protected*}
		{*Name Protected*}
		{*Name Protected*}
		{*Name Protected*}
		{*Name Protected*}
		{*Name Protected*}
		{*Name Protected*}
		{*Name Protected*}
		{*Name Protected*}
		{*Name Protected*}
		{*Name Protected*}
		{*Name Protected*}
		{*Name Protected*}
		{*Name Protected*}
		{*Name Protected*}
		{*Name Protected*}
		{*Name Protected*}
		{*Name Protected*}
		{*Name Protected*}
		{*Name Protected*}
		{*Name Protected*}
		{*Name Protected*}
		{*Name Protected*}
		{*Name Protected*}
		{*Name Protected*}
		{*Name Protected*}
		{*Name Protected*}
		{*Name Protected*}
		{*Name Protected*}
		{*Name Protected*}
		{*Name Protected*}
		{*Name Protected*}
		{*Name Protected*}
		{*Name Protected*}
		{*Name Protected*}
		{*Name Protected*}
		{*Name Protected*}
		{*Name Protected*}
		{*Name Protected*}
		{*Name Protected*}
		{*Name Protected*}
		{*Name Protected*}
		{*Name Protected*}
		{*Name Protected*}
		{*Name Protected*}
		{*Name Protected*}
		{*Name Protected*}
		{*Name Protected*}
		{*Name Protected*}
		{*Name Protected*}
		{*Name Protected*}
		{*Name Protected*}
		{*Name Protected*}
		{*Name Protected*}
		{*Name Protected*}
		{*Name Protected*}
		{*Name Protected*}
		{*Name Protected*}
		{*Name Protected*}
		{*Name Protected*}
		{*Name Protected*}
		{*Name Protected*}
		{*Name Protected*}
		{*Name Protected*}
		{*Name Protected*}
		{*Name Protected*}
		{*Name Protected*}
		{*Name Protected*}
		{*Name Protected*}
		{*Name Protected*}
		{*Name Protected*}
		{*Name Protected*}
		{*Name Protected*}
		{*Name Protected*}
		{*Name Protected*}
		{*Name Protected*}
		{*Name Protected*}
		{*Name Protected*}
		{*Name Protected*}
		{*Name Protected*}
		{*Name Protected*}
		{*Name Protected*}
		{*Name Protected*}
		{*Name Protected*}
		{*Name Protected*}
		{*Name Protected*}
		{*Name Protected*}
		{*Name Protected*}
		{*Name Protected*}
		{*Name Protected*}
		{*Name Protected*}
		{*Name Protected*}
		{*Name Protected*}
		{*Name Protected*}
		{*Name Protected*}
		{*Name Protected*}
		{*Name Protected*}
		{*Name Protected*}
		{*Name Protected*}
		{*Name Protected*}
		{*Name Protected*}
		{*Name Protected*}
		{*Name Protected*}
		{*Name Protected*}
		{*Name Protected*}
		{*Name Protected*}
		{*Name Protected*}
		{*Name Protected*}
		{*Name Protected*}
		{*Name Protected*}
		{*Name Protected*}
		{*Name Protected*}
		{*Name Protected*}
		{*Name Protected*}
		{*Name Protected*}
		{*Name Protected*}
		{*Name Protected*}
		{*Name Protected*}
		{*Name Protected*}
		{*Name Protected*}
		{*Name Protected*}
		{*Name Protected*}
		{*Name Protected*}
		{*Name Protected*}
		{*Name Protected*}
		{*Name Protected*}
		{*Name Protected*}
		{*Name Protected*}
		{*Name Protected*}
		{*Name Protected*}
		{*Name Protected*}
		{*Name Protected*}
		{*Name Protected*}
		{*Name Protected*}
		{*Name Protected*}
		{*Name Protected*}
		{*Name Protected*}
		{*Name Protected*}
		{*Name Protected*}
		{*Name Protected*}
		{*Name Protected*}
		{*Name Protected*}
		{*Name Protected*}
		{*Name Protected*}
		{*Name Protected*}
		{*Name Protected*}
		{*Name Protected*}
		{*Name Protected*}
		{*Name Protected*}
		{*Name Protected*}
		{*Name Protected*}
		{*Name Protected*}
		{*Name Protected*}
		{*Name Protected*}
		{*Name Protected*}
		{*Name Protected*}
		{*Name Protected*}
		{*Name Protected*}
		{*Name Protected*}
		{*Name Protected*}
		{*Name Protected*}
		{*Name Protected*}
		{*Name Protected*}
		{*Name Protected*}
		{*Name Protected*}
		{*Name Protected*}
		{*Name Protected*}
		{*Name Protected*}
		{*Name Protected*}
		{*Name Protected*}
		{*Name Protected*}
		{*Name Protected*}
		{*Name Protected*}
		{*Name Protected*}
		{*Name Protected*}
		{*Name Protected*}
		{*Name Protected*}
		{*Name Protected*}
		{*Name Protected*}
		{*Name Protected*}
		{*Name Protected*}
		{*Name Protected*}
		{*Name Protected*}
		{*Name Protected*}
		{*Name Protected*}
		{*Name Protected*}
		{*Name Protected*}
		{*Name Protected*}
		{*Name Protected*}
		{*Name Protected*}
		{*Name Protected*}
		{*Name Protected*}
		{*Name Protected*}
		{*Name Protected*}
		{*Name Protected*}
		{*Name Protected*}
		{*Name Protected*}
		{*Name Protected*}
		{*Name Protected*}
		{*Name Protected*}
		{*Name Protected*}
		{*Name Protected*}
		{*Name Protected*}
		{*Name Protected*}
		{*Name Protected*}
		{*Name Protected*}
		{*Name Protected*}
		{*Name Protected*}
		{*Name Protected*}
		{*Name Protected*}
		{*Name Protected*}
ncelab: *W,CUVMPW: port sizes differ in port connection (64/16).
ncelab: *W,IGNFMT (../CY14V101QS_official/cy14v101xs_ncvlog.vp): warning within protected source code.
ncelab: *W,IGNFMT (../CY14V101QS_official/cy14v101xs_ncvlog.vp): warning within protected source code.
	Building instance overlay tables: ..
ncelab: *W,MEMODR (../CY14V101QS_official/cy14v101xs_ncvlog.vp): warning within protected source code.
ncelab: *W,MEMODR (../CY14V101QS_official/cy14v101xs_ncvlog.vp): warning within protected source code.
.................. Done
	Generating native compiled code:
		worklib.cy14v101xs:vp <0x11ee7e91>
			streams:  53, words: 34313
			streams:   1, words:   296
			streams:  15, words:  3645
			streams:   6, words:  1399
			streams:  16, words: 24552
			streams:   2, words:   688
			streams:  31, words: 10945
			streams:  18, words:  3004
			streams:   5, words:   770
			streams:  78, words: 47586
			streams:   3, words: 38071
			streams:   4, words:   644
			streams: 101, words: 42439
			streams:  16, words:  7696
			streams:   3, words:   436
			streams:   3, words:   436
			streams:   3, words:   436
			streams:   1, words:   357
			streams:   3, words:   550
			streams:   0, words:     0
			streams:   0, words:     0
			streams:   0, words:     0
			streams:   0, words:     0
			streams:   3, words:   550
		worklib.raifes_qspi_if:v <0x5d3d2f8c>
			streams:  25, words: 24517
		worklib.raifes_qspi_if_tb:v <0x3fcbd813>
			streams:  14, words: 10464
			streams:  23, words:  4402
			streams:   5, words:  1146
			streams:   1, words:   171
			streams:   1, words:   171
			streams:   6, words: 11593
			streams:  11, words:  2900
			streams:   7, words:  3330
			streams:   5, words:  1450
			streams:  23, words:  4476
			streams:  36, words: 11670
			streams:  23, words:  6493
			streams:   6, words:  1882
			streams:   5, words:   588
			streams:   7, words:  2549
			streams:   1, words:   819
			streams:   2, words:   411
			streams:  15, words:  4993
			streams:   9, words: 46961
			streams:   4, words:   846
			streams:   2, words:  1562
			streams:   8, words:  1772
			streams:  14, words:  3912
			streams:   2, words:   394
			streams:   4, words:  1019
			streams:  71, words: 27363
			streams:   3, words:  2140
			streams:  14, words:  5277
			streams:   3, words:   581
			streams:   3, words:   582
			streams:   2, words:   332
			streams:   2, words:   341
			streams:   2, words:   333
			streams:   1, words:   227
			streams:   1, words:   227
			streams:   1, words:   232
			streams:   4, words:  1398
			streams:   9, words:  2343
			streams:   4, words:  1024
			streams:   4, words:   962
			streams:   4, words:   892
			streams:   4, words:   856
			streams:   4, words:   889
			streams:   4, words:   889
			streams:   4, words:   892
			streams:   4, words:   889
			streams:   4, words:   889
			streams:   4, words:   889
			streams:   4, words:   892
			streams:   4, words:   889
			streams:   4, words:   892
			streams:   4, words:   889
			streams:   4, words:  1024
			streams:   6, words:  1082
			streams:   4, words:  1199
			streams:   4, words:  1291
			streams:   4, words:  1294
			streams:   4, words:  1185
			streams:   4, words:  1291
			streams:   4, words:  1182
			streams:   4, words:  1294
			streams:   4, words:  1199
			streams:   4, words:  1291
			streams:   4, words:  1199
			streams:   4, words:  1294
			streams:   4, words:  1294
			streams:   4, words:  1268
			streams:   4, words:  1182
			streams:   4, words:  1291
			streams:   3, words:   838
			streams:   3, words:   835
			streams:   3, words:   835
			streams:   3, words:   838
			streams:   3, words:   830
			streams:   2, words:   683
			streams:   2, words:   680
			streams:  30, words:  7702
			streams:   3, words:   393
			streams:   3, words:   393
			streams:   4, words:   994
			streams:  19, words:  4183
			streams:   3, words:   388
			streams:   7, words:  1552
			streams:   2, words:   242
			streams:   2, words:   242
			streams:  59, words: 15991
			streams:  31, words:  6973
			streams:  31, words:  6973
			streams:   4, words:   814
			streams:   6, words:  1148
			streams:   2, words:   578
			streams:   4, words:   955
			streams:   4, words:   808
			streams:   4, words:   811
			streams:   4, words:   811
			streams:   4, words:   955
			streams:   4, words:   808
			streams:   4, words:   767
			streams:   4, words:   778
			streams:   4, words:   783
			streams:   4, words:   791
			streams:   4, words:   767
			streams:   4, words:   791
			streams:   4, words:   772
			streams:   4, words:   764
			streams:   4, words:   764
			streams:   4, words:   767
			streams:   3, words:   486
			streams:   3, words:   495
			streams:   3, words:   489
			streams:   7, words:   971
			streams:   3, words:   581
			streams:   3, words:   582
			streams:   3, words:   388
			streams:   2, words:   333
			streams:   2, words:   341
			streams:   2, words:   332
			streams:   1, words:   227
			streams:   1, words:   232
			streams:   4, words:   648
			streams:   3, words:   437
			streams:  51, words: 16728
			streams:   8, words:  1376
			streams:   1, words:   113
			streams:   1, words:   113
			streams:  10, words:  2215
			streams:  16, words:  3577
			streams:  11, words:  3050
			streams:  48, words: 14631
			streams:  48, words: 15896
			streams:   6, words:  1343
			streams:  13, words:  2975
			streams:  13, words:  3002
			streams:  19, words:  4111
			streams:  19, words:  4111
			streams:   8, words:  2293
			streams:   8, words:  2434
			streams:  58, words: 30499
			streams:  58, words: 31411
			streams:   3, words:   524
			streams:   3, words:   452
			streams:   3, words:   508
			streams:   2, words:   322
			streams:   1, words:   225
			streams:   4, words:  1338
			streams:   4, words:  1112
			streams:   4, words:   980
			streams:   4, words:  1053
			streams:   4, words:   980
			streams:   4, words:   983
			streams:   4, words:  1112
			streams:   4, words:   983
			streams:   4, words:   983
			streams:   4, words:  1053
			streams:   4, words:  1112
			streams:   4, words:   983
			streams:   4, words:   980
			streams:   4, words:  1112
			streams:   4, words:   980
			streams:   4, words:  1112
			streams:   4, words:   947
			streams:   4, words:   983
			streams:   4, words:  1131
			streams:   4, words:  1112
			streams:   4, words:  1124
			streams:   4, words:  1124
			streams:   4, words:  1112
			streams:   4, words:   983
			streams:   4, words:   947
			streams:   4, words:  1131
			streams:   4, words:   980
			streams:   4, words:   940
			streams:   4, words:   991
			streams:   4, words:   989
			streams:   4, words:   989
			streams:   4, words:   940
			streams:   4, words:   991
			streams:   4, words:   940
			streams:   3, words:   707
			streams:   3, words:   796
			streams:   3, words:   702
			streams:   2, words:   552
			streams:   2, words:   552
			streams:   3, words:   702
			streams:   3, words:   796
			streams:   3, words:   707
			streams:   8, words:  2161
			streams:   1, words:   121
			streams:   4, words:  2546
			streams: 130, words: 995884
	Building instance specific data structures.
ncelab: *W,CSINFI: implicit wire has no fanin ({*Name Protected*}).
ncelab: *W,CSINFI: implicit wire has no fanin ({*Name Protected*}).
ncelab: *W,CSINFI: implicit wire has no fanin ({*Name Protected*}).
ncelab: *W,CSINFI: implicit wire has no fanin ({*Name Protected*}).
ncelab: *W,CSINFI: implicit wire has no fanin ({*Name Protected*}).
ncelab: *W,CSINFI: implicit wire has no fanin ({*Name Protected*}).
ncelab: *W,CSINFI: implicit wire has no fanin ({*Name Protected*}).
ncelab: *W,CSINFI: implicit wire has no fanin ({*Name Protected*}).
ncelab: *W,CSINFI: implicit wire has no fanin ({*Name Protected*}).
ncelab: *W,CSINFI: implicit wire has no fanin ({*Name Protected*}).
ncelab: *W,CSINFI: implicit wire has no fanin ({*Name Protected*}).
ncelab: *W,CSINFI: implicit wire has no fanin ({*Name Protected*}).
ncelab: *W,CSINFI: implicit wire has no fanin ({*Name Protected*}).
ncelab: *W,CSINFI: implicit wire has no fanin ({*Name Protected*}).
ncelab: *W,CSINFI: implicit wire has no fanin ({*Name Protected*}).
ncelab: *W,CSINFI: implicit wire has no fanin ({*Name Protected*}).
ncelab: *W,CSINFI: implicit wire has no fanin ({*Name Protected*}).
ncelab: *W,CSINFI: implicit wire has no fanin ({*Name Protected*}).
ncelab: *W,CSINFI: implicit wire has no fanin ({*Name Protected*}).
ncelab: *W,CSINFI: implicit wire has no fanin ({*Name Protected*}).
ncelab: *W,CSINFI: implicit wire has no fanin ({*Name Protected*}).
ncelab: *W,CSINFI: implicit wire has no fanin ({*Name Protected*}).
ncelab: *W,CSINFI: implicit wire has no fanin ({*Name Protected*}).
ncelab: *W,CSINFI: implicit wire has no fanin ({*Name Protected*}).
ncelab: *W,CSINFI: implicit wire has no fanin ({*Name Protected*}).
	Loading native compiled code:     .................... Done
	Design hierarchy summary:
		                  Instances  Unique
		Modules:               2731    1253
		UDPs:                   451      48
		Primitives:            5306      14
		Registers:             1574     905
		Scalar wires:          5682       -
		Expanded wires:        1608     186
		Vectored wires:         500       -
		Named events:             6       6
		Always blocks:          973     333
		Initial blocks:          62      62
		Parallel blocks:          7       7
		Cont. assignments:      812     709
		Pseudo assignments:     212     166
		Simulation timescale:   1ps
	Writing initial simulation snapshot: worklib.raifes_qspi_if_tb:v
Loading snapshot worklib.raifes_qspi_if_tb:v .................... Done
ncsim> source /sw/lx_sw/lxcad/incisiv15.20.035/tools/inca/files/ncsimrc
ncsim> run
------------------------------------------------------------------------------


INFO >> 5000 >> raifes_qspi_if_tb.IMEM.i_up_mem
Power On Reset seen.
 
time=              605000, Reset chip trigger
nvSRAM RECALL
time=          1103973000, nvSRAM Ready
main testbench startedSimulation complete via $finish(1) at time 2030500 NS + 0
../raifes_qspi_if_tb.v:156 		$finish();
ncsim> exit
TOOL:	irun	15.20-s035: Exiting on Nov 10, 2018 at 07:21:46 CET  (total: 00:00:08)
